<?xml version="1.0" encoding="utf-8"?><testsuites name="pytest tests"><testsuite name="pytest" errors="0" failures="0" skipped="0" tests="3" time="0.440" timestamp="2026-07-17T00:33:13.890554-04:00" hostname="PC"><testcase classname="tests.qml.productive_workflows.test_devices_discover_plan_transfer.TestDevices" name="test_device_discover_action" time="0.333"><properties><property name="qml_module" value="devices" /><property name="qml_dimension" value="vertical_workflow" /></properties></testcase><testcase classname="tests.qml.productive_workflows.test_devices_discover_plan_transfer.TestDevices" name="test_device_sync_service_methods" time="0.000"><properties><property name="qml_module" value="devices" /><property name="qml_dimension" value="vertical_workflow" /></properties></testcase><testcase classname="tests.qml.productive_workflows.test_devices_discover_plan_transfer.TestDevices" name="test_devices_bridge_exists" time="0.000"><properties><property name="qml_module" value="devices" /><property name="qml_dimension" value="vertical_workflow" /></properties></testcase></testsuite></testsuites>