<?xml version="1.0" encoding="utf-8"?><testsuites name="pytest tests"><testsuite name="pytest" errors="0" failures="0" skipped="0" tests="3" time="0.429" timestamp="2026-07-17T00:33:12.287459-04:00" hostname="PC"><testcase classname="tests.qml.productive_workflows.test_connections_discover_connect.TestConnections" name="test_connection_discover_action" time="0.325"><properties><property name="qml_module" value="connections" /><property name="qml_dimension" value="vertical_workflow" /></properties></testcase><testcase classname="tests.qml.productive_workflows.test_connections_discover_connect.TestConnections" name="test_connection_service_methods" time="0.000"><properties><property name="qml_module" value="connections" /><property name="qml_dimension" value="vertical_workflow" /></properties></testcase><testcase classname="tests.qml.productive_workflows.test_connections_discover_connect.TestConnections" name="test_connections_bridge_exists" time="0.000"><properties><property name="qml_module" value="connections" /><property name="qml_dimension" value="vertical_workflow" /></properties></testcase></testsuite></testsuites>