<?xml version="1.0" encoding="utf-8"?><testsuites name="pytest tests"><testsuite name="pytest" errors="0" failures="45" skipped="7" tests="1915" time="48.882" timestamp="2026-07-14T11:04:31.057813-04:00" hostname="PC"><testcase classname="tests.qml.accessibility.test_accessibility_all_routes.TestAccessibilityCommonComponents" name="test_michi_button_accessible" time="0.001" /><testcase classname="tests.qml.accessibility.test_accessibility_all_routes.TestAccessibilityCommonComponents" name="test_michi_slider_accessible" time="0.000" /><testcase classname="tests.qml.accessibility.test_accessibility_all_routes.TestAccessibilityCommonComponents" name="test_settings_row_accessible" time="0.000" /><testcase classname="tests.qml.accessibility.test_accessibility_all_routes.TestAccessibilityCommonComponents" name="test_settings_page_accessible" time="0.000" /><testcase classname="tests.qml.accessibility.test_accessibility_all_routes.TestAccessibilityCommonComponents" name="test_search_field_accessible" time="0.000" /><testcase classname="tests.qml.accessibility.test_accessibility_all_routes.TestAccessibilityCommonComponents" name="test_glass_card_accessible" time="0.000" /><testcase classname="tests.qml.accessibility.test_accessibility_all_routes.TestAccessibilityCommonComponents" name="test_status_badge_accessible" time="0.000" /><testcase classname="tests.qml.accessibility.test_accessibility_all_routes.TestAccessibilityCommonComponents" name="test_action_button_accessible" time="0.000" /><testcase classname="tests.qml.accessibility.test_accessibility_all_routes.TestAccessibilityCommonComponents" name="test_pages_home_accessible" time="0.000" /><testcase classname="tests.qml.accessibility.test_accessibility_all_routes.TestAccessibilityCommonComponents" name="test_pages_library_accessible" time="0.000"><skipped type="pytest.skip" message="SongRow.qml lacks Accessible properties (existing file)">/home/cristian/music_player/tests/qml/accessibility/test_accessibility_all_routes.py:128: SongRow.qml lacks Accessible properties (existing file)</skipped></testcase><testcase classname="tests.qml.accessibility.test_accessibility_all_routes.TestAccessibilityCommonComponents" name="test_double_spinbox_accessible" time="0.000" /><testcase classname="tests.qml.accessibility.test_accessibility_all_routes.TestAccessibilityCommonComponents" name="test_pages_now_playing_accessible" time="0.000" /><testcase classname="tests.qml.accessibility.test_accessibility_all_routes.TestAccessibilityCommonComponents" name="test_pages_settings_all_controls_have_accessible" time="0.000" /><testcase classname="tests.qml.accessibility.test_accessibility_all_routes.TestAccessibilityFocusAndKeyboard" name="test_focus_indicator_property" time="0.000" /><testcase classname="tests.qml.accessibility.test_accessibility_all_routes.TestAccessibilityFocusAndKeyboard" name="test_keyboard_nav_in_slider" time="0.000" /><testcase classname="tests.qml.accessibility.test_accessibility_all_routes.TestAccessibilityFocusAndKeyboard" name="test_settings_page_focusable" time="0.000" /><testcase classname="tests.qml.accessibility.test_accessibility_all_routes.TestAccessibilityFocusAndKeyboard" name="test_button_has_focus_policy" time="0.000" /><testcase classname="tests.qml.accessibility.test_accessibility_all_routes.TestAccessibilityFocusAndKeyboard" name="test_settings_row_button_role" time="0.000" /><testcase classname="tests.qml.accessibility.test_accessibility_all_routes.TestAccessibilityFocusAndKeyboard" name="test_slider_accessible_role" time="0.000" /><testcase classname="tests.qml.accessibility.test_accessibility_all_routes.TestAccessibilityContrastAndMotion" name="test_high_contrast_color_support" time="0.000" /><testcase classname="tests.qml.accessibility.test_accessibility_all_routes.TestAccessibilityContrastAndMotion" name="test_reduced_motion_support" time="0.000" /><testcase classname="tests.qml.accessibility.test_accessibility_all_routes.TestAccessibilityContrastAndMotion" name="test_motion_fast_respects_reduced" time="0.000" /><testcase classname="tests.qml.accessibility.test_accessibility_all_routes.TestAccessibilityContrastAndMotion" name="test_text_scaling_support" time="0.000" /><testcase classname="tests.qml.accessibility.test_accessibility_all_routes.TestAccessibilityContrastAndMotion" name="test_contrast_ratio_colors_different" time="0.000" /><testcase classname="tests.qml.accessibility.test_accessibility_all_routes.TestAccessibilityScreenReader" name="test_accessible_name_on_buttons" time="0.000" /><testcase classname="tests.qml.accessibility.test_accessibility_all_routes.TestAccessibilityScreenReader" name="test_accessible_description_on_buttons" time="0.000" /><testcase classname="tests.qml.accessibility.test_accessibility_all_routes.TestAccessibilityScreenReader" name="test_accessible_name_on_slider" time="0.000" /><testcase classname="tests.qml.accessibility.test_accessibility_all_routes.TestAccessibilityScreenReader" name="test_accessible_on_settings_page" time="0.000" /><testcase classname="tests.qml.accessibility.test_accessibility_all_routes.TestAccessibilityScreenReader" name="test_minimum_target_size_theme" time="0.000" /><testcase classname="tests.qml.accessibility.test_accessibility_all_routes.TestAccessibilityScreenReader" name="test_minimum_target_size_michitheme" time="0.000" /><testcase classname="tests.qml.accessibility.test_accessibility_all_routes.TestAccessibilityScreenReader" name="test_mono_backend_support" time="0.001" /><testcase classname="tests.qml.accessibility.test_accessibility_all_routes.TestAccessibilityScreenReader" name="test_balance_backend_support" time="0.000" /><testcase classname="tests.qml.ai.test_michi_ai_action_registry.TestMichiaiUsesActionRegistry" name="test_play_uses_action_registry" time="0.004" /><testcase classname="tests.qml.ai.test_michi_ai_action_registry.TestMichiaiUsesActionRegistry" name="test_queue_uses_track_action_service" time="0.002" /><testcase classname="tests.qml.ai.test_michi_ai_action_registry.TestMichiaiUsesActionRegistry" name="test_playlist_uses_playlist_service" time="0.002" /><testcase classname="tests.qml.ai.test_michi_ai_action_registry.TestMichiaiUsesActionRegistry" name="test_search_uses_global_search_service" time="0.002" /><testcase classname="tests.qml.ai.test_michi_ai_action_registry.TestMichiaiUsesActionRegistry" name="test_mix_action_route" time="0.002" /><testcase classname="tests.qml.ai.test_michi_ai_action_registry.TestMichiaiUsesActionRegistry" name="test_audio_lab_action_route" time="0.001" /><testcase classname="tests.qml.ai.test_michi_ai_action_registry.TestMichiaiUsesActionRegistry" name="test_metadata_action_dispatched" time="0.002" /><testcase classname="tests.qml.ai.test_michi_ai_action_registry.TestMichiaiUsesActionRegistry" name="test_doctor_action_route" time="0.002" /><testcase classname="tests.qml.ai.test_michi_ai_action_registry.TestMichiaiUsesActionRegistry" name="test_devices_action_route" time="0.001" /><testcase classname="tests.qml.ai.test_michi_ai_action_registry.TestMichiaiUsesActionRegistry" name="test_settings_action" time="0.002" /><testcase classname="tests.qml.ai.test_michi_ai_action_registry.TestMichiaiUsesActionRegistry" name="test_navigation_action" time="0.002" /><testcase classname="tests.qml.ai.test_michi_ai_action_registry.TestMichiaiUsesActionRegistry" name="test_diagnostics_action_uses_diagnostics_service" time="0.002" /><testcase classname="tests.qml.albums.test_album_detail_vertical" name="test_album_detail_initial_state" time="0.001" /><testcase classname="tests.qml.albums.test_album_detail_vertical" name="test_album_detail_refresh" time="0.001" /><testcase classname="tests.qml.albums.test_album_detail_vertical" name="test_album_detail_role_names" time="0.001" /><testcase classname="tests.qml.albums.test_album_detail_vertical" name="test_album_detail_all_roles" time="0.001" /><testcase classname="tests.qml.albums.test_album_detail_vertical" name="test_album_detail_second_album" time="0.002" /><testcase classname="tests.qml.albums.test_album_detail_vertical" name="test_album_detail_empty_without_qs" time="0.000" /><testcase classname="tests.qml.albums.test_album_detail_vertical" name="test_album_detail_cancel" time="0.001" /><testcase classname="tests.qml.albums.test_album_detail_vertical" name="test_album_detail_reset" time="0.001" /><testcase classname="tests.qml.albums.test_album_detail_vertical" name="test_album_detail_has_more" time="0.001" /><testcase classname="tests.qml.albums.test_album_detail_vertical" name="test_album_detail_fetch_more" time="0.001" /><testcase classname="tests.qml.albums.test_album_detail_vertical" name="test_album_detail_display_role" time="0.001" /><testcase classname="tests.qml.albums.test_album_detail_vertical" name="test_album_detail_invalid_index" time="0.001" /><testcase classname="tests.qml.albums.test_album_detail_vertical" name="test_album_detail_owner" time="0.001" /><testcase classname="tests.qml.albums.test_album_detail_vertical" name="test_album_detail_empty_state" time="0.001" /><testcase classname="tests.qml.albums.test_album_list_model" name="test_initial_state" time="0.001" /><testcase classname="tests.qml.albums.test_album_list_model" name="test_refresh_loads_data" time="0.001" /><testcase classname="tests.qml.albums.test_album_list_model" name="test_role_names" time="0.001" /><testcase classname="tests.qml.albums.test_album_list_model" name="test_data_access" time="0.001" /><testcase classname="tests.qml.albums.test_album_list_model" name="test_data_returns_none_for_invalid" time="0.001" /><testcase classname="tests.qml.albums.test_album_list_model" name="test_has_more" time="0.001" /><testcase classname="tests.qml.albums.test_album_list_model" name="test_fetch_more" time="0.001" /><testcase classname="tests.qml.albums.test_album_list_model" name="test_reset" time="0.001" /><testcase classname="tests.qml.albums.test_album_list_model" name="test_cancel" time="0.001" /><testcase classname="tests.qml.albums.test_album_list_model" name="test_owner" time="0.001" /><testcase classname="tests.qml.albums.test_album_list_model" name="test_fetch_count_no_qs" time="0.001" /><testcase classname="tests.qml.albums.test_album_list_model" name="test_fetch_page_no_qs" time="0.001" /><testcase classname="tests.qml.albums.test_album_list_model" name="test_empty_after_refresh" time="0.001" /><testcase classname="tests.qml.artists.test_artist_detail_vertical" name="test_bridge_artist_detail" time="0.001" /><testcase classname="tests.qml.artists.test_artist_detail_vertical" name="test_bridge_artist_detail_not_found" time="0.001" /><testcase classname="tests.qml.artists.test_artist_detail_vertical" name="test_bridge_artist_detail_no_qs" time="0.000" /><testcase classname="tests.qml.artists.test_artist_detail_vertical" name="test_bridge_play_artist" time="0.001" /><testcase classname="tests.qml.artists.test_artist_detail_vertical" name="test_bridge_play_artist_no_tracks" time="0.001" /><testcase classname="tests.qml.artists.test_artist_detail_vertical" name="test_bridge_play_artist_no_playback" time="0.001" /><testcase classname="tests.qml.artists.test_artist_detail_vertical" name="test_bridge_get_artist_albums" time="0.001" /><testcase classname="tests.qml.artists.test_artist_detail_vertical" name="test_bridge_get_artist_tracks" time="0.001" /><testcase classname="tests.qml.artists.test_artist_detail_vertical" name="test_bridge_artist_filter" time="0.003" /><testcase classname="tests.qml.artists.test_artist_detail_vertical" name="test_library_state_enum" time="0.000" /><testcase classname="tests.qml.artists.test_artist_detail_vertical" name="test_bridge_state_property" time="0.001" /><testcase classname="tests.qml.artists.test_artist_detail_vertical" name="test_bridge_initial_counts" time="0.001" /><testcase classname="tests.qml.artists.test_artist_detail_vertical" name="test_bridge_clear_filters" time="0.004" /><testcase classname="tests.qml.artists.test_artist_list_model" name="test_initial_state" time="0.001" /><testcase classname="tests.qml.artists.test_artist_list_model" name="test_refresh_loads_data" time="0.001" /><testcase classname="tests.qml.artists.test_artist_list_model" name="test_role_names" time="0.001" /><testcase classname="tests.qml.artists.test_artist_list_model" name="test_data_access" time="0.001" /><testcase classname="tests.qml.artists.test_artist_list_model" name="test_data_role_mapping" time="0.001" /><testcase classname="tests.qml.artists.test_artist_list_model" name="test_display_role" time="0.001" /><testcase classname="tests.qml.artists.test_artist_list_model" name="test_invalid_index" time="0.001" /><testcase classname="tests.qml.artists.test_artist_list_model" name="test_has_more" time="0.001" /><testcase classname="tests.qml.artists.test_artist_list_model" name="test_fetch_more" time="0.001" /><testcase classname="tests.qml.artists.test_artist_list_model" name="test_reset" time="0.001" /><testcase classname="tests.qml.artists.test_artist_list_model" name="test_cancel" time="0.001" /><testcase classname="tests.qml.artists.test_artist_list_model" name="test_no_query_service" time="0.000" /><testcase classname="tests.qml.artists.test_artist_list_model" name="test_owner" time="0.001" /><testcase classname="tests.qml.artists.test_artist_list_model" name="test_empty_state" time="0.001" /><testcase classname="tests.qml.audio_lab.test_audio_analysis.TestAudioAnalysis" name="test_analysis_service_created" time="0.002" /><testcase classname="tests.qml.audio_lab.test_audio_analysis.TestAudioAnalysis" name="test_analysis_file_not_found" time="0.001" /><testcase classname="tests.qml.audio_lab.test_audio_analysis.TestAudioAnalysis" name="test_analysis_disabled" time="0.001" /><testcase classname="tests.qml.audio_lab.test_audio_analysis.TestAudioAnalysis" name="test_analysis_backend_info" time="0.001" /><testcase classname="tests.qml.audio_lab.test_audio_analysis.TestAudioAnalysis" name="test_analysis_batch_empty" time="0.001" /><testcase classname="tests.qml.audio_lab.test_audio_analysis.TestAudioAnalysis" name="test_analysis_batch_with_missing" time="0.001" /><testcase classname="tests.qml.audio_lab.test_audio_analysis.TestAudioAnalysis" name="test_analysis_toggle_enabled" time="0.001" /><testcase classname="tests.qml.audio_lab.test_audio_conversion.TestAudioConversion" name="test_conversion_service_created" time="0.002" /><testcase classname="tests.qml.audio_lab.test_audio_conversion.TestAudioConversion" name="test_conversion_preview_missing_source" time="0.001" /><testcase classname="tests.qml.audio_lab.test_audio_conversion.TestAudioConversion" name="test_conversion_preview_unsupported_format" time="0.001" /><testcase classname="tests.qml.audio_lab.test_audio_conversion.TestAudioConversion" name="test_conversion_preview_existing_source" time="0.001" /><testcase classname="tests.qml.audio_lab.test_audio_conversion.TestAudioConversion" name="test_conversion_audio_only_formats" time="0.001" /><testcase classname="tests.qml.audio_lab.test_audio_conversion.TestAudioConversion" name="test_conversion_job_lifecycle" time="3.015" /><testcase classname="tests.qml.audio_lab.test_audio_conversion.TestAudioConversion" name="test_conversion_preview_collision" time="0.001" /><testcase classname="tests.qml.audio_lab.test_audio_conversion.TestAudioConversion" name="test_conversion_signal_connectivity" time="0.001" /><testcase classname="tests.qml.audio_lab.test_audio_integrity.TestAudioIntegrity" name="test_integrity_service_created" time="0.002" /><testcase classname="tests.qml.audio_lab.test_audio_integrity.TestAudioIntegrity" name="test_integrity_missing_file" time="0.001" /><testcase classname="tests.qml.audio_lab.test_audio_integrity.TestAudioIntegrity" name="test_integrity_unsupported_extension" time="0.021" /><testcase classname="tests.qml.audio_lab.test_audio_integrity.TestAudioIntegrity" name="test_integrity_mp3_header_invalid" time="0.001" /><testcase classname="tests.qml.audio_lab.test_audio_integrity.TestAudioIntegrity" name="test_integrity_flac_magic" time="0.001" /><testcase classname="tests.qml.audio_lab.test_audio_integrity.TestAudioIntegrity" name="test_integrity_checksum" time="0.001" /><testcase classname="tests.qml.audio_lab.test_audio_integrity.TestAudioIntegrity" name="test_integrity_duplicate_detection" time="0.001" /><testcase classname="tests.qml.audio_lab.test_audio_integrity.TestAudioIntegrity" name="test_integrity_no_duplicates" time="0.001" /><testcase classname="tests.qml.audio_lab.test_audio_jobs.TestAudioLabJobs" name="test_submit_probe" time="1.009" /><testcase classname="tests.qml.audio_lab.test_audio_jobs.TestAudioLabJobs" name="test_submit_analysis" time="1.007" /><testcase classname="tests.qml.audio_lab.test_audio_jobs.TestAudioLabJobs" name="test_submit_replaygain" time="0.001" /><testcase classname="tests.qml.audio_lab.test_audio_jobs.TestAudioLabJobs" name="test_submit_integrity" time="0.001" /><testcase classname="tests.qml.audio_lab.test_audio_jobs.TestAudioLabJobs" name="test_submit_comparison" time="0.001" /><testcase classname="tests.qml.audio_lab.test_audio_jobs.TestAudioLabJobs" name="test_cancel_job" time="0.001" /><testcase classname="tests.qml.audio_lab.test_audio_jobs.TestAudioLabJobs" name="test_cancel_nonexistent" time="0.001" /><testcase classname="tests.qml.audio_lab.test_audio_jobs.TestAudioLabJobs" name="test_list_jobs" time="0.002" /><testcase classname="tests.qml.audio_lab.test_audio_lab_service.TestAudioLabService" name="test_service_creates" time="0.001" /><testcase classname="tests.qml.audio_lab.test_audio_lab_service.TestAudioLabService" name="test_service_setup" time="0.004" /><testcase classname="tests.qml.audio_lab.test_audio_lab_service.TestAudioLabService" name="test_service_status" time="0.001" /><testcase classname="tests.qml.audio_lab.test_audio_lab_service.TestAudioLabService" name="test_service_properties" time="0.001" /><testcase classname="tests.qml.audio_lab.test_audio_lab_service.TestAudioLabService" name="test_service_signal_connectivity" time="0.202" /><testcase classname="tests.qml.audio_lab.test_audio_lab_service.TestAudioLabService" name="test_service_no_crash_without_deps" time="0.003" /><testcase classname="tests.qml.audio_lab.test_audio_lab_service.TestAudioLabService" name="test_probe_service_independent" time="0.001" /><testcase classname="tests.qml.audio_lab.test_audio_lab_service.TestAudioLabService" name="test_integrity_service_independent" time="0.001" /><testcase classname="tests.qml.audio_lab.test_audio_lab_service.TestAudioLabService" name="test_comparison_service_independent" time="0.001" /><testcase classname="tests.qml.audio_lab.test_replaygain.TestReplayGain" name="test_replaygain_service_created" time="0.001" /><testcase classname="tests.qml.audio_lab.test_replaygain.TestReplayGain" name="test_replaygain_track_missing" time="0.001" /><testcase classname="tests.qml.audio_lab.test_replaygain.TestReplayGain" name="test_replaygain_album_empty" time="0.001" /><testcase classname="tests.qml.audio_lab.test_replaygain.TestReplayGain" name="test_replaygain_remove_tags_missing" time="0.001" /><testcase classname="tests.qml.audio_lab.test_replaygain.TestReplayGain" name="test_replaygain_signal_connectivity" time="0.202" /><testcase classname="tests.qml.audio_lab.test_replaygain.TestReplayGain" name="test_replaygain_write_tags_signal" time="0.202" /><testcase classname="tests.qml.audio_lab.test_replaygain.TestReplayGain" name="test_replaygain_result_dataclass" time="0.001" /><testcase classname="tests.qml.audio_lab.test_replaygain.TestReplayGain" name="test_replaygain_album_computation" time="0.001" /><testcase classname="tests.qml.composition.test_common_contracts.TestOperationResultContract" name="test_has_ok_field" time="0.000" /><testcase classname="tests.qml.composition.test_common_contracts.TestOperationResultContract" name="test_has_code_field" time="0.000" /><testcase classname="tests.qml.composition.test_common_contracts.TestOperationResultContract" name="test_has_message_field" time="0.000" /><testcase classname="tests.qml.composition.test_common_contracts.TestOperationResultContract" name="test_has_details_field" time="0.000" /><testcase classname="tests.qml.composition.test_common_contracts.TestOperationResultContract" name="test_has_recoverable_field" time="0.000" /><testcase classname="tests.qml.composition.test_common_contracts.TestOperationResultContract" name="test_has_retryable_field" time="0.000" /><testcase classname="tests.qml.composition.test_common_contracts.TestOperationResultContract" name="test_has_requires_confirmation_field" time="0.001" /><testcase classname="tests.qml.composition.test_common_contracts.TestOperationResultContract" name="test_has_job_id_field" time="0.000" /><testcase classname="tests.qml.composition.test_common_contracts.TestOperationResultContract" name="test_has_affected_ids_field" time="0.000" /><testcase classname="tests.qml.composition.test_common_contracts.TestOperationResultContract" name="test_has_warnings_field" time="0.000" /><testcase classname="tests.qml.composition.test_common_contracts.TestValidationResultContract" name="test_has_valid_field" time="0.000" /><testcase classname="tests.qml.composition.test_common_contracts.TestValidationResultContract" name="test_has_errors_field" time="0.000" /><testcase classname="tests.qml.composition.test_common_contracts.TestValidationResultContract" name="test_has_warnings_field" time="0.000" /><testcase classname="tests.qml.composition.test_common_contracts.TestJobResultContract" name="test_has_ok_field" time="0.000" /><testcase classname="tests.qml.composition.test_common_contracts.TestJobResultContract" name="test_has_job_id_field" time="0.000" /><testcase classname="tests.qml.composition.test_common_contracts.TestJobResultContract" name="test_has_progress_field" time="0.000" /><testcase classname="tests.qml.composition.test_common_contracts.TestJobResultContract" name="test_has_results_field" time="0.000" /><testcase classname="tests.qml.composition.test_common_contracts.TestJobResultContract" name="test_has_errors_field" time="0.000" /><testcase classname="tests.qml.composition.test_common_contracts.TestOperationErrorContract" name="test_is_operation_result" time="0.000" /><testcase classname="tests.qml.composition.test_common_contracts.TestOperationErrorContract" name="test_ok_defaults_false" time="0.000" /><testcase classname="tests.qml.composition.test_common_contracts.TestOperationErrorContract" name="test_recoverable_defaults_false" time="0.000" /><testcase classname="tests.qml.composition.test_no_none_dependencies.TestOperationResultNoNone" name="test_default_ok" time="0.000" /><testcase classname="tests.qml.composition.test_no_none_dependencies.TestOperationResultNoNone" name="test_default_code_empty_string" time="0.000" /><testcase classname="tests.qml.composition.test_no_none_dependencies.TestOperationResultNoNone" name="test_default_message_empty_string" time="0.000" /><testcase classname="tests.qml.composition.test_no_none_dependencies.TestOperationResultNoNone" name="test_default_details_is_dict" time="0.000" /><testcase classname="tests.qml.composition.test_no_none_dependencies.TestOperationResultNoNone" name="test_default_warnings_is_list" time="0.000" /><testcase classname="tests.qml.composition.test_no_none_dependencies.TestOperationResultNoNone" name="test_default_affected_ids_is_list" time="0.000" /><testcase classname="tests.qml.composition.test_no_none_dependencies.TestValidationResult" name="test_default_valid_true" time="0.000" /><testcase classname="tests.qml.composition.test_no_none_dependencies.TestValidationResult" name="test_default_errors_empty" time="0.000" /><testcase classname="tests.qml.composition.test_no_none_dependencies.TestValidationResult" name="test_default_warnings_empty" time="0.000" /><testcase classname="tests.qml.composition.test_no_none_dependencies.TestJobResult" name="test_default_ok_true" time="0.000" /><testcase classname="tests.qml.composition.test_no_none_dependencies.TestJobResult" name="test_default_progress_zero" time="0.000" /><testcase classname="tests.qml.composition.test_no_none_dependencies.TestJobResult" name="test_default_errors_empty" time="0.000" /><testcase classname="tests.qml.composition.test_no_none_dependencies.TestOperationError" name="test_ok_is_false" time="0.000" /><testcase classname="tests.qml.composition.test_no_none_dependencies.TestOperationError" name="test_is_operation_result" time="0.000" /><testcase classname="tests.qml.composition.test_no_private_patching.TestBridgeFactoryNoPrivatePatching" name="test_no_underscore_service_patch_outside_init" time="0.001" /><testcase classname="tests.qml.composition.test_no_private_patching.TestBridgeFactoryNoPrivatePatching" name="test_no_underscore_svc_patch_on_bridge" time="0.000" /><testcase classname="tests.qml.composition.test_no_private_patching.TestBridgeFactoryNoPrivatePatching" name="test_no_underscore_lib_fallback" time="0.000" /><testcase classname="tests.qml.composition.test_no_private_patching.TestBridgeFactoryNoPrivatePatching" name="test_no_underscore_qe_fallback" time="0.000" /><testcase classname="tests.qml.composition.test_no_private_patching.TestBridgeFactoryNoPrivatePatching" name="test_attach_library_coordinator_exists" time="0.000" /><testcase classname="tests.qml.composition.test_service_toposort.TestServiceOrderIsList" name="test_service_order_is_list" time="0.000" /><testcase classname="tests.qml.composition.test_service_toposort.TestServiceOrderIsList" name="test_service_order_not_empty" time="0.000" /><testcase classname="tests.qml.composition.test_service_toposort.TestServiceOrderIsList" name="test_service_order_unique" time="0.000" /><testcase classname="tests.qml.composition.test_service_toposort.TestServiceOrderIsList" name="test_all_services_are_strings" time="0.000" /><testcase classname="tests.qml.composition.test_service_toposort.TestServiceDependencies" name="test_dependencies_is_dict" time="0.000" /><testcase classname="tests.qml.composition.test_service_toposort.TestServiceDependencies" name="test_dependency_values_are_sets" time="0.000" /><testcase classname="tests.qml.composition.test_service_toposort.TestServiceDependencies" name="test_dependencies_exist_in_order" time="0.000" /><testcase classname="tests.qml.composition.test_service_toposort.TestServiceDependencies" name="test_no_self_dependency" time="0.000" /><testcase classname="tests.qml.composition.test_service_toposort.TestResolveOrder" name="test_resolve_order_returns_list" time="0.000" /><testcase classname="tests.qml.composition.test_service_toposort.TestResolveOrder" name="test_resolve_order_contains_all" time="0.000" /><testcase classname="tests.qml.composition.test_service_toposort.TestResolveOrder" name="test_resolve_order_no_duplicates" time="0.000" /><testcase classname="tests.qml.composition.test_service_toposort.TestResolveOrder" name="test_dependencies_before_dependents" time="0.000" /><testcase classname="tests.qml.composition.test_service_toposort.TestResolveOrder" name="test_resolve_order_is_deterministic" time="0.000" /><testcase classname="tests.qml.diagnostics.test_diagnostics_repository.TestDiagnosticsRepository" name="test_integrity_pass_on_empty_db" time="0.001" /><testcase classname="tests.qml.diagnostics.test_diagnostics_repository.TestDiagnosticsRepository" name="test_integrity_with_tracks" time="0.001" /><testcase classname="tests.qml.diagnostics.test_diagnostics_repository.TestDiagnosticsRepository" name="test_integrity_fail_no_db" time="0.000" /><testcase classname="tests.qml.diagnostics.test_diagnostics_repository.TestDiagnosticsRepository" name="test_library_status_empty" time="0.000" /><testcase classname="tests.qml.diagnostics.test_diagnostics_repository.TestDiagnosticsRepository" name="test_library_status_with_tracks" time="0.001" /><testcase classname="tests.qml.diagnostics.test_diagnostics_repository.TestDiagnosticsRepository" name="test_library_status_missing_metadata" time="0.001" /><testcase classname="tests.qml.diagnostics.test_diagnostics_repository.TestDiagnosticsRepository" name="test_library_status_fail_no_db" time="0.000" /><testcase classname="tests.qml.diagnostics.test_diagnostics_repository.TestDiagnosticsRepository" name="test_integrity_returns_dict" time="0.001" /><testcase classname="tests.qml.diagnostics.test_diagnostics_repository.TestDiagnosticsRepository" name="test_library_status_returns_dict" time="0.000" /><testcase classname="tests.qml.disc_lab.test_disc_lab_contractual" name="test_status_unavailable_without_service" time="0.000" /><testcase classname="tests.qml.disc_lab.test_disc_lab_contractual" name="test_status_no_drive_with_service_no_drives" time="0.001" /><testcase classname="tests.qml.disc_lab.test_disc_lab_contractual" name="test_scan_disc_fails_when_no_drive" time="0.001" /><testcase classname="tests.qml.disc_lab.test_disc_lab_contractual" name="test_extraction_fails_when_not_scanned" time="0.000" /><testcase classname="tests.qml.disc_lab.test_disc_lab_contractual" name="test_cancel_extraction" time="0.000" /><testcase classname="tests.qml.disc_lab.test_disc_lab_contractual" name="test_set_format_valid" time="0.001" /><testcase classname="tests.qml.disc_lab.test_disc_lab_contractual" name="test_set_format_invalid" time="0.001" /><testcase classname="tests.qml.disc_lab.test_disc_lab_contractual" name="test_eject_clears_state" time="0.001" /><testcase classname="tests.qml.equalizer.test_eq_bands" name="test_band_count" time="0.000" /><testcase classname="tests.qml.equalizer.test_eq_bands" name="test_set_graphic_band_valid" time="0.001" /><testcase classname="tests.qml.equalizer.test_eq_bands" name="test_set_graphic_band_clamped" time="0.001" /><testcase classname="tests.qml.equalizer.test_eq_bands" name="test_set_graphic_band_invalid_index" time="0.001" /><testcase classname="tests.qml.equalizer.test_eq_bands" name="test_set_graphic_band_out_of_range" time="0.001" /><testcase classname="tests.qml.equalizer.test_eq_bands" name="test_set_parametric_band_valid" time="0.001" /><testcase classname="tests.qml.equalizer.test_eq_bands" name="test_set_parametric_band_invalid_index" time="0.001" /><testcase classname="tests.qml.equalizer.test_eq_bands" name="test_set_graphic_band_bitperfect_blocked" time="0.001" /><testcase classname="tests.qml.equalizer.test_eq_bands" name="test_graphic_bands_property" time="0.001" /><testcase classname="tests.qml.equalizer.test_eq_presets" name="test_refresh_presets" time="0.002" /><testcase classname="tests.qml.equalizer.test_eq_presets" name="test_apply_preset" time="0.002" /><testcase classname="tests.qml.equalizer.test_eq_presets" name="test_apply_empty_preset" time="0.001" /><testcase classname="tests.qml.equalizer.test_eq_presets" name="test_reset_eq" time="0.001" /><testcase classname="tests.qml.equalizer.test_eq_presets" name="test_import_preset" time="0.002" /><testcase classname="tests.qml.equalizer.test_eq_presets" name="test_export_preset" time="0.001" /><testcase classname="tests.qml.equalizer.test_eq_real_connection" name="test_backend_available_when_player_has_get_eq_state" time="0.001" /><testcase classname="tests.qml.equalizer.test_eq_real_connection" name="test_backend_unavailable_without_player" time="0.000" /><testcase classname="tests.qml.equalizer.test_eq_real_connection" name="test_bypass_toggle_reflects_state" time="0.001" /><testcase classname="tests.qml.equalizer.test_eq_real_connection" name="test_preamp_set_propagates_to_player" time="0.001" /><testcase classname="tests.qml.equalizer.test_eq_real_connection" name="test_preamp_clamped" time="0.001" /><testcase classname="tests.qml.equalizer.test_eq_real_connection" name="test_bitperfect_conflict_detection" time="0.001" /><testcase classname="tests.qml.equalizer.test_eq_real_connection" name="test_reset_clears_all_state" time="0.001" /><testcase classname="tests.qml.equalizer.test_eq_real_connection" name="test_save_and_restore_state" time="0.002" /><testcase classname="tests.qml.equalizer.test_eq_real_connection" name="test_clipping_warning_on_high_gain" time="0.001" /><testcase classname="tests.qml.equalizer.test_eq_real_connection" name="test_import_preset_with_invalid_bands" time="0.001" /><testcase classname="tests.qml.folders.test_folder_tree" name="test_initial_state" time="0.001" /><testcase classname="tests.qml.folders.test_folder_tree" name="test_refresh_loads_data" time="0.001" /><testcase classname="tests.qml.folders.test_folder_tree" name="test_role_names" time="0.001" /><testcase classname="tests.qml.folders.test_folder_tree" name="test_data_access" time="0.001" /><testcase classname="tests.qml.folders.test_folder_tree" name="test_folder_without_children" time="0.001" /><testcase classname="tests.qml.folders.test_folder_tree" name="test_folder_with_children" time="0.001" /><testcase classname="tests.qml.folders.test_folder_tree" name="test_refresh_with_parent" time="0.001" /><testcase classname="tests.qml.folders.test_folder_tree" name="test_no_query_service" time="0.000" /><testcase classname="tests.qml.folders.test_folder_tree" name="test_reset" time="0.001" /><testcase classname="tests.qml.folders.test_folder_tree" name="test_cancel" time="0.001" /><testcase classname="tests.qml.folders.test_folder_tree" name="test_owner" time="0.001" /><testcase classname="tests.qml.history.test_history_actions" name="test_clear_history_empty" time="0.001" /><testcase classname="tests.qml.history.test_history_actions" name="test_clear_history_then_new_entry" time="0.001" /><testcase classname="tests.qml.history.test_history_actions" name="test_remove_nonexistent" time="0.001" /><testcase classname="tests.qml.history.test_history_actions" name="test_bulk_remove" time="0.001" /><testcase classname="tests.qml.history.test_history_actions" name="test_retention_removes_old" time="0.001" /><testcase classname="tests.qml.history.test_history_actions" name="test_filter_artist" time="0.001" /><testcase classname="tests.qml.history.test_history_actions" name="test_filter_device" time="0.001" /><testcase classname="tests.qml.history.test_history_actions" name="test_filter_chain" time="0.001" /><testcase classname="tests.qml.history.test_history_actions" name="test_search_by_title" time="0.001" /><testcase classname="tests.qml.history.test_history_pagination_sql" name="test_fetch_history_returns_paginated" time="0.001" /><testcase classname="tests.qml.history.test_history_pagination_sql" name="test_fetch_history_offset_works" time="0.001" /><testcase classname="tests.qml.history.test_history_pagination_sql" name="test_fetch_history_joins_media" time="0.001" /><testcase classname="tests.qml.history.test_history_pagination_sql" name="test_count_history" time="0.001" /><testcase classname="tests.qml.history.test_history_pagination_sql" name="test_count_history_with_artist_filter" time="0.001" /><testcase classname="tests.qml.history.test_history_pagination_sql" name="test_no_n_plus_one" time="0.001" /><testcase classname="tests.qml.history.test_history_pagination_sql" name="test_remove_history_item" time="0.001" /><testcase classname="tests.qml.history.test_history_pagination_sql" name="test_clear_history" time="0.001" /><testcase classname="tests.qml.history.test_history_pagination_sql" name="test_apply_retention" time="0.001" /><testcase classname="tests.qml.history.test_history_pagination_sql" name="test_record_play" time="0.001" /><testcase classname="tests.qml.history.test_history_pagination_sql" name="test_search_filter" time="0.001" /><testcase classname="tests.qml.history.test_history_pagination_sql" name="test_device_filter" time="0.002" /><testcase classname="tests.qml.history.test_history_service_actions" name="test_export_history_creates_file" time="0.002"><failure message="AttributeError: 'HistoryBridge' object has no attribute 'exportHistory'">bridge = &lt;ui_qml_bridge.history_bridge.HistoryBridge(0x55732c40b140) at 0x7fd3cbf81f40&gt;
tmp_path = PosixPath('/tmp/pytest-of-cristian/pytest-309/test_export_history_creates_fi0')

    def test_export_history_creates_file(bridge, tmp_path):
        out = tmp_path / "history.json"
&gt;       result = bridge.exportHistory(str(out))
                 ^^^^^^^^^^^^^^^^^^^^
E       AttributeError: 'HistoryBridge' object has no attribute 'exportHistory'

tests/qml/history/test_history_service_actions.py:78: AttributeError</failure></testcase><testcase classname="tests.qml.history.test_history_service_actions" name="test_export_history_empty_path_fails" time="0.001"><failure message="AttributeError: 'HistoryBridge' object has no attribute 'exportHistory'">bridge = &lt;ui_qml_bridge.history_bridge.HistoryBridge(0x55732c26d530) at 0x7fd3cbf7da40&gt;

    def test_export_history_empty_path_fails(bridge):
&gt;       result = bridge.exportHistory("")
                 ^^^^^^^^^^^^^^^^^^^^
E       AttributeError: 'HistoryBridge' object has no attribute 'exportHistory'

tests/qml/history/test_history_service_actions.py:89: AttributeError</failure></testcase><testcase classname="tests.qml.history.test_history_service_actions" name="test_play_history_item_with_playback_service" time="0.001"><failure message="AttributeError: 'HistoryBridge' object has no attribute 'playHistoryItem'">bridge = &lt;ui_qml_bridge.history_bridge.HistoryBridge(0x55732c42eb30) at 0x7fd3cc0ec240&gt;
hqs = &lt;core.history_query_service.HistoryQueryService object at 0x7fd3cc0ed1d0&gt;
mock_playback = &lt;MagicMock id='140547636453712'&gt;

    def test_play_history_item_with_playback_service(bridge, hqs, mock_playback):
        bridge._playback_svc = mock_playback
&gt;       result = bridge.playHistoryItem("1")
                 ^^^^^^^^^^^^^^^^^^^^^^
E       AttributeError: 'HistoryBridge' object has no attribute 'playHistoryItem'

tests/qml/history/test_history_service_actions.py:95: AttributeError</failure></testcase><testcase classname="tests.qml.history.test_history_service_actions" name="test_play_history_item_no_service_returns_error" time="0.001"><failure message="AttributeError: 'HistoryBridge' object has no attribute 'playHistoryItem'">bridge = &lt;ui_qml_bridge.history_bridge.HistoryBridge(0x55732c494d50) at 0x7fd3cbf80280&gt;

    def test_play_history_item_no_service_returns_error(bridge):
&gt;       result = bridge.playHistoryItem("1")
                 ^^^^^^^^^^^^^^^^^^^^^^
E       AttributeError: 'HistoryBridge' object has no attribute 'playHistoryItem'

tests/qml/history/test_history_service_actions.py:100: AttributeError</failure></testcase><testcase classname="tests.qml.history.test_history_service_actions" name="test_play_history_item_with_action_registry" time="0.001"><failure message="AttributeError: 'HistoryBridge' object has no attribute 'playHistoryItem'">bridge = &lt;ui_qml_bridge.history_bridge.HistoryBridge(0x55732c4485a0) at 0x7fd3cbf85d00&gt;
mock_action_registry = &lt;MagicMock id='140547636882768'&gt;

    def test_play_history_item_with_action_registry(bridge, mock_action_registry):
        bridge._action_registry = mock_action_registry
        bridge._playback_svc = None
&gt;       result = bridge.playHistoryItem("1")
                 ^^^^^^^^^^^^^^^^^^^^^^
E       AttributeError: 'HistoryBridge' object has no attribute 'playHistoryItem'

tests/qml/history/test_history_service_actions.py:107: AttributeError</failure></testcase><testcase classname="tests.qml.history.test_history_service_actions" name="test_remove_history_event_by_id" time="0.001"><failure message="AttributeError: 'HistoryBridge' object has no attribute 'removeHistoryEvent'">bridge = &lt;ui_qml_bridge.history_bridge.HistoryBridge(0x55732c4533e0) at 0x7fd3cbf26400&gt;
hqs = &lt;core.history_query_service.HistoryQueryService object at 0x7fd3cbf27cd0&gt;

    def test_remove_history_event_by_id(bridge, hqs):
&gt;       result = bridge.removeHistoryEvent("1")
                 ^^^^^^^^^^^^^^^^^^^^^^^^^
E       AttributeError: 'HistoryBridge' object has no attribute 'removeHistoryEvent'

tests/qml/history/test_history_service_actions.py:113: AttributeError</failure></testcase><testcase classname="tests.qml.history.test_history_service_actions" name="test_remove_nonexistent_event" time="0.001"><failure message="AttributeError: 'HistoryBridge' object has no attribute 'removeHistoryEvent'">bridge = &lt;ui_qml_bridge.history_bridge.HistoryBridge(0x55732c4c2080) at 0x7fd3cb60f600&gt;

    def test_remove_nonexistent_event(bridge):
&gt;       result = bridge.removeHistoryEvent("999")
                 ^^^^^^^^^^^^^^^^^^^^^^^^^
E       AttributeError: 'HistoryBridge' object has no attribute 'removeHistoryEvent'

tests/qml/history/test_history_service_actions.py:119: AttributeError</failure></testcase><testcase classname="tests.qml.history.test_history_service_actions" name="test_clear_history" time="0.001" /><testcase classname="tests.qml.history.test_history_service_actions" name="test_clear_history_then_refresh_empty" time="0.001" /><testcase classname="tests.qml.history.test_history_service_actions" name="test_apply_retention_policy" time="0.001"><failure message="AttributeError: 'HistoryBridge' object has no attribute 'applyRetention'">bridge = &lt;ui_qml_bridge.history_bridge.HistoryBridge(0x55732c56d3d0) at 0x7fd3cb61e980&gt;
hqs = &lt;core.history_query_service.HistoryQueryService object at 0x7fd3cb61f9d0&gt;

    def test_apply_retention_policy(bridge, hqs):
        old_time = time.time() - 10000000
        hqs._db.conn.execute("INSERT INTO play_history (track_id, played_at, device) VALUES (?, ?, ?)",
                             ("old_track", old_time, "local"))
        hqs._db.conn.commit()
&gt;       result = bridge.applyRetention(json.dumps({"max_age_days": 1}))
                 ^^^^^^^^^^^^^^^^^^^^^
E       AttributeError: 'HistoryBridge' object has no attribute 'applyRetention'

tests/qml/history/test_history_service_actions.py:141: AttributeError</failure></testcase><testcase classname="tests.qml.library.test_album_repository.TestAlbumRepository" name="test_empty_count" time="0.001" /><testcase classname="tests.qml.library.test_album_repository.TestAlbumRepository" name="test_single_album" time="0.001" /><testcase classname="tests.qml.library.test_album_repository.TestAlbumRepository" name="test_get_by_key" time="0.001" /><testcase classname="tests.qml.library.test_album_repository.TestAlbumRepository" name="test_get_by_key_not_found" time="0.001" /><testcase classname="tests.qml.library.test_album_repository.TestAlbumRepository" name="test_get_page_sorted" time="0.001" /><testcase classname="tests.qml.library.test_album_repository.TestAlbumRepository" name="test_get_page_pagination" time="0.001" /><testcase classname="tests.qml.library.test_album_repository.TestAlbumRepository" name="test_search" time="0.001" /><testcase classname="tests.qml.library.test_album_repository.TestAlbumRepository" name="test_tracks_for_album" time="0.001" /><testcase classname="tests.qml.library.test_album_repository.TestAlbumRepository" name="test_multi_disc_detected" time="0.001" /><testcase classname="tests.qml.library.test_album_repository.TestAlbumRepository" name="test_multi_disc_single" time="0.001" /><testcase classname="tests.qml.library.test_album_repository.TestAlbumRepository" name="test_filter_by_year" time="0.001" /><testcase classname="tests.qml.library.test_artist_repository.TestArtistRepository" name="test_empty_count" time="0.001" /><testcase classname="tests.qml.library.test_artist_repository.TestArtistRepository" name="test_count" time="0.001" /><testcase classname="tests.qml.library.test_artist_repository.TestArtistRepository" name="test_get_by_name" time="0.001" /><testcase classname="tests.qml.library.test_artist_repository.TestArtistRepository" name="test_get_by_name_not_found" time="0.001" /><testcase classname="tests.qml.library.test_artist_repository.TestArtistRepository" name="test_get_page" time="0.001" /><testcase classname="tests.qml.library.test_artist_repository.TestArtistRepository" name="test_get_page_pagination" time="0.001" /><testcase classname="tests.qml.library.test_artist_repository.TestArtistRepository" name="test_search" time="0.002" /><testcase classname="tests.qml.library.test_artist_repository.TestArtistRepository" name="test_albums_for_artist" time="0.001" /><testcase classname="tests.qml.library.test_artist_repository.TestArtistRepository" name="test_tracks_for_artist" time="0.001" /><testcase classname="tests.qml.library.test_artist_repository.TestArtistRepository" name="test_compilations" time="0.001" /><testcase classname="tests.qml.library.test_folder_repository.TestFolderRepository" name="test_empty" time="0.000" /><testcase classname="tests.qml.library.test_folder_repository.TestFolderRepository" name="test_count" time="0.000" /><testcase classname="tests.qml.library.test_folder_repository.TestFolderRepository" name="test_tree" time="0.000" /><testcase classname="tests.qml.library.test_folder_repository.TestFolderRepository" name="test_children" time="0.001" /><testcase classname="tests.qml.library.test_folder_repository.TestFolderRepository" name="test_parents" time="0.000" /><testcase classname="tests.qml.library.test_folder_repository.TestFolderRepository" name="test_breadcrumb" time="0.000" /><testcase classname="tests.qml.library.test_folder_repository.TestFolderRepository" name="test_breadcrumb_root" time="0.000" /><testcase classname="tests.qml.library.test_folder_repository.TestFolderRepository" name="test_count_with_parent" time="0.001" /><testcase classname="tests.qml.library.test_folder_repository.TestFolderRepository" name="test_tree_excludes_deleted" time="0.000" /><testcase classname="tests.qml.library.test_genre_repository.TestGenreRepository" name="test_empty" time="0.001" /><testcase classname="tests.qml.library.test_genre_repository.TestGenreRepository" name="test_count" time="0.001" /><testcase classname="tests.qml.library.test_genre_repository.TestGenreRepository" name="test_get_all" time="0.001" /><testcase classname="tests.qml.library.test_genre_repository.TestGenreRepository" name="test_get_page" time="0.001" /><testcase classname="tests.qml.library.test_genre_repository.TestGenreRepository" name="test_get_page_sorted" time="0.001" /><testcase classname="tests.qml.library.test_genre_repository.TestGenreRepository" name="test_tracks_for_genre" time="0.001" /><testcase classname="tests.qml.library.test_library_actions" name="test_action_registry_init" time="0.000" /><testcase classname="tests.qml.library.test_library_actions" name="test_action_registry_track_actions" time="0.000" /><testcase classname="tests.qml.library.test_library_actions" name="test_action_registry_album_actions" time="0.000" /><testcase classname="tests.qml.library.test_library_actions" name="test_action_registry_artist_actions" time="0.000" /><testcase classname="tests.qml.library.test_library_actions" name="test_action_registry_folder_actions" time="0.000" /><testcase classname="tests.qml.library.test_library_actions" name="test_action_registry_source_actions" time="0.000" /><testcase classname="tests.qml.library.test_library_actions" name="test_destructive_actions" time="0.000" /><testcase classname="tests.qml.library.test_library_actions" name="test_register_custom_action" time="0.000" /><testcase classname="tests.qml.library.test_library_actions" name="test_execute_action_no_handler" time="0.000" /><testcase classname="tests.qml.library.test_library_actions" name="test_execute_action_with_handler" time="0.000" /><testcase classname="tests.qml.library.test_library_actions" name="test_execute_nonexistent" time="0.000" /><testcase classname="tests.qml.library.test_library_actions" name="test_execute_disabled" time="0.000" /><testcase classname="tests.qml.library.test_library_actions" name="test_get_by_category" time="0.000" /><testcase classname="tests.qml.library.test_library_actions" name="test_actions_property" time="0.000" /><testcase classname="tests.qml.library.test_library_actions" name="test_visible_actions_only" time="0.000" /><testcase classname="tests.qml.library.test_library_actions" name="test_track_analyze_actions" time="0.000" /><testcase classname="tests.qml.library.test_library_actions" name="test_track_delete_actions" time="0.000" /><testcase classname="tests.qml.library.test_library_context_menu" name="test_context_menu_play_actions_exist" time="0.000" /><testcase classname="tests.qml.library.test_library_context_menu" name="test_context_menu_favorite_actions_exist" time="0.000" /><testcase classname="tests.qml.library.test_library_context_menu" name="test_context_menu_playlist_action" time="0.000" /><testcase classname="tests.qml.library.test_library_context_menu" name="test_context_menu_navigation_actions_exist" time="0.000" /><testcase classname="tests.qml.library.test_library_context_menu" name="test_context_menu_metadata_action" time="0.000" /><testcase classname="tests.qml.library.test_library_context_menu" name="test_context_menu_audio_lab_actions_exist" time="0.000" /><testcase classname="tests.qml.library.test_library_context_menu" name="test_context_menu_integrity_action" time="0.000" /><testcase classname="tests.qml.library.test_library_context_menu" name="test_context_menu_device_sync_action" time="0.000" /><testcase classname="tests.qml.library.test_library_context_menu" name="test_context_menu_properties_action" time="0.000" /><testcase classname="tests.qml.library.test_library_context_menu" name="test_context_menu_remove_action" time="0.000" /><testcase classname="tests.qml.library.test_library_context_menu" name="test_context_menu_all_actions_have_titles" time="0.000" /><testcase classname="tests.qml.library.test_library_events.TestLibraryEvents" name="test_track_added" time="0.000" /><testcase classname="tests.qml.library.test_library_events.TestLibraryEvents" name="test_track_added_default" time="0.000" /><testcase classname="tests.qml.library.test_library_events.TestLibraryEvents" name="test_track_updated" time="0.000" /><testcase classname="tests.qml.library.test_library_events.TestLibraryEvents" name="test_track_removed" time="0.000" /><testcase classname="tests.qml.library.test_library_events.TestLibraryEvents" name="test_track_missing_changed" time="0.000" /><testcase classname="tests.qml.library.test_library_events.TestLibraryEvents" name="test_favorite_changed" time="0.000" /><testcase classname="tests.qml.library.test_library_events.TestLibraryEvents" name="test_play_count_changed" time="0.000" /><testcase classname="tests.qml.library.test_library_events.TestLibraryEvents" name="test_album_changed" time="0.000" /><testcase classname="tests.qml.library.test_library_events.TestLibraryEvents" name="test_artist_changed" time="0.000" /><testcase classname="tests.qml.library.test_library_events.TestLibraryEvents" name="test_source_changed" time="0.000" /><testcase classname="tests.qml.library.test_library_events.TestLibraryEvents" name="test_scan_started" time="0.000" /><testcase classname="tests.qml.library.test_library_events.TestLibraryEvents" name="test_scan_progress" time="0.000" /><testcase classname="tests.qml.library.test_library_events.TestLibraryEvents" name="test_scan_finished" time="0.000" /><testcase classname="tests.qml.library.test_library_events.TestLibraryEvents" name="test_all_events_are_dataclasses" time="0.000" /><testcase classname="tests.qml.library.test_library_fetch_more" name="test_fetch_more_basic" time="0.002" /><testcase classname="tests.qml.library.test_library_fetch_more" name="test_fetch_more_complete" time="0.001" /><testcase classname="tests.qml.library.test_library_fetch_more" name="test_can_fetch_more" time="0.001" /><testcase classname="tests.qml.library.test_library_fetch_more" name="test_fetch_more_during_loading" time="0.001" /><testcase classname="tests.qml.library.test_library_fetch_more" name="test_fetch_more_after_dispose" time="0.001" /><testcase classname="tests.qml.library.test_library_fetch_more" name="test_fetch_more_data_integrity" time="0.001" /><testcase classname="tests.qml.library.test_library_identity.TestTrackIdentity" name="test_constructor" time="0.000" /><testcase classname="tests.qml.library.test_library_identity.TestTrackIdentity" name="test_from_filepath" time="0.000" /><testcase classname="tests.qml.library.test_library_identity.TestTrackIdentity" name="test_from_row" time="0.000" /><testcase classname="tests.qml.library.test_library_identity.TestTrackIdentity" name="test_from_row_minimal" time="0.000" /><testcase classname="tests.qml.library.test_library_identity.TestTrackIdentity" name="test_frozen" time="0.000" /><testcase classname="tests.qml.library.test_library_identity.TestAlbumIdentity" name="test_constructor" time="0.000" /><testcase classname="tests.qml.library.test_library_identity.TestAlbumIdentity" name="test_frozen" time="0.000" /><testcase classname="tests.qml.library.test_library_identity.TestArtistIdentity" name="test_constructor" time="0.000" /><testcase classname="tests.qml.library.test_library_identity.TestArtistIdentity" name="test_default_sort" time="0.000" /><testcase classname="tests.qml.library.test_library_page_real" name="test_initial_state" time="0.001" /><testcase classname="tests.qml.library.test_library_page_real" name="test_state_changes_to_ready" time="0.002" /><testcase classname="tests.qml.library.test_library_page_real" name="test_song_count_from_db" time="0.003" /><testcase classname="tests.qml.library.test_library_page_real" name="test_album_count_from_db" time="0.065" /><testcase classname="tests.qml.library.test_library_page_real" name="test_artist_count_from_db" time="0.002" /><testcase classname="tests.qml.library.test_library_page_real" name="test_search_query" time="0.002" /><testcase classname="tests.qml.library.test_library_page_real" name="test_format_filter" time="0.002" /><testcase classname="tests.qml.library.test_library_page_real" name="test_genre_filter" time="0.002" /><testcase classname="tests.qml.library.test_library_page_real" name="test_clear_filters" time="0.003"><failure message="AssertionError: assert 'test' == ''&#10;  &#10;  + test">bridge = &lt;ui_qml_bridge.library_bridge.LibraryBridge(0x55732c51a340) at 0x7fd3f91cf5c0&gt;

    def test_clear_filters(bridge):
        bridge.setFormatFilter("FLAC")
        bridge.setSearchQuery("test")
        bridge.clearFilters()
        assert bridge.activeFormatFilter == ""
&gt;       assert bridge.searchQuery == ""
E       AssertionError: assert 'test' == ''
E         
E         + test

tests/qml/library/test_library_page_real.py:147: AssertionError</failure></testcase><testcase classname="tests.qml.library.test_library_page_real" name="test_sort_by" time="0.003" /><testcase classname="tests.qml.library.test_library_page_real" name="test_has_more_songs" time="0.002" /><testcase classname="tests.qml.library.test_library_page_real" name="test_play_track_by_id_not_found" time="0.002" /><testcase classname="tests.qml.library.test_library_page_real" name="test_enqueue_track_by_id_not_found" time="0.002" /><testcase classname="tests.qml.library.test_library_page_real" name="test_toggle_favorite_by_id_nonexistent" time="0.002" /><testcase classname="tests.qml.library.test_library_page_real" name="test_favorites_filter" time="0.002" /><testcase classname="tests.qml.library.test_library_page_real" name="test_missing_filter" time="0.002" /><testcase classname="tests.qml.library.test_library_page_real" name="test_unplayed_filter" time="0.002" /><testcase classname="tests.qml.library.test_library_selection" name="test_selection_bar_toggle" time="0.000" /><testcase classname="tests.qml.library.test_library_selection" name="test_selection_bar_clear" time="0.000" /><testcase classname="tests.qml.library.test_library_selection" name="test_selection_bar_count" time="0.000" /><testcase classname="tests.qml.library.test_library_selection" name="test_multi_select_add" time="0.000" /><testcase classname="tests.qml.library.test_library_selection" name="test_multi_select_remove" time="0.000" /><testcase classname="tests.qml.library.test_library_selection" name="test_select_all" time="0.000" /><testcase classname="tests.qml.library.test_library_selection" name="test_range_selection" time="0.000" /><testcase classname="tests.qml.library.test_library_selection" name="test_ctrl_click" time="0.000" /><testcase classname="tests.qml.library.test_library_selection" name="test_shift_click" time="0.000" /><testcase classname="tests.qml.library.test_library_selection" name="test_escape_clears" time="0.000" /><testcase classname="tests.qml.library.test_library_selection" name="test_selection_persists_across_pages" time="0.000" /><testcase classname="tests.qml.library.test_library_selection" name="test_selection_deduplication" time="0.000" /><testcase classname="tests.qml.library.test_library_selection" name="test_selection_empty" time="0.000" /><testcase classname="tests.qml.library.test_library_selection" name="test_favorite_toggle" time="0.003" /><testcase classname="tests.qml.library.test_library_selection" name="test_favorite_unfavorite" time="0.002" /><testcase classname="tests.qml.library.test_library_states" name="test_initial_state" time="0.001" /><testcase classname="tests.qml.library.test_library_states" name="test_state_property" time="0.001" /><testcase classname="tests.qml.library.test_library_states" name="test_all_states_defined" time="0.000" /><testcase classname="tests.qml.library.test_library_states" name="test_state_transitions" time="0.000" /><testcase classname="tests.qml.library.test_library_states" name="test_ready_state_counts" time="0.001" /><testcase classname="tests.qml.library.test_library_states" name="test_error_message_property" time="0.001" /><testcase classname="tests.qml.library.test_library_states" name="test_active_sort_properties" time="0.001" /><testcase classname="tests.qml.library.test_library_states" name="test_page_size_property" time="0.001" /><testcase classname="tests.qml.library.test_library_states" name="test_search_query_property" time="0.000" /><testcase classname="tests.qml.library.test_library_states" name="test_visible_count_delegates" time="0.001" /><testcase classname="tests.qml.library.test_library_states" name="test_has_more_songs_delegates" time="0.001" /><testcase classname="tests.qml.library.test_library_states" name="test_favorite_filters" time="0.001" /><testcase classname="tests.qml.library.test_library_states" name="test_format_filter_readback" time="0.000" /><testcase classname="tests.qml.library.test_library_states" name="test_genre_filter_readback" time="0.000" /><testcase classname="tests.qml.library.test_library_stats_repository.TestLibraryStatsRepository" name="test_empty" time="0.001" /><testcase classname="tests.qml.library.test_library_stats_repository.TestLibraryStatsRepository" name="test_total_tracks" time="0.001" /><testcase classname="tests.qml.library.test_library_stats_repository.TestLibraryStatsRepository" name="test_total_albums" time="0.001" /><testcase classname="tests.qml.library.test_library_stats_repository.TestLibraryStatsRepository" name="test_total_artists" time="0.001" /><testcase classname="tests.qml.library.test_library_stats_repository.TestLibraryStatsRepository" name="test_total_duration" time="0.000" /><testcase classname="tests.qml.library.test_library_stats_repository.TestLibraryStatsRepository" name="test_total_size" time="0.000" /><testcase classname="tests.qml.library.test_library_stats_repository.TestLibraryStatsRepository" name="test_by_format" time="0.001" /><testcase classname="tests.qml.library.test_library_stats_repository.TestLibraryStatsRepository" name="test_by_year" time="0.001" /><testcase classname="tests.qml.library.test_library_track_table" name="test_initial_state" time="0.001" /><testcase classname="tests.qml.library.test_library_track_table" name="test_refresh_loads" time="0.001" /><testcase classname="tests.qml.library.test_library_track_table" name="test_role_names" time="0.001" /><testcase classname="tests.qml.library.test_library_track_table" name="test_data_access" time="0.001" /><testcase classname="tests.qml.library.test_library_track_table" name="test_second_track" time="0.001" /><testcase classname="tests.qml.library.test_library_track_table" name="test_display_role" time="0.001" /><testcase classname="tests.qml.library.test_library_track_table" name="test_invalid_index" time="0.001" /><testcase classname="tests.qml.library.test_library_track_table" name="test_has_more" time="0.001" /><testcase classname="tests.qml.library.test_library_track_table" name="test_fetch_more" time="0.001" /><testcase classname="tests.qml.library.test_library_track_table" name="test_sort_toggle" time="0.001" /><testcase classname="tests.qml.library.test_library_track_table" name="test_search_filter" time="0.001" /><testcase classname="tests.qml.library.test_library_track_table" name="test_format_filter" time="0.002" /><testcase classname="tests.qml.library.test_library_track_table" name="test_artist_filter" time="0.001" /><testcase classname="tests.qml.library.test_library_track_table" name="test_reset" time="0.001" /><testcase classname="tests.qml.library.test_library_track_table" name="test_cancel" time="0.001" /><testcase classname="tests.qml.library.test_library_track_table" name="test_no_query_service" time="0.000" /><testcase classname="tests.qml.library.test_library_track_table" name="test_owner" time="0.001" /><testcase classname="tests.qml.library.test_library_track_table" name="test_empty_state" time="0.001" /><testcase classname="tests.qml.library.test_library_track_table_selection" name="test_initial_state" time="0.000" /><testcase classname="tests.qml.library.test_library_track_table_selection" name="test_toggle_selects" time="0.000" /><testcase classname="tests.qml.library.test_library_track_table_selection" name="test_toggle_deselects" time="0.000" /><testcase classname="tests.qml.library.test_library_track_table_selection" name="test_toggle_multiple" time="0.000" /><testcase classname="tests.qml.library.test_library_track_table_selection" name="test_toggle_immutability" time="0.000" /><testcase classname="tests.qml.library.test_library_track_table_selection" name="test_range_selection" time="0.000" /><testcase classname="tests.qml.library.test_library_track_table_selection" name="test_range_without_anchor" time="0.000" /><testcase classname="tests.qml.library.test_library_track_table_selection" name="test_clear_selection" time="0.000" /><testcase classname="tests.qml.library.test_library_track_table_selection" name="test_select_all" time="0.000" /><testcase classname="tests.qml.library.test_library_track_table_selection" name="test_contains" time="0.000" /><testcase classname="tests.qml.library.test_library_track_table_selection" name="test_generation_increment" time="0.000" /><testcase classname="tests.qml.library.test_library_track_table_selection" name="test_anchor_and_current" time="0.000" /><testcase classname="tests.qml.library.test_library_track_table_selection" name="test_populate_all_then_toggle" time="0.000" /><testcase classname="tests.qml.library.test_library_track_table_selection" name="test_double_range" time="0.000" /><testcase classname="tests.qml.library.test_library_track_table_selection" name="test_selected_ids_reassignment" time="0.000" /><testcase classname="tests.qml.library.test_source_repository.TestSourceRepository" name="test_empty" time="0.001" /><testcase classname="tests.qml.library.test_source_repository.TestSourceRepository" name="test_create" time="0.001" /><testcase classname="tests.qml.library.test_source_repository.TestSourceRepository" name="test_get_by_id" time="0.001" /><testcase classname="tests.qml.library.test_source_repository.TestSourceRepository" name="test_get_by_id_not_found" time="0.000" /><testcase classname="tests.qml.library.test_source_repository.TestSourceRepository" name="test_update" time="0.001" /><testcase classname="tests.qml.library.test_source_repository.TestSourceRepository" name="test_delete" time="0.001" /><testcase classname="tests.qml.library.test_source_repository.TestSourceRepository" name="test_enable_disable" time="0.001" /><testcase classname="tests.qml.library.test_source_repository.TestSourceRepository" name="test_scan_status" time="0.001" /><testcase classname="tests.qml.library.test_source_repository.TestSourceRepository" name="test_counts" time="0.001" /><testcase classname="tests.qml.library.test_track_repository.TestTrackRepository" name="test_get_by_id_found" time="0.001" /><testcase classname="tests.qml.library.test_track_repository.TestTrackRepository" name="test_get_by_id_not_found" time="0.001" /><testcase classname="tests.qml.library.test_track_repository.TestTrackRepository" name="test_get_by_ids" time="0.001" /><testcase classname="tests.qml.library.test_track_repository.TestTrackRepository" name="test_get_by_ids_empty" time="0.001" /><testcase classname="tests.qml.library.test_track_repository.TestTrackRepository" name="test_get_page_default" time="0.001" /><testcase classname="tests.qml.library.test_track_repository.TestTrackRepository" name="test_get_page_offset_limit" time="0.001" /><testcase classname="tests.qml.library.test_track_repository.TestTrackRepository" name="test_get_page_sort" time="0.001" /><testcase classname="tests.qml.library.test_track_repository.TestTrackRepository" name="test_count" time="0.001" /><testcase classname="tests.qml.library.test_track_repository.TestTrackRepository" name="test_count_empty" time="0.001" /><testcase classname="tests.qml.library.test_track_repository.TestTrackRepository" name="test_filter_by_artist" time="0.001" /><testcase classname="tests.qml.library.test_track_repository.TestTrackRepository" name="test_filter_by_genre" time="0.001" /><testcase classname="tests.qml.library.test_track_repository.TestTrackRepository" name="test_filter_by_unknown_genre" time="0.001" /><testcase classname="tests.qml.library.test_track_repository.TestTrackRepository" name="test_insert" time="0.001" /><testcase classname="tests.qml.library.test_track_repository.TestTrackRepository" name="test_update" time="0.001" /><testcase classname="tests.qml.library.test_track_repository.TestTrackRepository" name="test_delete_soft" time="0.001" /><testcase classname="tests.qml.library.test_track_repository.TestTrackRepository" name="test_search_fts" time="0.000"><skipped type="pytest.skip" message="condition: True">/home/cristian/music_player/tests/qml/library/test_track_repository.py:151: condition: True</skipped></testcase><testcase classname="tests.qml.library_doctor.test_doctor_repair.TestDoctorRepair" name="test_repair_missing_metadata_fills_title" time="0.002" /><testcase classname="tests.qml.library_doctor.test_doctor_repair.TestDoctorRepair" name="test_repair_orphan_playlist_deletes" time="0.001" /><testcase classname="tests.qml.library_doctor.test_doctor_repair.TestDoctorRepair" name="test_repair_orphan_history_deletes" time="0.001" /><testcase classname="tests.qml.library_doctor.test_doctor_repair.TestDoctorRepair" name="test_repair_duplicate_path_marks_deleted" time="0.001" /><testcase classname="tests.qml.library_doctor.test_doctor_repair.TestDoctorRepair" name="test_repair_duplicate_uid_renames" time="0.001" /><testcase classname="tests.qml.library_doctor.test_doctor_repair.TestDoctorRepair" name="test_repair_selected_no_scan" time="0.000" /><testcase classname="tests.qml.library_doctor.test_doctor_repair.TestDoctorRepair" name="test_repair_selected_no_selection" time="0.001" /><testcase classname="tests.qml.library_doctor.test_doctor_repair.TestDoctorRepair" name="test_cancel_scan_returns_ok" time="0.000" /><testcase classname="tests.qml.library_doctor.test_doctor_repair.TestDoctorRepair" name="test_repair_with_worker_manager" time="0.001" /><testcase classname="tests.qml.library_doctor.test_doctor_repair.TestDoctorRepair" name="test_properties_after_scan" time="0.001" /><testcase classname="tests.qml.library_doctor.test_doctor_scan.TestDoctorScan" name="test_detects_missing_file" time="0.001" /><testcase classname="tests.qml.library_doctor.test_doctor_scan.TestDoctorScan" name="test_detects_missing_metadata" time="0.001" /><testcase classname="tests.qml.library_doctor.test_doctor_scan.TestDoctorScan" name="test_detects_orphan_playlist_item" time="0.001" /><testcase classname="tests.qml.library_doctor.test_doctor_scan.TestDoctorScan" name="test_detects_orphan_history" time="0.001" /><testcase classname="tests.qml.library_doctor.test_doctor_scan.TestDoctorScan" name="test_detects_duplicate_path" time="0.001" /><testcase classname="tests.qml.library_doctor.test_doctor_scan.TestDoctorScan" name="test_detects_duplicate_uid" time="0.001" /><testcase classname="tests.qml.library_doctor.test_doctor_scan.TestDoctorScan" name="test_selection_and_deselection" time="0.001" /><testcase classname="tests.qml.library_doctor.test_doctor_scan.TestDoctorScan" name="test_select_all_issues" time="0.001" /><testcase classname="tests.qml.library_doctor.test_doctor_scan.TestDoctorScan" name="test_select_none" time="0.001" /><testcase classname="tests.qml.library_doctor.test_doctor_scan.TestDoctorScan" name="test_scan_no_data" time="0.000" /><testcase classname="tests.qml.library_doctor.test_doctor_scan.TestDoctorScan" name="test_healthy_count_positive" time="0.001" /><testcase classname="tests.qml.lyrics.test_lyrics_real_workflow" name="test_initial_idle_state" time="0.002" /><testcase classname="tests.qml.lyrics.test_lyrics_real_workflow" name="test_search_triggers_async_worker" time="0.001" /><testcase classname="tests.qml.lyrics.test_lyrics_real_workflow" name="test_cache_hit_returns_immediately" time="0.001" /><testcase classname="tests.qml.lyrics.test_lyrics_real_workflow" name="test_save_local_lyrics" time="0.001" /><testcase classname="tests.qml.lyrics.test_lyrics_real_workflow" name="test_synced_lyrics_parsing" time="0.000" /><testcase classname="tests.qml.lyrics.test_lyrics_real_workflow" name="test_synced_lyrics_offset_adjustment" time="0.002" /><testcase classname="tests.qml.lyrics.test_lyrics_real_workflow" name="test_source_indicator" time="0.001" /><testcase classname="tests.qml.lyrics.test_lyrics_real_workflow" name="test_cancel_search_resets_to_idle" time="0.001" /><testcase classname="tests.qml.lyrics.test_lyrics_real_workflow" name="test_clear_cache_for_current_track" time="0.001" /><testcase classname="tests.qml.lyrics.test_lyrics_real_workflow" name="test_manual_search" time="0.001" /><testcase classname="tests.qml.lyrics.test_lyrics_workflow" name="test_initial_state" time="0.001" /><testcase classname="tests.qml.lyrics.test_lyrics_workflow" name="test_search_returns_dict" time="0.001" /><testcase classname="tests.qml.lyrics.test_lyrics_workflow" name="test_search_sets_searching_status" time="0.001" /><testcase classname="tests.qml.lyrics.test_lyrics_workflow" name="test_cache_hit" time="0.001" /><testcase classname="tests.qml.lyrics.test_lyrics_workflow" name="test_cancel_search" time="0.001" /><testcase classname="tests.qml.lyrics.test_lyrics_workflow" name="test_parse_lrc" time="0.000" /><testcase classname="tests.qml.lyrics.test_lyrics_workflow" name="test_parse_lrc_unparseable" time="0.000" /><testcase classname="tests.qml.lyrics.test_lyrics_workflow" name="test_clear_cache_for_current_track" time="0.001" /><testcase classname="tests.qml.lyrics.test_lyrics_workflow" name="test_no_blocking_on_playback_while_searching" time="0.001" /><testcase classname="tests.qml.metadata.test_metadata_artwork.TestMetadataArtwork" name="test_has_artwork_no_file" time="0.000" /><testcase classname="tests.qml.metadata.test_metadata_artwork.TestMetadataArtwork" name="test_replace_artwork_no_file_selected" time="0.000" /><testcase classname="tests.qml.metadata.test_metadata_artwork.TestMetadataArtwork" name="test_replace_artwork_nonexistent_image" time="0.000" /><testcase classname="tests.qml.metadata.test_metadata_artwork.TestMetadataArtwork" name="test_remove_artwork_no_file" time="0.000" /><testcase classname="tests.qml.metadata.test_metadata_artwork.TestMetadataArtwork" name="test_remove_artwork_sets_status" time="0.005" /><testcase classname="tests.qml.metadata.test_metadata_artwork.TestMetadataArtwork" name="test_artwork_status_property" time="0.000" /><testcase classname="tests.qml.metadata.test_metadata_artwork.TestMetadataArtwork" name="test_detect_mime_png" time="0.000" /><testcase classname="tests.qml.metadata.test_metadata_artwork.TestMetadataArtwork" name="test_detect_mime_jpg" time="0.000" /><testcase classname="tests.qml.metadata.test_metadata_artwork.TestMetadataArtwork" name="test_detect_mime_webp" time="0.000" /><testcase classname="tests.qml.metadata.test_metadata_artwork.TestMetadataArtwork" name="test_detect_mime_default" time="0.000" /><testcase classname="tests.qml.metadata.test_metadata_artwork.TestMetadataArtwork" name="test_artwork_status_after_remove" time="0.000" /><testcase classname="tests.qml.metadata.test_metadata_batch_edit.TestMetadataBatchEdit" name="test_batch_set_field_async" time="0.504" /><testcase classname="tests.qml.metadata.test_metadata_batch_edit.TestMetadataBatchEdit" name="test_batch_set_field_different_keys" time="0.001" /><testcase classname="tests.qml.metadata.test_metadata_batch_edit.TestMetadataBatchEdit" name="test_batch_cancellation" time="0.505" /><testcase classname="tests.qml.metadata.test_metadata_batch_edit.TestMetadataBatchEdit" name="test_batch_sync_fallback" time="0.000" /><testcase classname="tests.qml.metadata.test_metadata_batch_edit.TestMetadataBatchEdit" name="test_batch_empty_filepath_list" time="0.001" /><testcase classname="tests.qml.metadata.test_metadata_batch_edit.TestMetadataBatchEdit" name="test_batch_progress_signal" time="1.006" /><testcase classname="tests.qml.metadata.test_metadata_batch_edit.TestMetadataBatchEdit" name="test_batch_set_field_with_numeric_value" time="0.504" /><testcase classname="tests.qml.metadata.test_metadata_batch_edit.TestMetadataBatchEdit" name="test_cancel_batch_returns_ok" time="0.001" /><testcase classname="tests.qml.metadata.test_metadata_batch_edit.TestMetadataBatchEdit" name="test_batch_data_changed_signal" time="1.006" /><testcase classname="tests.qml.metadata.test_metadata_batch_edit.TestMetadataBatchEdit" name="test_batch_set_field_with_special_chars" time="0.504" /><testcase classname="tests.qml.metadata.test_metadata_batch_edit.TestMetadataBatchEdit" name="test_batch_rejects_busy" time="0.504" /><testcase classname="tests.qml.metadata.test_metadata_batch_edit.TestMetadataBatchEdit" name="test_batch_set_field_with_empty_value" time="0.504" /><testcase classname="tests.qml.metadata.test_metadata_single_edit.TestMetadataSingleEdit" name="test_load_metadata_returns_ok" time="0.001" /><testcase classname="tests.qml.metadata.test_metadata_single_edit.TestMetadataSingleEdit" name="test_set_field_updates_value" time="0.000" /><testcase classname="tests.qml.metadata.test_metadata_single_edit.TestMetadataSingleEdit" name="test_set_field_rejects_empty_filepath" time="0.000" /><testcase classname="tests.qml.metadata.test_metadata_single_edit.TestMetadataSingleEdit" name="test_save_changes_rejects_no_file" time="0.000" /><testcase classname="tests.qml.metadata.test_metadata_single_edit.TestMetadataSingleEdit" name="test_save_changes_with_dirty" time="0.000" /><testcase classname="tests.qml.metadata.test_metadata_single_edit.TestMetadataSingleEdit" name="test_clear_resets_state" time="0.000" /><testcase classname="tests.qml.metadata.test_metadata_single_edit.TestMetadataSingleEdit" name="test_refresh_reloads_current" time="0.000" /><testcase classname="tests.qml.metadata.test_metadata_single_edit.TestMetadataSingleEdit" name="test_quality_summary_after_load" time="0.000" /><testcase classname="tests.qml.metadata.test_metadata_single_edit.TestMetadataSingleEdit" name="test_artwork_status_after_load" time="0.000" /><testcase classname="tests.qml.metadata.test_metadata_single_edit.TestMetadataSingleEdit" name="test_can_apply_property" time="0.000" /><testcase classname="tests.qml.metadata.test_metadata_single_edit.TestMetadataSingleEdit" name="test_inspect_track_not_found" time="0.000" /><testcase classname="tests.qml.metadata.test_metadata_single_edit.TestMetadataSingleEdit" name="test_set_field_multiple_times" time="0.000" /><testcase classname="tests.qml.metadata.test_metadata_single_edit.TestMetadataSingleEdit" name="test_metadata_fields_after_load" time="0.000" /><testcase classname="tests.qml.metadata.test_metadata_single_edit.TestMetadataSingleEdit" name="test_is_loading_flag" time="0.000" /><testcase classname="tests.qml.metadata.test_metadata_single_edit.TestMetadataSingleEdit" name="test_error_message_set_on_load_failure" time="0.000" /><testcase classname="tests.qml.mix.test_mix_cancel_real" name="test_cancel_generation_increments_counter" time="0.001" /><testcase classname="tests.qml.mix.test_mix_cancel_real" name="test_cancel_after_load_does_not_clear_songs" time="0.001" /><testcase classname="tests.qml.mix.test_mix_cancel_real" name="test_cancel_then_new_load_uses_new_generation" time="0.001" /><testcase classname="tests.qml.mix.test_mix_cancel_real" name="test_cancel_does_not_affect_other_instances" time="0.001" /><testcase classname="tests.qml.mix.test_mix_cancel_real" name="test_cancel_then_enqueue_still_works" time="0.001" /><testcase classname="tests.qml.mix.test_mix_cancel_real" name="test_cancel_then_play_still_works" time="0.002" /><testcase classname="tests.qml.mix.test_mix_cancel_real" name="test_multiple_cancels_increment_properly" time="0.001" /><testcase classname="tests.qml.mix.test_mix_cancel_real" name="test_cancel_returns_previous_generation" time="0.001" /><testcase classname="tests.qml.mix.test_mix_cancel_real_worker" name="test_cancel_generation_calls_worker_manager_cancel" time="0.001"><failure message="TypeError: MixBridge.__init__() got an unexpected keyword argument 'worker_manager'">mock_wm = &lt;MagicMock id='140547649603856'&gt;
mock_mqs = &lt;MagicMock id='140547625982928'&gt;

    def test_cancel_generation_calls_worker_manager_cancel(mock_wm, mock_mqs):
&gt;       bridge = MixBridge(query_service=mock_mqs, worker_manager=mock_wm)
                 ^^^^^^^^^^^^^^^^^^^^^^^^^^^^^^^^^^^^^^^^^^^^^^^^^^^^^^^^^
E       TypeError: MixBridge.__init__() got an unexpected keyword argument 'worker_manager'

tests/qml/mix/test_mix_cancel_real_worker.py:29: TypeError</failure></testcase><testcase classname="tests.qml.mix.test_mix_cancel_real_worker" name="test_cancel_generation_increments_counter" time="0.002"><failure message="TypeError: MixBridge.__init__() got an unexpected keyword argument 'worker_manager'">mock_wm = &lt;MagicMock id='140547626533456'&gt;
mock_mqs = &lt;MagicMock id='140547649446992'&gt;

    def test_cancel_generation_increments_counter(mock_wm, mock_mqs):
&gt;       bridge = MixBridge(query_service=mock_mqs, worker_manager=mock_wm)
                 ^^^^^^^^^^^^^^^^^^^^^^^^^^^^^^^^^^^^^^^^^^^^^^^^^^^^^^^^^
E       TypeError: MixBridge.__init__() got an unexpected keyword argument 'worker_manager'

tests/qml/mix/test_mix_cancel_real_worker.py:37: TypeError</failure></testcase><testcase classname="tests.qml.mix.test_mix_cancel_real_worker" name="test_generation_counter_used_in_load_stale_check" time="0.001"><failure message="TypeError: MixBridge.__init__() got an unexpected keyword argument 'worker_manager'">mock_wm = &lt;MagicMock id='140547627105168'&gt;
mock_mqs = &lt;MagicMock id='140547637099152'&gt;

    def test_generation_counter_used_in_load_stale_check(mock_wm, mock_mqs):
&gt;       bridge = MixBridge(query_service=mock_mqs, worker_manager=mock_wm)
                 ^^^^^^^^^^^^^^^^^^^^^^^^^^^^^^^^^^^^^^^^^^^^^^^^^^^^^^^^^
E       TypeError: MixBridge.__init__() got an unexpected keyword argument 'worker_manager'

[...]
ttings_all_controls_runtime.TestAllControlsRuntime" name="test_int_control" time="0.008" /><testcase classname="tests.qml.test_settings_all_controls_runtime.TestAllControlsRuntime" name="test_float_control" time="0.008" /><testcase classname="tests.qml.test_settings_all_controls_runtime.TestAllControlsRuntime" name="test_bool_control" time="0.008" /><testcase classname="tests.qml.test_settings_all_controls_runtime.TestAllControlsRuntime" name="test_select_control" time="0.008" /><testcase classname="tests.qml.test_settings_all_controls_runtime.TestAllControlsRuntime" name="test_slider_control" time="0.008" /><testcase classname="tests.qml.test_settings_all_controls_runtime.TestAllControlsRuntime" name="test_file_control" time="0.008" /><testcase classname="tests.qml.test_settings_all_controls_runtime.TestAllControlsRuntime" name="test_directory_control" time="0.009" /><testcase classname="tests.qml.test_settings_all_controls_runtime.TestAllControlsRuntime" name="test_secret_control" time="0.008" /><testcase classname="tests.qml.test_settings_all_controls_runtime.TestAllControlsRuntime" name="test_action_control" time="0.008" /><testcase classname="tests.qml.test_settings_all_controls_runtime.TestAllControlsRuntime" name="test_control_with_restart_required" time="0.008" /><testcase classname="tests.qml.test_settings_all_controls_runtime.TestAllControlsRuntime" name="test_control_with_platform_gate" time="0.008" /><testcase classname="tests.qml.test_settings_all_controls_runtime.TestAllControlsRuntime" name="test_qml_file_exists" time="0.000" /><testcase classname="tests.qml.test_settings_all_controls_runtime.TestAllControlsRuntime" name="test_settings_page_exists" time="0.000" /><testcase classname="tests.qml.test_settings_transaction_rollback.TestTransactionFlow" name="test_set_delegates_to_coordinator" time="0.001" /><testcase classname="tests.qml.test_settings_transaction_rollback.TestTransactionFlow" name="test_reset_delegates_to_coordinator" time="0.001" /><testcase classname="tests.qml.test_settings_transaction_rollback.TestTransactionFlow" name="test_reset_unknown_key" time="0.000" /><testcase classname="tests.qml.test_settings_transaction_rollback.TestTransactionFlow" name="test_service_rejects_without_coordinator" time="0.000" /><testcase classname="tests.qml.test_settings_transaction_rollback.TestTransactionFlow" name="test_coordinator_execute_validates_key" time="0.000" /><testcase classname="tests.qml.test_settings_transaction_rollback.TestTransactionFlow" name="test_coordinator_execute_validates_value" time="0.000" /><testcase classname="tests.qml.test_settings_transaction_rollback.TestTransactionFlow" name="test_coordinator_execute_success" time="0.011" /><testcase classname="tests.qml.test_settings_transaction_rollback.TestTransactionFlow" name="test_coordinator_persists_after_apply" time="0.003" /><testcase classname="tests.qml.test_settings_transaction_rollback.TestTransactionFlow" name="test_coordinator_apply_result_includes_all_fields" time="0.005" /><testcase classname="tests.qml.test_settings_transaction_rollback.TestTransactionFlow" name="test_apply_result_to_dict" time="0.000" /><testcase classname="tests.qml.test_settings_transaction_rollback.TestCoordinatorRevert" name="test_revert_unknown_key" time="0.001" /><testcase classname="tests.qml.test_settings_transaction_rollback.TestCoordinatorRevert" name="test_revert_calls_execute_with_default" time="0.001" /><testcase classname="tests.qml.test_settings_transaction_rollback.TestAdapterIntegration" name="test_coordinator_finds_adapter" time="0.004" /><testcase classname="tests.qml.test_settings_transaction_rollback.TestAdapterIntegration" name="test_adapter_apply_failure_rolls_back" time="0.001" /><testcase classname="tests.qml.test_settings_transaction_rollback.TestAdapterIntegration" name="test_adapters_supported_keys" time="0.000" /><testcase classname="tests.qml.test_settings_transaction_rollback.TestResetAllWithCoordinator" name="test_reset_all_delegates" time="0.001" /><testcase classname="tests.qml.test_shutdown_active_services" name="test_shutdown_with_active_queryexecutor_requests" time="0.006" /><testcase classname="tests.qml.test_shutdown_active_services" name="test_shutdown_cancels_active_worker_tasks" time="0.005" /><testcase classname="tests.qml.test_shutdown_active_services" name="test_factory_creates_app_bridge_with_lifecycle" time="0.003" /><testcase classname="tests.qml.test_shutdown_active_services" name="test_factory_app_bridge_has_debug_info" time="0.003" /><testcase classname="tests.qml.test_shutdown_active_services" name="test_full_shutdown_through_factory" time="0.006" /><testcase classname="tests.qml.test_shutdown_active_services" name="test_shutdown_with_timing" time="0.015" /><testcase classname="tests.qml.test_theme_store_runtime.TestThemeBridgeProperties" name="test_initial_dark_mode" time="0.001" /><testcase classname="tests.qml.test_theme_store_runtime.TestThemeBridgeProperties" name="test_theme_setter_calls_coordinator" time="0.001" /><testcase classname="tests.qml.test_theme_store_runtime.TestThemeBridgeProperties" name="test_theme_setter_updates_dark_mode" time="0.001" /><testcase classname="tests.qml.test_theme_store_runtime.TestThemeBridgeProperties" name="test_accent_color_setter" time="0.001" /><testcase classname="tests.qml.test_theme_store_runtime.TestThemeBridgeProperties" name="test_high_contrast_setter" time="0.001" /><testcase classname="tests.qml.test_theme_store_runtime.TestThemeBridgeProperties" name="test_compact_mode_setter" time="0.001" /><testcase classname="tests.qml.test_theme_store_runtime.TestThemeBridgeProperties" name="test_font_scale_setter" time="0.001" /><testcase classname="tests.qml.test_theme_store_runtime.TestThemeBridgeProperties" name="test_reduce_motion_setter" time="0.001" /><testcase classname="tests.qml.test_theme_store_runtime.TestThemeBridgeProperties" name="test_theme_setter_emits_signal" time="0.001" /><testcase classname="tests.qml.test_theme_store_runtime.TestThemeBridgeProperties" name="test_theme_noop_same_value" time="0.002" /><testcase classname="tests.qml.test_theme_store_runtime.TestThemeStoreIntegration" name="test_theme_store_values_after_update" time="0.001" /><testcase classname="tests.qml.test_theme_store_runtime.TestThemeStoreIntegration" name="test_settings_change_propagates_to_bridge" time="0.001" /><testcase classname="tests.qml.test_theme_store_runtime.TestThemeStoreIntegration" name="test_persistence_survives_simulated_restart" time="0.001" /><testcase classname="tests.qml.test_wave12_async_production_flow.TestWave12AsyncProductionFlow" name="test_refresh_async_5000" time="0.051" /><testcase classname="tests.qml.test_wave12_async_production_flow.TestWave12AsyncProductionFlow" name="test_fetch_more_preserves_query" time="0.050" /><testcase classname="tests.qml.test_wave12_async_production_flow.TestWave12AsyncProductionFlow" name="test_fast_search_wins" time="0.051" /><testcase classname="tests.qml.test_wave12_async_production_flow.TestWave12AsyncProductionFlow" name="test_cancel_and_requery" time="0.050" /><testcase classname="tests.qml.test_wave12_async_production_flow.TestWave12AsyncProductionFlow" name="test_two_models_concurrent" time="0.050" /><testcase classname="tests.qml.test_wave12_async_production_flow.TestWave12AsyncProductionFlow" name="test_shutdown_no_crash" time="0.029" /><testcase classname="tests.qml.test_wave13_visible_workflows.TestWave13VisibleWorkflows" name="test_library_sources_list" time="0.002" /><testcase classname="tests.qml.test_wave13_visible_workflows.TestWave13VisibleWorkflows" name="test_library_sources_add_remove" time="0.002" /><testcase classname="tests.qml.test_wave13_visible_workflows.TestWave13VisibleWorkflows" name="test_track_action_play_by_id" time="0.002" /><testcase classname="tests.qml.test_wave13_visible_workflows.TestWave13VisibleWorkflows" name="test_track_action_enqueue_by_id" time="0.002" /><testcase classname="tests.qml.test_wave13_visible_workflows.TestWave13VisibleWorkflows" name="test_queue_save_as_playlist" time="0.002" /><testcase classname="tests.qml.test_wave13_visible_workflows.TestWave13VisibleWorkflows" name="test_smart_tagging_scan_track" time="1.008" /><testcase classname="tests.qml.test_wave13_visible_workflows.TestWave13VisibleWorkflows" name="test_home_bridge_refresh" time="0.003" /><testcase classname="tests.qml.test_wave16_completion.TestWave16CoreWorkflows" name="test_scanner_job_created" time="0.505" /><testcase classname="tests.qml.test_wave16_completion.TestWave16CoreWorkflows" name="test_queue_save_playlist" time="0.002" /><testcase classname="tests.qml.test_wave16_completion.TestWave16CoreWorkflows" name="test_track_action_play" time="0.002" /><testcase classname="tests.qml.test_wave16_completion.TestWave16CoreWorkflows" name="test_track_action_enqueue" time="0.002" /><testcase classname="tests.qml.test_wave16_completion.TestWave16CoreWorkflows" name="test_library_sources_add" time="0.002" /><testcase classname="tests.qml.test_wave16_completion.TestWave16CoreWorkflows" name="test_history_paginated" time="0.002" /><testcase classname="tests.qml.test_wave16_completion.TestWave16CoreWorkflows" name="test_shutdown_no_tasks_left" time="0.002" /><testcase classname="tests.qml.test_wave9_vertical_end_to_end.TestWave9CoreBridges" name="test_context_bindings_loaded" time="0.000" /><testcase classname="tests.qml.test_wave9_vertical_end_to_end.TestWave9CoreBridges" name="test_factory_creates_all_bridges" time="0.003" /><testcase classname="tests.qml.test_wave9_vertical_end_to_end.TestWave9CoreBridges" name="test_query_service_full_roles" time="0.001" /><testcase classname="tests.qml.test_wave9_vertical_end_to_end.TestWave9CoreBridges" name="test_query_service_internal_methods" time="0.001" /><testcase classname="tests.qml.test_wave9_vertical_end_to_end.TestWave9CoreBridges" name="test_query_service_public_details" time="0.001" /><testcase classname="tests.qml.test_wave9_vertical_end_to_end.TestWave9CoreBridges" name="test_query_service_filters" time="0.002" /><testcase classname="tests.qml.test_wave9_vertical_end_to_end.TestWave9CoreBridges" name="test_query_service_folder_methods" time="0.002" /><testcase classname="tests.qml.test_wave9_vertical_end_to_end.TestWave9PagedModels" name="test_track_model_roles" time="0.000" /><testcase classname="tests.qml.test_wave9_vertical_end_to_end.TestWave9PagedModels" name="test_album_model_roles" time="0.000" /><testcase classname="tests.qml.test_wave9_vertical_end_to_end.TestWave9PagedModels" name="test_artist_model_roles" time="0.000" /><testcase classname="tests.qml.test_wave9_vertical_end_to_end.TestWave9PagedModels" name="test_folder_model_roles" time="0.000" /><testcase classname="tests.qml.test_wave9_vertical_end_to_end.TestWave9PagedModels" name="test_queue_model_roles" time="0.000" /><testcase classname="tests.qml.test_wave9_vertical_end_to_end.TestWave9PagedModels" name="test_history_model_roles" time="0.000" /><testcase classname="tests.qml.test_wave9_vertical_end_to_end.TestWave9PagedModels" name="test_base_model_signals" time="0.000" /><testcase classname="tests.qml.test_wave9_vertical_end_to_end.TestWave9PagedModels" name="test_track_model_data_access" time="0.000" /><testcase classname="tests.qml.test_wave9_vertical_end_to_end.TestWave9PagedModels" name="test_album_model_data_access" time="0.000" /><testcase classname="tests.qml.test_wave9_vertical_end_to_end.TestWave9Bridges" name="test_library_bridge_default_state" time="0.001" /><testcase classname="tests.qml.test_wave9_vertical_end_to_end.TestWave9Bridges" name="test_library_bridge_setsort" time="0.001" /><testcase classname="tests.qml.test_wave9_vertical_end_to_end.TestWave9Bridges" name="test_playlists_bridge_default" time="0.000" /><testcase classname="tests.qml.test_wave9_vertical_end_to_end.TestWave9Bridges" name="test_queue_bridge_default" time="0.000" /><testcase classname="tests.qml.test_wave9_vertical_end_to_end.TestWave9Bridges" name="test_history_bridge_default" time="0.000" /><testcase classname="tests.qml.test_wave9_vertical_end_to_end.TestWave9Bridges" name="test_radio_bridge_default" time="0.000" /><testcase classname="tests.qml.test_wave9_vertical_end_to_end.TestWave9Bridges" name="test_lyrics_bridge_default" time="0.000" /><testcase classname="tests.qml.test_wave9_vertical_end_to_end.TestWave9Bridges" name="test_mix_bridge_default" time="0.000" /><testcase classname="tests.qml.test_wave9_vertical_end_to_end.TestWave9Bridges" name="test_smart_tagging_bridge_default" time="0.000" /><testcase classname="tests.qml.test_wave9_vertical_end_to_end.TestWave9Bridges" name="test_global_search_bridge_default" time="0.000" /><testcase classname="tests.qml.test_wave9_vertical_end_to_end.TestWave9Bridges" name="test_action_registry_default" time="0.000" /><testcase classname="tests.qml.test_wave9_vertical_end_to_end.TestWave9Bridges" name="test_job_bridge_default" time="0.000" /><testcase classname="tests.qml.test_wave9_vertical_end_to_end.TestWave9Bridges" name="test_metadata_bridge_default" time="0.000" /><testcase classname="tests.qml.test_wave9_vertical_end_to_end.TestWave9Bridges" name="test_home_bridge_default" time="0.000" /><testcase classname="tests.qml.test_wave9_vertical_end_to_end.TestWave9MetadataAdapter" name="test_load_tags" time="0.000" /><testcase classname="tests.qml.test_wave9_vertical_end_to_end.TestWave9MetadataAdapter" name="test_create_backup_nonexistent" time="0.000" /><testcase classname="tests.qml.test_wave9_vertical_end_to_end.TestWave9MetadataAdapter" name="test_backup_verify_rollback_cycle" time="0.001" /><testcase classname="tests.qml.test_wave9_vertical_end_to_end.TestWave9MetadataAdapter" name="test_error_catalog" time="0.000" /><testcase classname="tests.qml.test_wave9_vertical_end_to_end.TestWave9SmokeImport" name="test_qml_main_import" time="0.000" /><testcase classname="tests.qml.test_wave9_vertical_end_to_end.TestWave9SmokeImport" name="test_runtime_smoke_import" time="0.001" /><testcase classname="tests.qml.test_wave9_vertical_end_to_end.TestWave9SmokeImport" name="test_library_refresh_coordinator" time="0.000" /><testcase classname="tests.qml.workflows.test_vertical_workflows.TestWorkflow1LibraryToPlayback" name="test_wf1_search_and_filter" time="0.005" /><testcase classname="tests.qml.workflows.test_vertical_workflows.TestWorkflow1LibraryToPlayback" name="test_wf1_play_track" time="0.003" /><testcase classname="tests.qml.workflows.test_vertical_workflows.TestWorkflow1LibraryToPlayback" name="test_wf1_enqueue_song" time="0.003" /><testcase classname="tests.qml.workflows.test_vertical_workflows.TestWorkflow1LibraryToPlayback" name="test_wf1_nowplaying_reflects" time="0.002" /><testcase classname="tests.qml.workflows.test_vertical_workflows.TestWorkflow1LibraryToPlayback" name="test_wf1_queue_management" time="0.003" /><testcase classname="tests.qml.workflows.test_vertical_workflows.TestWorkflow2AlbumToPlaylist" name="test_wf2_album_detail" time="0.002" /><testcase classname="tests.qml.workflows.test_vertical_workflows.TestWorkflow2AlbumToPlaylist" name="test_wf2_album_enqueue" time="0.003" /><testcase classname="tests.qml.workflows.test_vertical_workflows.TestWorkflow2AlbumToPlaylist" name="test_wf2_add_to_playlist" time="0.002" /><testcase classname="tests.qml.workflows.test_vertical_workflows.TestWorkflow2AlbumToPlaylist" name="test_wf2_playlist_refresh" time="0.002" /><testcase classname="tests.qml.workflows.test_vertical_workflows.TestWorkflow3ArtistMix" name="test_wf3_artist_detail" time="0.003" /><testcase classname="tests.qml.workflows.test_vertical_workflows.TestWorkflow3ArtistMix" name="test_wf3_artist_tracks" time="0.002" /><testcase classname="tests.qml.workflows.test_vertical_workflows.TestWorkflow3ArtistMix" name="test_wf3_mix_generation" time="0.002" /><testcase classname="tests.qml.workflows.test_vertical_workflows.TestWorkflow3ArtistMix" name="test_wf3_artist_play" time="0.003" /><testcase classname="tests.qml.workflows.test_vertical_workflows.TestWorkflow4AudioLab" name="test_wf4_audio_lab_modules" time="0.002" /><testcase classname="tests.qml.workflows.test_vertical_workflows.TestWorkflow4AudioLab" name="test_wf4_audio_lab_health" time="0.003" /><testcase classname="tests.qml.workflows.test_vertical_workflows.TestWorkflow4AudioLab" name="test_wf4_audio_lab_diagnostics" time="0.003" /><testcase classname="tests.qml.workflows.test_vertical_workflows.TestWorkflow4AudioLab" name="test_wf4_audio_lab_cancellation" time="0.002" /><testcase classname="tests.qml.workflows.test_vertical_workflows.TestWorkflow5Metadata" name="test_wf5_metadata_load" time="0.002" /><testcase classname="tests.qml.workflows.test_vertical_workflows.TestWorkflow5Metadata" name="test_wf5_metadata_edit_and_preview" time="0.002" /><testcase classname="tests.qml.workflows.test_vertical_workflows.TestWorkflow5Metadata" name="test_wf5_metadata_field_enumeration" time="0.002" /><testcase classname="tests.qml.workflows.test_vertical_workflows.TestWorkflow5Metadata" name="test_wf5_metadata_quality_summary" time="0.002" /><testcase classname="tests.qml.workflows.test_vertical_workflows.TestWorkflow6Doctor" name="test_wf6_doctor_scan_real_db" time="0.002" /><testcase classname="tests.qml.workflows.test_vertical_workflows.TestWorkflow6Doctor" name="test_wf6_doctor_issues_found" time="0.002" /><testcase classname="tests.qml.workflows.test_vertical_workflows.TestWorkflow6Doctor" name="test_wf6_doctor_select_and_repair" time="0.003" /><testcase classname="tests.qml.workflows.test_vertical_workflows.TestWorkflow6Doctor" name="test_wf6_doctor_healthy_count" time="0.002" /><testcase classname="tests.qml.workflows.test_vertical_workflows.TestWorkflow6Doctor" name="test_wf6_doctor_cancel" time="0.002" /><testcase classname="tests.qml.workflows.test_vertical_workflows.TestWorkflow7Search" name="test_wf7_search_returns_data" time="0.003" /><testcase classname="tests.qml.workflows.test_vertical_workflows.TestWorkflow7Search" name="test_wf7_search_supersede" time="0.002" /><testcase classname="tests.qml.workflows.test_vertical_workflows.TestWorkflow7Search" name="test_wf7_search_preserves_query" time="0.002" /><testcase classname="tests.qml.workflows.test_vertical_workflows.TestWorkflow7Search" name="test_wf7_search_empty" time="0.002" /><testcase classname="tests.qml.workflows.test_vertical_workflows.TestWorkflow8PlaylistCRUD" name="test_wf8_create_playlist" time="0.003" /><testcase classname="tests.qml.workflows.test_vertical_workflows.TestWorkflow8PlaylistCRUD" name="test_wf8_add_tracks_to_playlist" time="0.003" /><testcase classname="tests.qml.workflows.test_vertical_workflows.TestWorkflow8PlaylistCRUD" name="test_wf8_duplicate_playlist" time="0.003" /><testcase classname="tests.qml.workflows.test_vertical_workflows.TestWorkflow8PlaylistCRUD" name="test_wf8_playlist_refresh" time="0.002" /><testcase classname="tests.qml.workflows.test_vertical_workflows.TestWorkflow9Theme" name="test_wf9_theme_change_dark_mode" time="0.018" /><testcase classname="tests.qml.workflows.test_vertical_workflows.TestWorkflow9Theme" name="test_wf9_theme_accent_color" time="0.000" /><testcase classname="tests.qml.workflows.test_vertical_workflows.TestWorkflow9Theme" name="test_wf9_theme_density" time="0.006" /><testcase classname="tests.qml.workflows.test_vertical_workflows.TestWorkflow9Theme" name="test_wf9_theme_font_scale" time="0.004" /><testcase classname="tests.qml.workflows.test_vertical_workflows.TestWorkflow9Theme" name="test_wf9_theme_persistence" time="0.006" /><testcase classname="tests.qml.workflows.test_vertical_workflows.TestWorkflow10DeviceSync" name="test_wf10_server_start_stop" time="0.000" /><testcase classname="tests.qml.workflows.test_vertical_workflows.TestWorkflow10DeviceSync" name="test_wf10_device_state" time="0.000" /><testcase classname="tests.qml.workflows.test_vertical_workflows.TestWorkflow10DeviceSync" name="test_wf10_device_refresh" time="0.001" /></testsuite></testsuites>