<?xml version="1.0" encoding="utf-8"?><testsuites name="pytest tests"><testsuite name="pytest" errors="0" failures="1" skipped="7" tests="28" time="0.140" timestamp="2026-07-14T20:49:24.471936-04:00" hostname="PC"><testcase classname="tests.qml.test_evidence_v9_plugin" name="test_with_markers" time="0.002"><properties><property name="qml_dimension" value="primary_action" /><property name="qml_module" value="test_mod" /></properties></testcase><testcase classname="tests.qml.test_evidence_v9_plugin" name="test_module_only" time="0.000"><properties><property name="qml_module" value="test_mod" /></properties></testcase><testcase classname="tests.qml.test_evidence_v9_plugin" name="test_dimension_only" time="0.000"><properties><property name="qml_dimension" value="read" /></properties></testcase><testcase classname="tests.qml.test_evidence_v9_plugin" name="test_route_only" time="0.000"><properties><property name="qml_route" value="test_route" /></properties></testcase><testcase classname="tests.qml.test_evidence_v9_plugin" name="test_multi_dimension" time="0.000"><properties><property name="qml_dimension" value="persistence,write" /><property name="qml_module" value="multi" /></properties></testcase><testcase classname="tests.qml.test_evidence_v9_plugin" name="test_workflows_marker" time="0.000"><properties><property name="qml_dimension" value="qml_workflow" /><property name="qml_module" value="workflows" /></properties></testcase><testcase classname="tests.qml.test_evidence_v9_plugin" name="test_navigation_route" time="0.000"><properties><property name="qml_route" value="library" /><property name="qml_dimension" value="route_load" /><property name="qml_module" value="navigation" /></properties></testcase><testcase classname="tests.qml.test_evidence_v9_plugin" name="test_no_markers" time="0.000" /><testcase classname="tests.qml.test_evidence_v9_plugin.TestWithClassMarker" name="test_class_marked" time="0.000"><properties><property name="qml_module" value="class_mod" /><property name="qml_dimension" value="integration" /></properties></testcase><testcase classname="tests.qml.test_evidence_v9_plugin.TestWithClassMarker" name="test_class_marked_too" time="0.000"><properties><property name="qml_module" value="class_mod" /><property name="qml_dimension" value="integration" /></properties></testcase><testcase classname="tests.qml.test_evidence_v9_plugin" name="test_settings_full" time="0.000"><properties><property name="qml_route" value="settings" /><property name="qml_dimension" value="write,read" /><property name="qml_module" value="settings" /></properties></testcase><testcase classname="tests.qml.test_evidence_v9_plugin.TestUserProperties" name="test_user_properties_injected" time="0.000"><properties><property name="qml_route" value="test" /><property name="qml_dimension" value="verification" /><property name="qml_module" value="evidence" /></properties></testcase><testcase classname="tests.qml.test_evidence_v9_plugin.TestManifest" name="test_manifest_v9_exists" time="0.000"><failure message="AssertionError: Manifest V9 not generated&#10;assert False&#10; +  where False = exists()&#10; +    where exists = PosixPath('/home/cristian/music_player/docs/qml_migration_manifest_v9.json').exists">self = &lt;tests.qml.test_evidence_v9_plugin.TestManifest object at 0x7f88d8837c90&gt;

    def test_manifest_v9_exists(self):
        mf = REPO / "docs" / "qml_migration_manifest_v9.json"
&gt;       assert mf.exists(), "Manifest V9 not generated"
E       AssertionError: Manifest V9 not generated
E       assert False
E        +  where False = exists()
E        +    where exists = PosixPath('/home/cristian/music_player/docs/qml_migration_manifest_v9.json').exists

tests/qml/test_evidence_v9_plugin.py:110: AssertionError</failure></testcase><testcase classname="tests.qml.test_evidence_v9_plugin.TestManifest" name="test_manifest_has_global_score" time="0.000"><skipped type="pytest.skip" message="Manifest not generated yet">/home/cristian/music_player/tests/qml/test_evidence_v9_plugin.py:115: Manifest not generated yet</skipped></testcase><testcase classname="tests.qml.test_evidence_v9_plugin.TestManifest" name="test_manifest_has_modules" time="0.000"><skipped type="pytest.skip" message="Manifest not generated yet">/home/cristian/music_player/tests/qml/test_evidence_v9_plugin.py:124: Manifest not generated yet</skipped></testcase><testcase classname="tests.qml.test_evidence_v9_plugin.TestManifest" name="test_manifest_module_scores_0_100" time="0.000"><skipped type="pytest.skip" message="Manifest not generated yet">/home/cristian/music_player/tests/qml/test_evidence_v9_plugin.py:131: Manifest not generated yet</skipped></testcase><testcase classname="tests.qml.test_evidence_v9_plugin.TestManifest" name="test_manifest_marker_statuses_valid" time="0.000"><skipped type="pytest.skip" message="Manifest not generated yet">/home/cristian/music_player/tests/qml/test_evidence_v9_plugin.py:140: Manifest not generated yet</skipped></testcase><testcase classname="tests.qml.test_evidence_v9_plugin.TestEvidence" name="test_evidence_v9_exists" time="0.000"><skipped type="pytest.skip" message="Evidence V9 not generated yet">/home/cristian/music_player/tests/qml/test_evidence_v9_plugin.py:152: Evidence V9 not generated yet</skipped></testcase><testcase classname="tests.qml.test_evidence_v9_plugin.TestEvidence" name="test_evidence_has_testcases" time="0.000"><skipped type="pytest.skip" message="Evidence V9 not generated yet">/home/cristian/music_player/tests/qml/test_evidence_v9_plugin.py:160: Evidence V9 not generated yet</skipped></testcase><testcase classname="tests.qml.test_evidence_v9_plugin.TestEvidence" name="test_evidence_has_modules" time="0.000"><skipped type="pytest.skip" message="Evidence V9 not generated yet">/home/cristian/music_player/tests/qml/test_evidence_v9_plugin.py:167: Evidence V9 not generated yet</skipped></testcase><testcase classname="tests.qml.test_evidence_v9_plugin.TestScoreMap" name="test_failed_zero" time="0.000" /><testcase classname="tests.qml.test_evidence_v9_plugin.TestScoreMap" name="test_missing_zero" time="0.000" /><testcase classname="tests.qml.test_evidence_v9_plugin.TestScoreMap" name="test_passed_full" time="0.000" /><testcase classname="tests.qml.test_evidence_v9_plugin.TestScoreMap" name="test_not_applicable_declared_full" time="0.000" /><testcase classname="tests.qml.test_evidence_v9_plugin.TestScoreMap" name="test_deferred_physical_full" time="0.000" /><testcase classname="tests.qml.test_evidence_v9_plugin.TestJUnitParsing" name="test_parse_junit_basic" time="0.002" /><testcase classname="tests.qml.test_evidence_v9_plugin.TestJUnitParsing" name="test_parse_junit_failure" time="0.001" /><testcase classname="tests.qml.test_evidence_v9_plugin.TestJUnitParsing" name="test_parse_junit_skipped" time="0.001" /></testsuite></testsuites>