<?xml version="1.0" encoding="utf-8"?><testsuites name="pytest tests"><testsuite name="pytest" errors="0" failures="11" skipped="5" tests="981" time="35.329" timestamp="2026-07-13T23:19:40.862375-04:00" hostname="PC"><testcase classname="tests.qml.test_accessibility_runtime_gate.TestAccessibilityBridgeProperties" name="test_initial_font_scale" time="0.001" /><testcase classname="tests.qml.test_accessibility_runtime_gate.TestAccessibilityBridgeProperties" name="test_initial_high_contrast" time="0.000" /><testcase classname="tests.qml.test_accessibility_runtime_gate.TestAccessibilityBridgeProperties" name="test_initial_reduce_motion" time="0.000" /><testcase classname="tests.qml.test_accessibility_runtime_gate.TestAccessibilityBridgeProperties" name="test_initial_focus_indicators" time="0.000" /><testcase classname="tests.qml.test_accessibility_runtime_gate.TestAccessibilityBridgeProperties" name="test_initial_mono" time="0.000" /><testcase classname="tests.qml.test_accessibility_runtime_gate.TestAccessibilityBridgeProperties" name="test_initial_balance" time="0.000" /><testcase classname="tests.qml.test_accessibility_runtime_gate.TestAccessibilityBridgeProperties" name="test_font_scale_setter" time="0.011" /><testcase classname="tests.qml.test_accessibility_runtime_gate.TestAccessibilityBridgeProperties" name="test_high_contrast_setter" time="0.000" /><testcase classname="tests.qml.test_accessibility_runtime_gate.TestAccessibilityBridgeProperties" name="test_reduce_motion_setter" time="0.000" /><testcase classname="tests.qml.test_accessibility_runtime_gate.TestAccessibilityBridgeProperties" name="test_balance_clamps" time="0.009" /><testcase classname="tests.qml.test_accessibility_runtime_gate.TestAccessibilityBridgeProperties" name="test_accessibility_score_returns_dict" time="0.000" /><testcase classname="tests.qml.test_accessibility_runtime_gate.TestAccessibilityBridgeProperties" name="test_refresh_updates_values" time="0.000" /><testcase classname="tests.qml.test_accessibility_runtime_gate.TestAccessibilityGate" name="test_sidebar_accessible_name" time="0.000" /><testcase classname="tests.qml.test_accessibility_runtime_gate.TestAccessibilityGate" name="test_high_contrast_theme_values" time="0.005" /><testcase classname="tests.qml.test_accessibility_runtime_gate.TestAccessibilityGate" name="test_reduced_motion_disables_animations" time="0.004" /><testcase classname="tests.qml.test_accessibility_runtime_gate.TestAccessibilityGate" name="test_font_scale_propagates" time="0.006" /><testcase classname="tests.qml.test_accessibility_runtime_gate.TestAccessibilityGate" name="test_not_depending_on_color_alone" time="0.000" /><testcase classname="tests.qml.test_accessibility_runtime_gate.TestAccessibilityGate" name="test_theme_bridge_processes_accessibility" time="0.000" /><testcase classname="tests.qml.test_accessibility_runtime_gate.TestAccessibilityGate" name="test_keyboard_focus_properties" time="0.000" /><testcase classname="tests.qml.test_accessibility_runtime_gate.TestAccessibilityGate" name="test_screen_reader_announcement_fields" time="0.000" /><testcase classname="tests.qml.test_accessibility_runtime_gate.TestAccessibilityGate" name="test_minimum_interactive_size_concept" time="0.001" /><testcase classname="tests.qml.test_accessibility_runtime_gate.TestAccessibleComponents" name="test_button_accessible" time="0.000" /><testcase classname="tests.qml.test_accessibility_runtime_gate.TestAccessibleComponents" name="test_slider_accessible" time="0.000" /><testcase classname="tests.qml.test_accessibility_runtime_gate.TestAccessibleComponents" name="test_settings_row_accessible" time="0.000" /><testcase classname="tests.qml.test_accessibility_runtime_gate.TestAccessibleComponents" name="test_search_field_accessible" time="0.000" /><testcase classname="tests.qml.test_accessibility_runtime_gate.TestAccessibleComponents" name="test_settings_page_accessible" time="0.000" /><testcase classname="tests.qml.test_ai_receives_diagnostics.TestReceivesDiagnostics" name="test_diagnostics_injected" time="0.001" /><testcase classname="tests.qml.test_ai_receives_diagnostics.TestReceivesDiagnostics" name="test_diagnostics_not_none" time="0.001" /><testcase classname="tests.qml.test_ai_receives_diagnostics.TestReceivesDiagnostics" name="test_diagnose_calls_refresh" time="0.001" /><testcase classname="tests.qml.test_ai_receives_diagnostics.TestReceivesDiagnostics" name="test_diagnose_returns_result" time="0.001" /><testcase classname="tests.qml.test_ai_receives_diagnostics.TestReceivesDiagnostics" name="test_diagnose_without_diagnostics" time="0.001" /><testcase classname="tests.qml.test_ai_receives_diagnostics.TestReceivesDiagnostics" name="test_diagnostics_created_before_ai" time="0.001" /><testcase classname="tests.qml.test_ai_receives_diagnostics.TestReceivesDiagnostics" name="test_diagnostics_refresh_uses_worker" time="0.001" /><testcase classname="tests.qml.test_ai_receives_diagnostics.TestReceivesDiagnostics" name="test_diagnostics_jobs_accessible" time="0.001" /><testcase classname="tests.qml.test_album_detail_vertical.TestAlbumDetailModel" name="test_model_roles" time="0.001" /><testcase classname="tests.qml.test_album_detail_vertical.TestAlbumDetailModel" name="test_empty_initial_state" time="0.000" /><testcase classname="tests.qml.test_album_detail_vertical.TestAlbumDetailModel" name="test_clear_resets" time="0.000" /><testcase classname="tests.qml.test_album_detail_vertical.TestAlbumDetailModel" name="test_load_populates" time="0.001" /><testcase classname="tests.qml.test_album_detail_vertical.TestAlbumDetailModel" name="test_data_access" time="0.000" /><testcase classname="tests.qml.test_album_detail_vertical.TestAlbumDetailModel" name="test_get_track" time="0.000" /><testcase classname="tests.qml.test_album_detail_vertical.TestAlbumDetailModel" name="test_get_track_out_of_range" time="0.000" /><testcase classname="tests.qml.test_album_detail_vertical.TestAlbumDetailModel" name="test_multi_disc_tracks" time="0.001" /><testcase classname="tests.qml.test_album_detail_vertical.TestAlbumDetailModel" name="test_missing_tracks" time="0.001" /><testcase classname="tests.qml.test_album_detail_vertical.TestAlbumDetailModel" name="test_cover_key_fallback" time="0.000" /><testcase classname="tests.qml.test_album_detail_vertical.TestAlbumDetailBridge" name="test_get_album_detail" time="0.003" /><testcase classname="tests.qml.test_album_detail_vertical.TestAlbumDetailBridge" name="test_get_album_detail_not_found" time="0.001" /><testcase classname="tests.qml.test_album_detail_vertical.TestAlbumDetailBridge" name="test_get_album_detail_no_qs" time="0.001" /><testcase classname="tests.qml.test_album_detail_vertical.TestAlbumDetailBridge" name="test_get_album_tracks" time="0.001" /><testcase classname="tests.qml.test_album_detail_vertical.TestAlbumDetailBridge" name="test_play_album" time="0.001" /><testcase classname="tests.qml.test_album_detail_vertical.TestAlbumDetailBridge" name="test_play_album_no_qs" time="0.001" /><testcase classname="tests.qml.test_album_detail_vertical.TestAlbumDetailBridge" name="test_play_album_no_tracks" time="0.001" /><testcase classname="tests.qml.test_album_detail_vertical.TestAlbumDetailBridge" name="test_enqueue_album" time="0.001" /><testcase classname="tests.qml.test_album_detail_vertical.TestAlbumDetailRouteParams" name="test_album_detail_route_has_params" time="0.000" /><testcase classname="tests.qml.test_album_detail_vertical.TestAlbumDetailRouteParams" name="test_album_detail_missing_required_blocked" time="0.000" /><testcase classname="tests.qml.test_album_detail_vertical.TestAlbumDetailRouteParams" name="test_album_detail_with_key_navigates" time="0.000" /><testcase classname="tests.qml.test_album_detail_vertical.TestAlbumDetailRouteParams" name="test_route_registry_bridge_exposes_params" time="0.001" /><testcase classname="tests.qml.test_album_detail_vertical.TestAlbumDetailRouteParams" name="test_has_required_params" time="0.000" /><testcase classname="tests.qml.test_album_detail_vertical.TestAlbumDetailRouteParams" name="test_route_status_functional" time="0.000" /><testcase classname="tests.qml.test_app_ready_and_shutdown" name="test_initial_phase" time="0.002" /><testcase classname="tests.qml.test_app_ready_and_shutdown" name="test_set_ready" time="0.002" /><testcase classname="tests.qml.test_app_ready_and_shutdown" name="test_set_phase" time="0.002" /><testcase classname="tests.qml.test_app_ready_and_shutdown" name="test_set_ready_emits_status" time="0.002" /><testcase classname="tests.qml.test_app_ready_and_shutdown" name="test_quit_sets_accepting_new_false" time="0.004" /><testcase classname="tests.qml.test_app_ready_and_shutdown" name="test_quit_emits_shutting_down" time="0.004" /><testcase classname="tests.qml.test_app_ready_and_shutdown" name="test_quit_shuts_down_query_executor" time="0.005" /><testcase classname="tests.qml.test_app_ready_and_shutdown" name="test_quit_cancels_worker_manager" time="0.005" /><testcase classname="tests.qml.test_app_ready_and_shutdown" name="test_quit_stops_sync_manager" time="0.005" /><testcase classname="tests.qml.test_app_ready_and_shutdown" name="test_quit_stops_home_audio" time="0.004" /><testcase classname="tests.qml.test_app_ready_and_shutdown" name="test_quit_stops_radio" time="0.005" /><testcase classname="tests.qml.test_app_ready_and_shutdown" name="test_quit_stops_player" time="0.005" /><testcase classname="tests.qml.test_app_ready_and_shutdown" name="test_quit_saves_queue" time="0.004" /><testcase classname="tests.qml.test_app_ready_and_shutdown" name="test_quit_closes_db" time="0.046" /><testcase classname="tests.qml.test_app_ready_and_shutdown" name="test_shutdown_with_active_tasks" time="0.005" /><testcase classname="tests.qml.test_app_ready_and_shutdown" name="test_shutdown_tolerates_null_services" time="0.001" /><testcase classname="tests.qml.test_app_ready_and_shutdown" name="test_shutdown_does_not_raise" time="0.005" /><testcase classname="tests.qml.test_app_ready_and_shutdown" name="test_shutting_down_property" time="0.004" /><testcase classname="tests.qml.test_artist_detail_vertical.TestArtistListModel" name="test_artist_model_roles" time="0.000" /><testcase classname="tests.qml.test_artist_detail_vertical.TestArtistListModel" name="test_artist_model_data_access" time="0.000" /><testcase classname="tests.qml.test_artist_detail_vertical.TestArtistListModel" name="test_artist_model_refresh" time="0.001" /><testcase classname="tests.qml.test_artist_detail_vertical.TestArtistListModel" name="test_artist_model_search" time="0.001" /><testcase classname="tests.qml.test_artist_detail_vertical.TestArtistDetailBridge" name="test_get_artist_detail" time="0.001" /><testcase classname="tests.qml.test_artist_detail_vertical.TestArtistDetailBridge" name="test_get_artist_detail_no_qs" time="0.000" /><testcase classname="tests.qml.test_artist_detail_vertical.TestArtistDetailBridge" name="test_get_artist_detail_not_found" time="0.001" /><testcase classname="tests.qml.test_artist_detail_vertical.TestArtistDetailBridge" name="test_get_artist_tracks" time="0.001" /><testcase classname="tests.qml.test_artist_detail_vertical.TestArtistDetailBridge" name="test_get_artist_albums" time="0.001" /><testcase classname="tests.qml.test_artist_detail_vertical.TestArtistDetailBridge" name="test_play_artist" time="0.001" /><testcase classname="tests.qml.test_artist_detail_vertical.TestArtistDetailBridge" name="test_play_artist_no_tracks" time="0.001" /><testcase classname="tests.qml.test_artist_detail_vertical.TestArtistDetailBridge" name="test_play_artist_no_qs" time="0.000" /><testcase classname="tests.qml.test_artist_detail_vertical.TestUnknownArtist" name="test_missing_artist_can_be_filtered" time="0.002" /><testcase classname="tests.qml.test_artist_detail_vertical.TestUnknownArtist" name="test_album_artist_normalization" time="0.000" /><testcase classname="tests.qml.test_artist_detail_vertical.TestUnknownArtist" name="test_artist_with_only_albumartist" time="0.001" /><testcase classname="tests.qml.test_artist_detail_vertical.TestArtistDetailRouteParams" name="test_artist_detail_route_has_params" time="0.000" /><testcase classname="tests.qml.test_artist_detail_vertical.TestArtistDetailRouteParams" name="test_artist_detail_with_param_navigates" time="0.000" /><testcase classname="tests.qml.test_artist_detail_vertical.TestArtistDetailRouteParams" name="test_artist_detail_missing_required_blocked" time="0.000" /><testcase classname="tests.qml.test_artist_detail_vertical.TestArtistDetailRouteParams" name="test_route_status_functional" time="0.000" /><testcase classname="tests.qml.test_artist_detail_vertical.TestLibraryQueryServiceArtistMethods" name="test_artist_tracks_internal" time="0.002" /><testcase classname="tests.qml.test_artist_detail_vertical.TestLibraryQueryServiceArtistMethods" name="test_artist_detail" time="0.001" /><testcase classname="tests.qml.test_bridge_registration_complete" name="test_all_factory_bridges_have_context_binding" time="0.035" /><testcase classname="tests.qml.test_bridge_registration_complete" name="test_all_context_bindings_have_factory_bridge" time="0.003" /><testcase classname="tests.qml.test_bridge_registration_complete" name="test_context_bindings_match_factory_bridges" time="0.003" /><testcase classname="tests.qml.test_canonical_playback_identity" name="test_track_to_playback_by_id_play_track" time="0.014" /><testcase classname="tests.qml.test_canonical_playback_identity" name="test_track_to_playback_by_id_enqueue" time="0.013" /><testcase classname="tests.qml.test_canonical_playback_identity" name="test_track_to_playback_resolves_filepath" time="0.012" /><testcase classname="tests.qml.test_canonical_playback_identity" name="test_track_uid_present" time="0.012" /><testcase classname="tests.qml.test_canonical_playback_identity" name="test_album_to_queue_by_key" time="0.013" /><testcase classname="tests.qml.test_canonical_playback_identity" name="test_album_to_queue_enqueue" time="0.016" /><testcase classname="tests.qml.test_canonical_playback_identity" name="test_album_tracks_resolved_by_id" time="0.012" /><testcase classname="tests.qml.test_canonical_playback_identity" name="test_playlist_to_playback" time="0.000"><skipped type="pytest.skip" message="PlaylistBridge needs DB playlist_tracks integration">/home/cristian/music_player/tests/qml/test_canonical_playback_identity.py:187: PlaylistBridge needs DB playlist_tracks integration</skipped></testcase><testcase classname="tests.qml.test_canonical_playback_identity" name="test_history_item_by_index" time="0.018" /><testcase classname="tests.qml.test_canonical_playback_identity" name="test_history_track_id_present" time="0.012" /><testcase classname="tests.qml.test_canonical_playback_identity" name="test_mix_playback_by_id" time="0.013" /><testcase classname="tests.qml.test_canonical_playback_identity" name="test_search_to_playback_by_id" time="0.013" /><testcase classname="tests.qml.test_canonical_playback_identity" name="test_public_ref_format" time="0.012" /><testcase classname="tests.qml.test_canonical_playback_identity" name="test_track_id_is_primary_identity" time="0.015" /><testcase classname="tests.qml.test_canonical_playback_identity" name="test_detail_public_apis_exclude_filepath" time="0.012" /><testcase classname="tests.qml.test_canonical_playback_identity" name="test_artist_detail_public_apis_exclude_filepath" time="0.011" /><testcase classname="tests.qml.test_dependency_graph_public_api" name="test_global_search_uses_public_query_executor_property" time="0.001" /><testcase classname="tests.qml.test_dependency_graph_public_api" name="test_diagnostics_uses_public_query_executor_property" time="0.001" /><testcase classname="tests.qml.test_dependency_graph_public_api" name="test_job_bridge_has_attach_library_coordinator" time="0.000" /><testcase classname="tests.qml.test_dependency_graph_public_api" name="test_assert_wiring_no_private_attr" time="0.002" /><testcase classname="tests.qml.test_dependency_graph_public_api" name="test_mix_bridge_receives_query_service" time="0.001" /><testcase classname="tests.qml.test_dependency_graph_public_api" name="test_playlists_bridge_receives_playlist_service" time="0.001" /><testcase classname="tests.qml.test_device_sync_pair_transfer.TestDiscovery" name="test_discover_empty" time="0.001" /><testcase classname="tests.qml.test_device_sync_pair_transfer.TestDiscovery" name="test_probe_mount_returns_identity" time="0.001" /><testcase classname="tests.qml.test_device_sync_pair_transfer.TestDiscovery" name="test_discover_includes_probed_paths" time="0.001" /><testcase classname="tests.qml.test_device_sync_pair_transfer.TestDiscovery" name="test_identify_known" time="0.001" /><testcase classname="tests.qml.test_device_sync_pair_transfer.TestDiscovery" name="test_identify_unknown" time="0.000" /><testcase classname="tests.qml.test_device_sync_pair_transfer.TestDeviceIdentity" name="test_hiby_protocol_resolved" time="0.000" /><testcase classname="tests.qml.test_device_sync_pair_transfer.TestDeviceIdentity" name="test_fiio_protocol_resolved" time="0.000" /><testcase classname="tests.qml.test_device_sync_pair_transfer.TestDeviceIdentity" name="test_android_mtp_capabilities" time="0.000" /><testcase classname="tests.qml.test_device_sync_pair_transfer.TestDeviceIdentity" name="test_generic_usb_capabilities" time="0.000" /><testcase classname="tests.qml.test_device_sync_pair_transfer.TestDeviceIdentity" name="test_ruizu_capabilities" time="0.000" /><testcase classname="tests.qml.test_device_sync_pair_transfer.TestStorage" name="test_get_storage_fake" time="0.001" /><testcase classname="tests.qml.test_device_sync_pair_transfer.TestStorage" name="test_list_music" time="0.001" /><testcase classname="tests.qml.test_device_sync_pair_transfer.TestPairing" name="test_pair_device" time="0.000" /><testcase classname="tests.qml.test_device_sync_pair_transfer.TestPairing" name="test_pair_duplicate" time="0.000" /><testcase classname="tests.qml.test_device_sync_pair_transfer.TestPairing" name="test_unpair" time="0.000" /><testcase classname="tests.qml.test_device_sync_pair_transfer.TestPairing" name="test_unpair_not_paired" time="0.000" /><testcase classname="tests.qml.test_device_sync_pair_transfer.TestPairing" name="test_get_paired_list" time="0.000" /><testcase classname="tests.qml.test_device_sync_pair_transfer.TestAuthorization" name="test_authorize" time="0.000" /><testcase classname="tests.qml.test_device_sync_pair_transfer.TestAuthorization" name="test_authorize_not_paired" time="0.000" /><testcase classname="tests.qml.test_device_sync_pair_transfer.TestAuthorization" name="test_unauthorize" time="0.000" /><testcase classname="tests.qml.test_device_sync_pair_transfer.TestTrust" name="test_trust" time="0.000" /><testcase classname="tests.qml.test_device_sync_pair_transfer.TestTrust" name="test_untrust" time="0.000" /><testcase classname="tests.qml.test_device_sync_pair_transfer.TestTrust" name="test_trust_not_paired" time="0.000" /><testcase classname="tests.qml.test_device_sync_pair_transfer.TestTransfer" name="test_create_job" time="0.001" /><testcase classname="tests.qml.test_device_sync_pair_transfer.TestTransfer" name="test_execute_job" time="0.001" /><testcase classname="tests.qml.test_device_sync_pair_transfer.TestTransfer" name="test_execute_job_not_found" time="0.000" /><testcase classname="tests.qml.test_device_sync_pair_transfer.TestTransfer" name="test_cancel_job" time="0.001" /><testcase classname="tests.qml.test_device_sync_pair_transfer.TestTransfer" name="test_cancel_job_not_found" time="0.000" /><testcase classname="tests.qml.test_device_sync_pair_transfer.TestTransfer" name="test_cancel_twice" time="0.001" /><testcase classname="tests.qml.test_device_sync_pair_transfer.TestTransfer" name="test_retry_job" time="0.001" /><testcase classname="tests.qml.test_device_sync_pair_transfer.TestTransfer" name="test_progress_tracking" time="0.001" /><testcase classname="tests.qml.test_device_sync_pair_transfer.TestTransfer" name="test_list_jobs" time="0.001" /><testcase classname="tests.qml.test_device_sync_pair_transfer.TestTransfer" name="test_history" time="0.001" /><testcase classname="tests.qml.test_device_sync_pair_transfer.TestTransfer" name="test_clear_history" time="0.001" /><testcase classname="tests.qml.test_device_sync_pair_transfer.TestPlaylists" name="test_list_playlists" time="0.001" /><testcase classname="tests.qml.test_device_sync_pair_transfer.TestPlaylists" name="test_render_playlist" time="0.001" /><testcase classname="tests.qml.test_device_sync_pair_transfer.TestErrors" name="test_last_errors_empty" time="0.000" /><testcase classname="tests.qml.test_device_sync_pair_transfer.TestErrors" name="test_last_errors_after_failure" time="0.001" /><testcase classname="tests.qml.test_diagnostics_async.TestDiagnosticsAsync" name="test_diagnostics_uses_jobs_not_getters" time="1.007" /><testcase classname="tests.qml.test_diagnostics_async.TestDiagnosticsAsync" name="test_diagnostics_jobs_have_correct_schema" time="2.010" /><testcase classname="tests.qml.test_diagnostics_async.TestDiagnosticsAsync" name="test_empty_library_is_warn_not_fail" time="0.001" /><testcase classname="tests.qml.test_diagnostics_async.TestDiagnosticsAsync" name="test_no_db_is_fail" time="0.000" /><testcase classname="tests.qml.test_diagnostics_async.TestDiagnosticsAsync" name="test_no_player_is_warn" time="0.000" /><testcase classname="tests.qml.test_diagnostics_async.TestDiagnosticsAsync" name="test_copy_diagnostics_format" time="0.001" /><testcase classname="tests.qml.test_diagnostics_async.TestDiagnosticsAsync" name="test_services_availability_all_ok" time="0.001" /><testcase classname="tests.qml.test_global_search_thread_safety" name="test_search_basic" time="0.002" /><testcase classname="tests.qml.test_global_search_thread_safety" name="test_search_empty" time="0.001" /><testcase classname="tests.qml.test_global_search_thread_safety" name="test_cancel" time="0.002" /><testcase classname="tests.qml.test_global_search_thread_safety" name="test_concurrent_searches" time="0.003" /><testcase classname="tests.qml.test_global_search_thread_safety" name="test_supersede_older_requests" time="0.002" /><testcase classname="tests.qml.test_global_search_thread_safety" name="test_request_id_unique" time="0.002" /><testcase classname="tests.qml.test_global_search_thread_safety" name="test_cancel_request" time="0.002" /><testcase classname="tests.qml.test_global_search_thread_safety" name="test_search_all_domains" time="0.002" /><testcase classname="tests.qml.test_global_search_thread_safety" name="test_no_db_path_error" time="0.000" /><testcase classname="tests.qml.test_global_search_thread_safety" name="test_thread_safe_isolation" time="0.003" /><testcase classname="tests.qml.test_global_search_thread_safety" name="test_concurrent_cancel_and_search" time="0.052" /><testcase classname="tests.qml.test_global_search_thread_safety" name="test_custom_owner" time="0.002" /><testcase classname="tests.qml.test_global_search_thread_safety" name="test_fts5_preferred_over_like" time="0.002" /><testcase classname="tests.qml.test_history_sql_pagination" name="test_empty_history" time="0.000" /><testcase classname="tests.qml.test_history_sql_pagination" name="test_single_entry" time="0.000" /><testcase classname="tests.qml.test_history_sql_pagination" name="test_1000_entries" time="0.169" /><testcase classname="tests.qml.test_history_sql_pagination" name="test_50000_entries" time="0.094" /><testcase classname="tests.qml.test_history_sql_pagination" name="test_filter_artist" time="0.001" /><testcase classname="tests.qml.test_history_sql_pagination" name="test_filter_device" time="0.000" /><testcase classname="tests.qml.test_history_sql_pagination" name="test_filter_search" time="0.000" /><testcase classname="tests.qml.test_history_sql_pagination" name="test_retention_policy" time="0.000" /><testcase classname="tests.qml.test_history_sql_pagination" name="test_clear_history" time="0.000" /><testcase classname="tests.qml.test_history_sql_pagination" name="test_delete_one" time="0.000" /><testcase classname="tests.qml.test_history_sql_pagination" name="test_no_db_returns_empty" time="0.000" /><testcase classname="tests.qml.test_history_sql_pagination" name="test_record_play" time="0.000" /><testcase classname="tests.qml.test_library_doctor_repair.TestLibraryDoctorRepair" name="test_detects_missing_file" time="0.001" /><testcase classname="tests.qml.test_library_doctor_repair.TestLibraryDoctorRepair" name="test_detects_missing_metadata" time="0.001" /><testcase classname="tests.qml.test_library_doctor_repair.TestLibraryDoctorRepair" name="test_detects_orphan_playlist_item" time="0.001" /><testcase classname="tests.qml.test_library_doctor_repair.TestLibraryDoctorRepair" name="test_detects_orphan_history" time="0.001" /><testcase classname="tests.qml.test_library_doctor_repair.TestLibraryDoctorRepair" name="test_detects_duplicate_path" time="0.001" /><testcase classname="tests.qml.test_library_doctor_repair.TestLibraryDoctorRepair" name="test_detects_duplicate_uid" time="0.001" /><testcase classname="tests.qml.test_library_doctor_repair.TestLibraryDoctorRepair" name="test_selection_and_deselection" time="0.001" /><testcase classname="tests.qml.test_library_doctor_repair.TestLibraryDoctorRepair" name="test_select_all" time="0.001" /><testcase classname="tests.qml.test_library_doctor_repair.TestLibraryDoctorRepair" name="test_select_none" time="0.001" /><testcase classname="tests.qml.test_library_doctor_repair.TestLibraryDoctorRepair" name="test_repair_missing_metadata_fills_title" time="0.001" /><testcase classname="tests.qml.test_library_doctor_repair.TestLibraryDoctorRepair" name="test_repair_orphan_playlist_deletes" time="0.001" /><testcase classname="tests.qml.test_library_doctor_repair.TestLibraryDoctorRepair" name="test_repair_orphan_history_deletes" time="0.001" /><testcase classname="tests.qml.test_library_doctor_repair.TestLibraryDoctorRepair" name="test_cancel_scan" time="0.001" /><testcase classname="tests.qml.test_library_doctor_repair.TestLibraryDoctorRepair" name="test_async_scan_api_returns_correctly" time="0.000" /><testcase classname="tests.qml.test_library_doctor_repair.TestLibraryDoctorRepair" name="test_scan_with_issues_returns_them" time="0.001" /><testcase classname="tests.qml.test_library_doctor_repair.TestLibraryDoctorRepair" name="test_no_silent_500_track_limit" time="0.013" /><testcase classname="tests.qml.test_library_visible_real_db" name="test_track_inserted[track_mp3-0]" time="3.018" /><testcase classname="tests.qml.test_library_visible_real_db" name="test_track_inserted[track_flac-1]" time="3.010" /><testcase classname="tests.qml.test_library_visible_real_db" name="test_track_inserted[track_wav-2]" time="3.018" /><testcase classname="tests.qml.test_library_visible_real_db" name="test_model_count_is_three" time="13.020" /><testcase classname="tests.qml.test_library_visible_real_db" name="test_all_titles_visible_in_db" time="3.010" /><testcase classname="tests.qml.test_library_visible_real_db" name="test_model_reflects_count_real_db" time="0.011" /><testcase classname="tests.qml.test_library_visible_real_db" name="test_model_returns_titles_real_db" time="0.011" /><testcase classname="tests.qml.test_metadata_batch_worker.TestMetadataBatchWorker" name="test_batch_set_field_uses_callable_not_dict" time="0.503" /><testcase classname="tests.qml.test_metadata_batch_worker.TestMetadataBatchWorker" name="test_batch_cancellation" time="0.503" /><testcase classname="tests.qml.test_metadata_batch_worker.TestMetadataBatchWorker" name="test_batch_sync_fallback" time="0.000" /><testcase classname="tests.qml.test_metadata_batch_worker.TestMetadataBatchWorker" name="test_batch_set_field_creates_task_handle" time="0.503" /><testcase classname="tests.qml.test_metadata_batch_worker.TestMetadataBatchWorker" name="test_batch_set_field_with_different_key_types" time="0.001" /><testcase classname="tests.qml.test_metadata_batch_worker.TestMetadataBatchWorker" name="test_cancel_batch_returns_ok" time="0.000" /><testcase classname="tests.qml.test_metadata_batch_worker.TestMetadataBatchWorker" name="test_batch_set_field_rejects_busy" time="0.503" /><testcase classname="tests.qml.test_michi_ai_action_execution.TestStates" name="test_initial_state" time="0.002" /><testcase classname="tests.qml.test_michi_ai_action_execution.TestStates" name="test_valid_states" time="0.001" /><testcase classname="tests.qml.test_michi_ai_action_execution.TestStates" name="test_invalid_state_ignored" time="0.001" /><testcase classname="tests.qml.test_michi_ai_action_execution.TestActionExecution" name="test_reproducir_cancion" time="0.002" /><testcase classname="tests.qml.test_michi_ai_action_execution.TestActionExecution" name="test_reproducir_album" time="0.002" /><testcase classname="tests.qml.test_michi_ai_action_execution.TestActionExecution" name="test_encolar" time="0.003" /><testcase classname="tests.qml.test_michi_ai_action_execution.TestActionExecution" name="test_buscar" time="0.002" /><testcase classname="tests.qml.test_michi_ai_action_execution.TestActionExecution" name="test_abrir_ruta" time="0.002" /><testcase classname="tests.qml.test_michi_ai_action_execution.TestActionExecution" name="test_abrir_ajustes" time="0.002" /><testcase classname="tests.qml.test_michi_ai_action_execution.TestActionExecution" name="test_crear_playlist_requires_confirmation" time="0.002" /><testcase classname="tests.qml.test_michi_ai_action_execution.TestActionExecution" name="test_confirm_creates_playlist" time="0.002" /><testcase classname="tests.qml.test_michi_ai_action_execution.TestActionExecution" name="test_cancel_aborts_action" time="0.002" /><testcase classname="tests.qml.test_michi_ai_action_execution.TestActionExecution" name="test_diagnosticar" time="0.002" /><testcase classname="tests.qml.test_michi_ai_action_execution.TestActionExecution" name="test_cambiar_ajuste_seguro_requires_confirmation" time="0.001" /><testcase classname="tests.qml.test_michi_ai_action_execution.TestActionExecution" name="test_cambiar_ajuste_confirmado" time="0.002" /><testcase classname="tests.qml.test_michi_ai_action_execution.TestActionExecution" name="test_unknown_action_returns_fallback" time="0.001" /><testcase classname="tests.qml.test_michi_ai_action_execution.TestActionExecution" name="test_mostrar_no_escuchadas" time="0.002" /><testcase classname="tests.qml.test_michi_ai_action_execution.TestCancel" name="test_cancel_cancels_worker_task" time="0.002" /><testcase classname="tests.qml.test_michi_ai_action_execution.TestCancel" name="test_cancel_during_confirmation" time="0.003" /><testcase classname="tests.qml.test_michi_ai_action_execution.TestCancel" name="test_cancel_idempotent" time="0.001" /><testcase classname="tests.qml.test_michi_ai_action_execution.TestScore" name="test_score_includes_all_services" time="0.002" /><testcase classname="tests.qml.test_michi_ai_action_execution.TestScore" name="test_score_no_services" time="0.000" /><testcase classname="tests.qml.test_michi_ai_album_playback.TestAlbumPlayback" name="test_play_album_reproduce_album" time="0.001" /><testcase classname="tests.qml.test_michi_ai_album_playback.TestAlbumPlayback" name="test_play_album_not_found" time="0.001" /><testcase classname="tests.qml.test_michi_ai_album_playback.TestAlbumPlayback" name="test_play_album_no_name" time="0.001" /><testcase classname="tests.qml.test_michi_ai_album_playback.TestAlbumPlayback" name="test_play_album_ambiguous" time="0.001" /><testcase classname="tests.qml.test_michi_ai_album_playback.TestAlbumPlayback" name="test_play_album_no_tas" time="0.001" /><testcase classname="tests.qml.test_michi_ai_album_playback.TestAlbumPlayback" name="test_play_album_parses_correctly" time="0.001" /><testcase classname="tests.qml.test_michi_ai_no_false_success.TestNoFalseSuccess" name="test_play_track_no_search_service" time="0.001" /><testcase classname="tests.qml.test_michi_ai_no_false_success.TestNoFalseSuccess" name="test_play_track_search_fails" time="0.002" /><testcase classname="tests.qml.test_michi_ai_no_false_success.TestNoFalseSuccess" name="test_play_track_not_found" time="0.001" /><testcase classname="tests.qml.test_michi_ai_no_false_success.TestNoFalseSuccess" name="test_play_album_not_found" time="0.001" /><testcase classname="tests.qml.test_michi_ai_no_false_success.TestNoFalseSuccess" name="test_enqueue_requires_track" time="0.001" /><testcase classname="tests.qml.test_michi_ai_no_false_success.TestNoFalseSuccess" name="test_enqueue_no_track_name" time="0.001" /><testcase classname="tests.qml.test_michi_ai_no_false_success.TestNoFalseSuccess" name="test_enqueue_not_found" time="0.001" /><testcase classname="tests.qml.test_michi_ai_no_false_success.TestNoFalseSuccess" name="test_search_no_query" time="0.001" /><testcase classname="tests.qml.test_michi_ai_no_false_success.TestNoFalseSuccess" name="test_open_settings_no_nav" time="0.001" /><testcase classname="tests.qml.test_michi_ai_no_false_success.TestNoFalseSuccess" name="test_open_route_no_nav" time="0.001" /><testcase classname="tests.qml.test_michi_ai_no_false_success.TestNoFalseSuccess" name="test_create_playlist_no_service" time="0.001" /><testcase classname="tests.qml.test_michi_ai_no_false_success.TestNoFalseSuccess" name="test_show_unheard_no_mix_query" time="0.001" /><testcase classname="tests.qml.test_michi_ai_no_false_success.TestNoFalseSuccess" name="test_diagnose_no_diagnostics" time="0.001" /><testcase classname="tests.qml.test_michi_ai_no_false_success.TestNoFalseSuccess" name="test_change_setting_no_settings" time="0.002" /><testcase classname="tests.qml.test_michi_ai_no_false_success.TestNoFalseSuccess" name="test_action_unknown" time="0.001" /><testcase classname="tests.qml.test_michi_ai_no_false_success.TestNoFalseSuccess" name="test_no_fake_encolado_simulado" time="0.001" /><testcase classname="tests.qml.test_michi_ai_no_false_success.TestNoFalseSuccess" name="test_no_fake_ok_true_from_play" time="0.001" /><testcase classname="tests.qml.test_michi_ai_no_false_success.TestNoFalseSuccess" name="test_no_fake_ok_true_from_play_album" time="0.001" /><testcase classname="tests.qml.test_michi_ai_settings_keys.TestSettingsKeys" name="test_volume_uses_playback_default_volume" time="0.001" /><testcase classname="tests.qml.test_michi_ai_settings_keys.TestSettingsKeys" name="test_volume_key_not_audio_volume" time="0.001" /><testcase classname="tests.qml.test_michi_ai_settings_keys.TestSettingsKeys" name="test_theme_uses_appearance_theme" time="0.001" /><testcase classname="tests.qml.test_michi_ai_settings_keys.TestSettingsKeys" name="test_theme_key_not_theme_mode" time="0.001" /><testcase classname="tests.qml.test_michi_ai_settings_keys.TestSettingsKeys" name="test_setting_value_is_correct_type" time="0.001" /><testcase classname="tests.qml.test_michi_ai_settings_keys.TestSettingsKeys" name="test_theme_value_is_string" time="0.001" /><testcase classname="tests.qml.test_michi_ai_settings_keys.TestSettingsKeys" name="test_setting_change_requires_confirmation" time="0.001" /><testcase classname="tests.qml.test_michi_ai_settings_keys.TestSettingsKeys" name="test_setting_change_confirm_executes" time="0.001" /><testcase classname="tests.qml.test_michi_ai_settings_keys.TestSettingsKeys" name="test_no_audio_volume_key_leaked" time="0.001" /><testcase classname="tests.qml.test_mix_shared_service_actions" name="test_bridge_creation" time="0.000" /><testcase classname="tests.qml.test_mix_shared_service_actions" name="test_load_favorites" time="0.001" /><testcase classname="tests.qml.test_mix_shared_service_actions" name="test_load_recent" time="0.001" /><testcase classname="tests.qml.test_mix_shared_service_actions" name="test_load_most_played" time="0.001" /><testcase classname="tests.qml.test_mix_shared_service_actions" name="test_load_unplayed" time="0.001" /><testcase classname="tests.qml.test_mix_shared_service_actions" name="test_load_daily_mix" time="0.001" /><testcase classname="tests.qml.test_mix_shared_service_actions" name="test_load_unknown_mix" time="0.001" /><testcase classname="tests.qml.test_mix_shared_service_actions" name="test_play_mix" time="0.002" /><testcase classname="tests.qml.test_mix_shared_service_actions" name="test_play_mix_empty" time="0.000" /><testcase classname="tests.qml.test_mix_shared_service_actions" name="test_play_from_index" time="0.001" /><testcase classname="tests.qml.test_mix_shared_service_actions" name="test_play_from_index_invalid" time="0.001" /><testcase classname="tests.qml.test_mix_shared_service_actions" name="test_enqueue_mix" time="0.002" /><testcase classname="tests.qml.test_mix_shared_service_actions" name="test_cancel_generation" time="0.001" /><testcase classname="tests.qml.test_mix_shared_service_actions" name="test_refresh" time="0.001" /><testcase classname="tests.qml.test_mix_shared_service_actions" name="test_explain_current_mix" time="0.001" /><testcase classname="tests.qml.test_mix_shared_service_actions" name="test_save_mix_as_playlist_with_rollback" time="0.002" /><testcase classname="tests.qml.test_mix_shared_service_actions" name="test_partial_failure_report" time="0.001" /><testcase classname="tests.qml.test_mix_shared_service_actions" name="test_no_track_action_service" time="0.000" /><testcase classname="tests.qml.test_mix_shared_service_actions" name="test_stale_protection" time="0.000" /><testcase classname="tests.qml.test_notification_action_execution.TestBasicNotifications" name="test_show_message" time="0.003" /><testcase classname="tests.qml.test_notification_action_execution.TestBasicNotifications" name="test_show_message_kind" time="0.001" /><testcase classname="tests.qml.test_notification_action_execution.TestBasicNotifications" name="test_show_message_dedup" time="0.001" /><testcase classname="tests.qml.test_notification_action_execution.TestBasicNotifications" name="test_dismiss" time="0.002" /><testcase classname="tests.qml.test_notification_action_execution.TestBasicNotifications" name="test_clear" time="0.001" /><testcase classname="tests.qml.test_notification_action_execution.TestBasicNotifications" name="test_show_action" time="0.001" /><testcase classname="tests.qml.test_notification_action_execution.TestBasicNotifications" name="test_show_progress" time="0.001" /><testcase classname="tests.qml.test_notification_action_execution.TestBasicNotifications" name="test_update_progress" time="0.001" /><testcase classname="tests.qml.test_notification_action_execution.TestActionIntegration" name="test_execute_current_action" time="0.001" /><testcase classname="tests.qml.test_notification_action_execution.TestActionIntegration" name="test_execute_current_no_action" time="0.001" /><testcase classname="tests.qml.test_notification_action_execution.TestActionIntegration" name="test_execute_current_no_notification" time="0.001" /><testcase classname="tests.qml.test_notification_action_execution.TestActionIntegration" name="test_execute_notification_action_by_id" time="0.001" /><testcase classname="tests.qml.test_notification_action_execution.TestActionIntegration" name="test_execute_notification_action_not_found" time="0.001" /><testcase classname="tests.qml.test_notification_action_execution.TestActionIntegration" name="test_execute_notification_action_from_queue" time="0.001" /><testcase classname="tests.qml.test_notification_action_execution.TestActionIntegration" name="test_action_registry_returns_false" time="0.001" /><testcase classname="tests.qml.test_notification_action_execution.TestActionIntegration" name="test_action_executed_signal_emitted" time="0.001" /><testcase classname="tests.qml.test_notification_action_execution.TestCancelJob" name="test_cancel_job" time="0.001" /><testcase classname="tests.qml.test_notification_action_execution.TestCancelJob" name="test_cancel_job_no_bridge" time="0.001" /><testcase classname="tests.qml.test_notification_action_execution.TestCancelJob" name="test_cancel_job_invalid_id" time="0.001" /><testcase classname="tests.qml.test_notification_action_execution.TestPriority" name="test_action_has_high_priority" time="0.001" /><testcase classname="tests.qml.test_notification_action_execution.TestPriority" name="test_error_is_persistent" time="0.001" /><testcase classname="tests.qml.test_notification_action_execution.TestPriority" name="test_info_times_out" time="0.001" /><testcase classname="tests.qml.test_notification_action_execution.TestScore" name="test_score_has_action_registry" time="0.001" /><testcase classname="tests.qml.test_notification_action_execution.TestScore" name="test_score_no_registry" time="0.000" /><testcase classname="tests.qml.test_notification_action_registry.TestActionIntegration" name="test_action_id_present" time="0.001" /><testcase classname="tests.qml.test_notification_action_registry.TestActionIntegration" name="test_primary_action_executes" time="0.001" /><testcase classname="tests.qml.test_notification_action_registry.TestActionIntegration" name="test_execute_notification_action_returns_result" time="0.001" /><testcase classname="tests.qml.test_notification_action_registry.TestActionIntegration" name="test_progress_tracking" time="0.001" /><testcase classname="tests.qml.test_notification_action_registry.TestActionIntegration" name="test_progress_update" time="0.001" /><testcase classname="tests.qml.test_notification_action_registry.TestActionIntegration" name="test_progress_update_float" time="0.001" /><testcase classname="tests.qml.test_notification_action_registry.TestActionIntegration" name="test_cancel_job" time="0.001" /><testcase classname="tests.qml.test_notification_action_registry.TestActionIntegration" name="test_retry_action" time="0.001" /><testcase classname="tests.qml.test_notification_action_registry.TestActionIntegration" name="test_retry_not_found" time="0.001" /><testcase classname="tests.qml.test_notification_action_registry.TestActionIntegration" name="test_retry_limit" time="0.001" /><testcase classname="tests.qml.test_notification_action_registry.TestActionIntegration" name="test_dismiss" time="0.001" /><testcase classname="tests.qml.test_notification_action_registry.TestActionIntegration" name="test_dismiss_queue" time="0.001" /><testcase classname="tests.qml.test_notification_action_registry.TestActionIntegration" name="test_clear_all" time="0.001" /><testcase classname="tests.qml.test_notification_action_registry.TestActionIntegration" name="test_error_persistence" time="0.001" /><testcase classname="tests.qml.test_notification_action_registry.TestActionIntegration" name="test_accessibility_announcement" time="0.001" /><testcase classname="tests.qml.test_notification_action_registry.TestScore" name="test_score_positive" time="0.001" /><testcase classname="tests.qml.test_notification_action_registry.TestScore" name="test_score_no_registry" time="0.000" /><testcase classname="tests.qml.test_notification_wiring.TestWiring" name="test_created_after_action_registry" time="0.000" /><testcase classname="tests.qml.test_notification_wiring.TestWiring" name="test_created_after_job_bridge" time="0.001" /><testcase classname="tests.qml.test_notification_wiring.TestWiring" name="test_accepts_both_dependencies" time="0.001" /><testcase classname="tests.qml.test_notification_wiring.TestWiring" name="test_read_only_action_registry" time="0.000" /><testcase classname="tests.qml.test_notification_wiring.TestWiring" name="test_read_only_job_bridge" time="0.001" /><testcase classname="tests.qml.test_notification_wiring.TestWiring" name="test_read_only_current" time="0.000" /><testcase classname="tests.qml.test_notification_wiring.TestWiring" name="test_read_only_queue" time="0.000" /><testcase classname="tests.qml.test_notification_wiring.TestWiring" name="test_wiring_no_circular_dependency" time="0.000" /><testcase classname="tests.qml.test_notification_wiring.TestWiring" name="test_notification_uses_action_registry_execute" time="0.001" /><testcase classname="tests.qml.test_notification_wiring.TestWiring" name="test_notification_uses_job_bridge_cancel" time="0.001" /><testcase classname="tests.qml.test_notification_wiring.TestWiring" name="test_notification_properties_accessible_from_qml" time="0.000" /><testcase classname="tests.qml.test_notification_wiring.TestWiring" name="test_queue_property_reflects_state" time="0.000" /><testcase classname="tests.qml.test_output_profile_failures" name="test_refresh_profiles" time="0.002" /><testcase classname="tests.qml.test_output_profile_failures" name="test_set_valid_profile" time="0.001" /><testcase classname="tests.qml.test_output_profile_failures" name="test_invalid_profile" time="0.002" /><testcase classname="tests.qml.test_output_profile_failures" name="test_mpd_unavailable_fallback" time="0.001" /><testcase classname="tests.qml.test_output_profile_failures" name="test_fallback_detection" time="0.001" /><testcase classname="tests.qml.test_output_profile_failures" name="test_gstreamer_profile" time="0.001" /><testcase classname="tests.qml.test_output_profile_failures" name="test_hifi_profile" time="0.001" /><testcase classname="tests.qml.test_output_profile_failures" name="test_bitperfect_profile" time="0.001" /><testcase classname="tests.qml.test_output_profile_failures" name="test_dsd_profile" time="0.001" /><testcase classname="tests.qml.test_output_profile_failures" name="test_refresh_no_player" time="0.000" /><testcase classname="tests.qml.test_output_profile_failures" name="test_set_profile_no_player" time="0.000" /><testcase classname="tests.qml.test_output_profile_failures" name="test_profile_switch_returns_complete_result" time="0.001" /><testcase classname="tests.qml.test_output_profile_failures" name="test_set_active_only_on_success" time="0.001" /><testcase classname="tests.qml.test_output_profile_failures" name="test_persistence_sync" time="0.001" /><testcase classname="tests.qml.test_physical_artifact_validation" name="test_artifact_exists" time="0.000" /><testcase classname="tests.qml.test_physical_artifact_validation" name="test_artifact_is_valid_json" time="0.000" /><testcase classname="tests.qml.test_physical_artifact_validation" name="test_required_fields_present" time="0.000" /><testcase classname="tests.qml.test_physical_artifact_validation" name="test_status_is_valid" time="0.000" /><testcase classname="tests.qml.test_physical_artifact_validation" name="test_all_21_checks_present" time="0.000" /><testcase classname="tests.qml.test_physical_artifact_validation" name="test_each_check_has_required_fields" time="0.000" /><testcase classname="tests.qml.test_physical_artifact_validation" name="test_pass_count_matches" time="0.000" /><testcase classname="tests.qml.test_physical_artifact_validation" name="test_total_count_matches" time="0.000" /><testcase classname="tests.qml.test_physical_artifact_validation" name="test_sha_is_non_empty" time="0.000" /><testcase classname="tests.qml.test_physical_artifact_validation" name="test_date_is_non_empty" time="0.000" /><testcase classname="tests.qml.test_physical_artifact_validation" name="test_platform_is_non_empty" time="0.000" /><testcase classname="tests.qml.test_physical_artifact_validation" name="test_backend_is_non_empty_when_verified" time="0.000" /><testcase classname="tests.qml.test_physical_artifact_validation" name="test_device_is_non_empty_when_verified" time="0.000" /><testcase classname="tests.qml.test_physical_artifact_validation" name="test_blocked_hardware_has_reason" time="0.000" /><testcase classname="tests.qml.test_physical_artifact_validation" name="test_verified_requires_all_pass" time="0.000" /><testcase classname="tests.qml.test_physical_runner_schema.TestPhysicalRunnerSchema" name="test_artifact_exists" time="0.000" /><testcase classname="tests.qml.test_physical_runner_schema.TestPhysicalRunnerSchema" name="test_artifact_is_valid_json" time="0.000" /><testcase classname="tests.qml.test_physical_runner_schema.TestPhysicalRunnerSchema" name="test_required_top_fields" time="0.000" /><testcase classname="tests.qml.test_physical_runner_schema.TestPhysicalRunnerSchema" name="test_status_valid" time="0.000" /><testcase classname="tests.qml.test_physical_runner_schema.TestPhysicalRunnerSchema" name="test_all_21_checks_present" time="0.000" /><testcase classname="tests.qml.test_physical_runner_schema.TestPhysicalRunnerSchema" name="test_each_check_has_required_fields" time="0.000" /><testcase classname="tests.qml.test_physical_runner_schema.TestPhysicalRunnerSchema" name="test_pass_total_consistency" time="0.000" /><testcase classname="tests.qml.test_physical_runner_schema.TestPhysicalRunnerSchema" name="test_sha_non_empty" time="0.000" /><testcase classname="tests.qml.test_physical_runner_schema.TestPhysicalRunnerSchema" name="test_date_non_empty" time="0.000" /><testcase classname="tests.qml.test_physical_runner_schema.TestPhysicalRunnerSchema" name="test_platform_non_empty" time="0.000" /><testcase classname="tests.qml.test_physical_runner_schema.TestPhysicalRunnerSchema" name="test_backend_present" time="0.000" /><testcase classname="tests.qml.test_physical_runner_schema.TestPhysicalRunnerSchema" name="test_device_present" time="0.000" /><testcase classname="tests.qml.test_physical_runner_schema.TestPhysicalRunnerSchema" name="test_version_present" time="0.000" /><testcase classname="tests.qml.test_physical_runner_schema.TestPhysicalRunnerSchema" name="test_local_runner_fields" time="0.000" /><testcase classname="tests.qml.test_physical_runner_schema.TestPhysicalRunnerSchema" name="test_screenshots_is_list" time="0.000" /><testcase classname="tests.qml.test_physical_runner_schema.TestPhysicalRunnerSchema" name="test_logs_is_list" time="0.000" /><testcase classname="tests.qml.test_physical_runner_schema.TestPhysicalRunnerSchema" name="test_result_individual_check_format" time="0.000" /><testcase classname="tests.qml.test_physical_runner_schema.TestPhysicalRunnerSchema" name="test_placeholder_check_not_passed" time="0.000" /><testcase classname="tests.qml.test_physical_runner_schema.TestPhysicalRunnerSchema" name="test_evidence_is_string_or_list" time="0.000" /><testcase classname="tests.qml.test_physical_verified_requires_21.TestPhysicalVerifiedRequires21" name="test_artifact_exists" time="0.000" /><testcase classname="tests.qml.test_physical_verified_requires_21.TestPhysicalVerifiedRequires21" name="test_verified_requires_all_21_passed" time="0.000" /><testcase classname="tests.qml.test_physical_verified_requires_21.TestPhysicalVerifiedRequires21" name="test_blocked_hardware_cannot_be_verified" time="0.000" /><testcase classname="tests.qml.test_physical_verified_requires_21.TestPhysicalVerifiedRequires21" name="test_failed_not_verified" time="0.000" /><testcase classname="tests.qml.test_physical_verified_requires_21.TestPhysicalVerifiedRequires21" name="test_pending_not_verified" time="0.000" /><testcase classname="tests.qml.test_physical_verified_requires_21.TestPhysicalVerifiedRequires21" name="test_running_not_verified" time="0.000" /><testcase classname="tests.qml.test_physical_verified_requires_21.TestPhysicalVerifiedRequires21" name="test_verified_has_backend" time="0.000" /><testcase classname="tests.qml.test_physical_verified_requires_21.TestPhysicalVerifiedRequires21" name="test_verified_has_device" time="0.000" /><testcase classname="tests.qml.test_physical_verified_requires_21.TestPhysicalVerifiedRequires21" name="test_verified_has_sink" time="0.000" /><testcase classname="tests.qml.test_physical_verified_requires_21.TestPhysicalVerifiedRequires21" name="test_verified_has_sample_rate" time="0.000" /><testcase classname="tests.qml.test_physical_verified_requires_21.TestPhysicalVerifiedRequires21" name="test_verified_has_format" time="0.000" /><testcase classname="tests.qml.test_physical_verified_requires_21.TestPhysicalVerifiedRequires21" name="test_verified_has_profile" time="0.000" /><testcase classname="tests.qml.test_physical_verified_requires_21.TestPhysicalVerifiedRequires21" name="test_all_checks_present_in_verified" time="0.000" /><testcase classname="tests.qml.test_physical_verified_requires_21.TestPhysicalVerifiedRequires21" name="test_verified_each_check_has_result" time="0.000" /><testcase classname="tests.qml.test_playlist_service_transactions" name="test_create_playlist" time="0.001" /><testcase classname="tests.qml.test_playlist_service_transactions" name="test_empty_name" time="0.000" /><testcase classname="tests.qml.test_playlist_service_transactions" name="test_rename" time="0.001" /><testcase classname="tests.qml.test_playlist_service_transactions" name="test_delete" time="0.001" /><testcase classname="tests.qml.test_playlist_service_transactions" name="test_duplicate" time="0.001" /><testcase classname="tests.qml.test_playlist_service_transactions" name="test_reorder" time="0.001" /><testcase classname="tests.qml.test_playlist_service_transactions" name="test_batch_add" time="0.001" /><testcase classname="tests.qml.test_playlist_service_transactions" name="test_batch_remove" time="0.001" /><testcase classname="tests.qml.test_playlist_service_transactions" name="test_batch_add_empty" time="0.001" /><testcase classname="tests.qml.test_playlist_service_transactions" name="test_batch_remove_empty" time="0.001" /><testcase classname="tests.qml.test_playlist_service_transactions" name="test_detect_missing_tracks" time="0.001" /><testcase classname="tests.qml.test_playlist_service_transactions" name="test_import_preview" time="0.002" /><testcase classname="tests.qml.test_playlist_service_transactions" name="test_import_preview_file_not_found" time="0.001" /><testcase classname="tests.qml.test_playlist_service_transactions" name="test_import_confirm" time="0.001" /><testcase classname="tests.qml.test_playlist_service_transactions" name="test_export" time="0.001" /><testcase classname="tests.qml.test_playlist_service_transactions" name="test_cancel_import" time="0.000" /><testcase classname="tests.qml.test_playlist_service_transactions" name="test_cancel_import_no_id" time="0.000" /><testcase classname="tests.qml.test_playlist_service_transactions" name="test_transaction_commit_rollback" time="0.001" /><testcase classname="tests.qml.test_playlist_service_transactions" name="test_play_from_index" time="0.001" /><testcase classname="tests.qml.test_playlist_service_transactions" name="test_play_from_index_invalid" time="0.001" /><testcase classname="tests.qml.test_playlist_service_transactions" name="test_get_detail" time="0.001" /><testcase classname="tests.qml.test_playlist_service_transactions" name="test_list" time="0.001" /><testcase classname="tests.qml.test_playlist_service_transactions" name="test_no_db" time="0.000" /><testcase classname="tests.qml.test_qml_bridges" name="test_qml_main_exists" time="0.000" /><testcase classname="tests.qml.test_qml_bridges" name="test_michi_app_exists" time="0.000" /><testcase classname="tests.qml.test_qml_bridges" name="test_qmldir_exists" time="0.000" /><testcase classname="tests.qml.test_qml_bridges" name="test_theme_qmldir_exists" time="0.000" /><testcase classname="tests.qml.test_qml_bridges" name="test_theme_files" time="0.000" /><testcase classname="tests.qml.test_qml_bridges" name="test_materials_files" time="0.000" /><testcase classname="tests.qml.test_qml_bridges" name="test_components_files" time="0.000" /><testcase classname="tests.qml.test_qml_bridges" name="test_shell_files" time="0.000" /><testcase classname="tests.qml.test_qml_bridges" name="test_page_stack_contains_new_routes" time="0.000" /><testcase classname="tests.qml.test_qml_bridges" name="test_page_stack_references_exist" time="0.001" /><testcase classname="tests.qml.test_qml_bridges" name="test_qml_files_have_no_emoji_icons" time="0.017" /><testcase classname="tests.qml.test_qml_bridges" name="test_app_shell_titles_match_sidebar_routes" time="0.000" /><testcase classname="tests.qml.test_qml_bridges" name="test_sidebar_has_no_forbidden_routes" time="0.000" /><testcase classname="tests.qml.test_qml_bridges" name="test_sidebar_contains_radio_and_playlists" time="0.000" /><testcase classname="tests.qml.test_qml_bridges" name="test_sidebar_uses_michi_ai_label" time="0.000" /><testcase classname="tests.qml.test_qml_bridges" name="test_sidebar_contains_reproduccion_label" time="0.000" /><testcase classname="tests.qml.test_qml_bridges" name="test_sidebar_has_no_ajustes" time="0.000" /><testcase classname="tests.qml.test_qml_bridges" name="test_page_stack_has_explicit_radio_playlists" time="0.000" /><testcase classname="tests.qml.test_qml_bridges" name="test_sidebar_no_settings_ajustes" time="0.000" /><testcase classname="tests.qml.test_qml_bridges" name="test_sidebar_has_no_emoji_glyphs" time="0.001" /><testcase classname="tests.qml.test_qml_bridges" name="test_context_menu_has_no_emojis" time="0.000" /><testcase classname="tests.qml.test_qml_bridges" name="test_qml_main_importable" time="0.012" /><testcase classname="tests.qml.test_qml_bridges.TestAppBridge" name="test_instantiate" time="0.001" /><testcase classname="tests.qml.test_qml_bridges.TestAppBridge" name="test_quit_slot" time="0.001" /><testcase classname="tests.qml.test_qml_bridges.TestNavigationBridge" name="test_default_route" time="0.000" /><testcase classname="tests.qml.test_qml_bridges.TestNavigationBridge" name="test_navigate_changes_route" time="0.000" /><testcase classname="tests.qml.test_qml_bridges.TestNavigationBridge" name="test_same_route_no_change" time="0.000" /><testcase classname="tests.qml.test_qml_bridges.TestNavigationBridge" name="test_empty_route_falls_back" time="0.000" /><testcase classname="tests.qml.test_qml_bridges.TestNavigationBridge" name="test_invalid_route_falls_back" time="0.000" /><testcase classname="tests.qml.test_qml_bridges.TestNavigationBridge" name="test_navigate_slot" time="0.000" /><testcase classname="tests.qml.test_qml_bridges.TestNavigationBridge" name="test_navigate_radio_works" time="0.000" /><testcase classname="tests.qml.test_qml_bridges.TestNavigationBridge" name="test_navigate_playlists_works" time="0.000" /><testcase classname="tests.qml.test_qml_bridges.TestNavigationBridge" name="test_navigate_assistant_works" time="0.000" /><testcase classname="tests.qml.test_qml_bridges.TestNavigationBridge" name="test_navigate_settings_falls_to_placeholder" time="0.000" /><testcase classname="tests.qml.test_qml_bridges.TestNavigationBridge" name="test_navigate_michi_ai_falls_to_placeholder" time="0.000" /><testcase classname="tests.qml.test_qml_bridges.TestCommandBus" name="test_instantiate" time="0.000" /><testcase classname="tests.qml.test_qml_bridges.TestCommandBus" name="test_execute_does_not_crash" time="0.000" /><testcase classname="tests.qml.test_qml_bridges.TestThemeBridge" name="test_default_dark" time="0.000" /><testcase classname="tests.qml.test_qml_bridges.TestThemeBridge" name="test_set_light" time="0.011" /><testcase classname="tests.qml.test_qml_bridges.TestThemeBridge" name="test_set_dark" time="0.004" /><testcase classname="tests.qml.test_qml_bridges.TestHomeBridge" name="test_default_stats" time="0.000" /><testcase classname="tests.qml.test_qml_bridges.TestHomeBridge" name="test_set_library_stats" time="0.000" /><testcase classname="tests.qml.test_qml_bridges.TestHomeBridge" name="test_refresh_does_not_crash" time="0.000" /><testcase classname="tests.qml.test_qml_bridges.TestHomeBridge" name="test_set_library_stats_slot" time="0.000" /><testcase classname="tests.qml.test_qml_bridges.TestConnectionsBridge" name="test_default_state" time="0.000" /><testcase classname="tests.qml.test_qml_bridges.TestConnectionsBridge" name="test_scan_for_servers" time="0.000" /><testcase classname="tests.qml.test_qml_bridges.TestConnectionsBridge" name="test_add_manual_server" time="0.000" /><testcase classname="tests.qml.test_qml_bridges.TestConnectionsBridge" name="test_scan_slot" time="0.000" /><testcase classname="tests.qml.test_qml_bridges.TestConnectionsBridge" name="test_connect_manual_returns_dict" time="0.000" /><testcase classname="tests.qml.test_qml_bridges.TestConnectionsBridge" name="test_diagnose_returns_dict" time="0.000" /><testcase classname="tests.qml.test_qml_bridges.TestConnectionsBridge" name="test_disconnect_returns_dict" time="0.000" /><testcase classname="tests.qml.test_qml_bridges.TestConnectionsBridge" name="test_capabilities_list" time="0.000" /><testcase classname="tests.qml.test_qml_bridges.TestHomeAudioBridge" name="test_default_state" time="0.000" /><testcase classname="tests.qml.test_qml_bridges.TestHomeAudioBridge" name="test_configure_home_assistant_returns_dict" time="0.000" /><testcase classname="tests.qml.test_qml_bridges.TestHomeAudioBridge" name="test_open_diagnostics" time="0.000" /><testcase classname="tests.qml.test_qml_bridges.TestHomeAudioBridge" name="test_capabilities_no_controller" time="0.000" /><testcase classname="tests.qml.test_qml_bridges.TestSmartTaggingBridge" name="test_smart_tagging_importable" time="0.000" /><testcase classname="tests.qml.test_qml_bridges.TestSmartTaggingBridge" name="test_smart_tagging_scan_by_id_no_service" time="0.000" /><testcase classname="tests.qml.test_qml_bridges.TestSmartTaggingBridge" name="test_smart_tagging_apply_no_suggestions" time="0.000" /><testcase classname="tests.qml.test_qml_bridges.TestSmartTaggingBridge" name="test_refresh_returns_dict" time="0.000" /><testcase classname="tests.qml.test_qml_bridges.TestSmartTaggingBridge" name="test_discover_receivers_unsupported" time="0.000" /><testcase classname="tests.qml.test_qml_bridges.TestLibraryBridge" name="test_instantiate" time="0.001" /><testcase classname="tests.qml.test_qml_bridges.TestLibraryBridge" name="test_default_counts" time="0.001" /><testcase classname="tests.qml.test_qml_bridges.TestLibraryBridge" name="test_refresh_does_not_crash" time="0.001" /><testcase classname="tests.qml.test_qml_bridges.TestLibraryBridge" name="test_add_folder_empty_path" time="0.000" /><testcase classname="tests.qml.test_qml_bridges.TestLibraryBridge" name="test_add_folder_not_found" time="0.001" /><testcase classname="tests.qml.test_qml_bridges.TestLibraryBridge" name="test_add_folder_no_db" time="0.001" /><testcase classname="tests.qml.test_qml_bridges.TestLibraryBridge" name="test_add_media_empty" time="0.000" /><testcase classname="tests.qml.test_qml_bridges.TestLibraryBridge" name="test_add_media_not_found" time="0.000" /><testcase classname="tests.qml.test_qml_bridges.TestMichiAIBridge" name="test_instantiate" time="0.000" /><testcase classname="tests.qml.test_qml_bridges.TestMichiAIBridge" name="test_refresh_does_not_crash" time="0.000" /><testcase classname="tests.qml.test_qml_bridges.TestMichiAIBridge" name="test_send_message_returns_response" time="0.000" /><testcase classname="tests.qml.test_qml_bridges.TestMichiAIBridge" name="test_suggestions_after_refresh" time="0.000" /><testcase classname="tests.qml.test_qml_bridges.TestLibraryBridgeContract" name="test_importable_without_db" time="0.000" /><testcase classname="tests.qml.test_qml_bridges.TestLibraryBridgeContract" name="test_songs_property_returns_list" time="0.001" /><testcase classname="tests.qml.test_qml_bridges.TestLibraryBridgeContract" name="test_albums_property_returns_list" time="0.001" /><testcase classname="tests.qml.test_qml_bridges.TestLibraryBridgeContract" name="test_refresh_does_not_crash_without_db" time="0.001" /><testcase classname="tests.qml.test_qml_bridges.TestLibraryBridgeContract" name="test_play_song_delegates_to_player_service_with_metadata" time="0.001" /><testcase classname="tests.qml.test_qml_bridges.TestAlbumGrid" name="test_album_grid_qml_exists" time="0.000" /><testcase classname="tests.qml.test_qml_bridges.TestAlbumGrid" name="test_album_grid_uses_cover_bridge" time="0.000" /><testcase classname="tests.qml.test_qml_bridges.TestAlbumGrid" name="test_album_grid_no_emoji" time="0.076" /><testcase classname="tests.qml.test_qml_bridges.TestSongTable" name="test_song_table_qml_exists" time="0.000" /><testcase classname="tests.qml.test_qml_bridges.TestSongTable" name="test_song_table_structure" time="0.000" /><testcase classname="tests.qml.test_qml_bridges.TestCoverBridge" name="test_cover_bridge_importable" time="0.000" /><testcase classname="tests.qml.test_qml_bridges.TestCoverBridge" name="test_cover_bridge_has_paint" time="0.000" /><testcase classname="tests.qml.test_qml_bridges.TestCoverBridge" name="test_cover_bridge_cover_key_property" time="0.000" /><testcase classname="tests.qml.test_qml_bridges.TestCoverBridge" name="test_album_card_uses_cover_bridge" time="0.000" /><testcase classname="tests.qml.test_qml_bridges.TestCoverBridge" name="test_album_card_no_image_provider" time="0.000" /><testcase classname="tests.qml.test_qml_bridges.TestCoverBridge" name="test_album_card_no_parent_source" time="0.000" /><testcase classname="tests.qml.test_qml_bridges.TestCoverBridge" name="test_cover_bridge_no_bare_except_pass" time="0.000" /><testcase classname="tests.qml.test_qml_bridges.TestCoverBridge" name="test_cover_bridge_uses_qt_enums" time="0.000" /><testcase classname="tests.qml.test_qml_bridges.TestCoverBridge" name="test_cover_bridge_has_cache_limit" time="0.000" /><testcase classname="tests.qml.test_qml_bridges.TestCoverBridge" name="test_qml_main_registers_cover_bridge" time="0.000" /><testcase classname="tests.qml.test_qml_bridges.TestCoverBridge" name="test_cover_bridge_paint_no_db_load" time="0.000" /><testcase classname="tests.qml.test_qml_bridges.TestCoverBridge" name="test_cover_bridge_docstring_honest" time="0.000" /><testcase classname="tests.qml.test_qml_bridges.TestCoverBridge" name="test_no_broadcast_files_in_this_branch" time="0.003" /><testcase classname="tests.qml.test_qml_bridges.TestCoverBridge" name="test_sidebar_no_genres" time="0.000" /><testcase classname="tests.qml.test_qml_bridges.TestCoverBridge" name="test_navigation_bridge_rejects_genres" time="0.000" /><testcase classname="tests.qml.test_qml_bridges.TestCoverBridge" name="test_page_stack_no_genres" time="0.000" /><testcase classname="tests.qml.test_qml_bridges.TestCoverBridge" name="test_app_shell_no_genres_title" time="0.000" /><testcase classname="tests.qml.test_qml_bridges.TestMetadataBridge" name="test_metadata_bridge_exists" time="0.000" /><testcase classname="tests.qml.test_qml_bridges.TestMetadataBridge" name="test_metadata_bridge_properties" time="0.000" /><testcase classname="tests.qml.test_qml_bridges.TestMetadataBridge" name="test_metadata_bridge_load_empty_path" time="0.000" /><testcase classname="tests.qml.test_qml_bridges.TestMetadataBridge" name="test_metadata_bridge_clear" time="0.000" /><testcase classname="tests.qml.test_qml_bridges.TestMetadataBridge" name="test_metadata_bridge_load_not_found" time="0.000" /><testcase classname="tests.qml.test_qml_bridges.TestMetadataBridge" name="test_metadata_inspector_page_exists" time="0.000" /><testcase classname="tests.qml.test_qml_bridges.TestMetadataBridge" name="test_metadata_field_row_exists" time="0.000" /><testcase classname="tests.qml.test_qml_bridges.TestMetadataBridge" name="test_metadata_artwork_preview_exists" time="0.000" /><testcase classname="tests.qml.test_qml_bridges.TestMetadataBridge" name="test_navigation_bridge_accepts_metadata_inspector" time="0.000" /><testcase classname="tests.qml.test_qml_bridges.TestMetadataBridge" name="test_navigation_bridge_rejects_nowplaying" time="0.000" /><testcase classname="tests.qml.test_qml_bridges.TestMetadataBridge" name="test_no_nowplaying_page_in_qml_clean" time="0.000" /><testcase classname="tests.qml.test_qml_bridges.TestMetadataBridge" name="test_metadata_bridge_can_apply_false_without_selection" time="0.000" /><testcase classname="tests.qml.test_qml_bridges.TestMetadataBridge" name="test_metadata_bridge_can_apply_false_without_file" time="0.000" /><testcase classname="tests.qml.test_qml_bridges.TestMetadataBridge" name="test_metadata_bridge_save_changes_return_dict" time="0.000" /><testcase classname="tests.qml.test_qml_bridges.TestMetadataBridge" name="test_metadata_inspector_apply_button_disabled" time="0.000" /><testcase classname="tests.qml.test_qml_bridges.TestLibraryComponents" name="test_artist_card_exists" time="0.000" /><testcase classname="tests.qml.test_qml_bridges.TestLibraryComponents" name="test_artist_list_exists" time="0.000" /><testcase classname="tests.qml.test_qml_bridges.TestLibraryComponents" name="test_artist_detail_page_exists" time="0.000" /><testcase classname="tests.qml.test_qml_bridges.TestLibraryComponents" name="test_album_detail_page_exists" time="0.000" /><testcase classname="tests.qml.test_qml_bridges.TestLibraryComponents" name="test_folder_browser_exists" time="0.000" /><testcase classname="tests.qml.test_qml_bridges.TestLibraryComponents" name="test_library_page_has_artists_tab" time="0.000" /><testcase classname="tests.qml.test_qml_bridges.TestLibraryComponents" name="test_library_page_has_folders_tab" time="0.000" /><testcase classname="tests.qml.test_qml_bridges.TestLibraryComponents" name="test_library_bridge_has_artists_property" time="0.001" /><testcase classname="tests.qml.test_qml_bridges.TestLibraryComponents" name="test_library_bridge_has_folders_property" time="0.000" /><testcase classname="tests.qml.test_qml_bridges.TestLibraryComponents" name="test_library_bridge_has_filter_methods" time="0.000" /><testcase classname="tests.qml.test_qml_bridges.TestLibraryComponents" name="test_folder_browser_no_emojis" time="0.000" /><testcase classname="tests.qml.test_qml_bridges.TestLibraryComponents" name="test_album_grid_has_album_clicked_signal" time="0.000" /><testcase classname="tests.qml.test_qml_bridges.TestMixComponents" name="test_mix_bridge_importable" time="0.000" /><testcase classname="tests.qml.test_qml_bridges.TestMixComponents" name="test_mix_bridge_has_categories" time="0.000" /><testcase classname="tests.qml.test_qml_bridges.TestMixComponents" name="test_mix_bridge_load_mix" time="0.000" /><testcase classname="tests.qml.test_qml_bridges.TestMixComponents" name="test_mix_hub_page_exists" time="0.000" /><testcase classname="tests.qml.test_qml_bridges.TestMixComponents" name="test_mix_detail_page_exists" time="0.000" /><testcase classname="tests.qml.test_qml_bridges.TestMixComponents" name="test_mix_detail_route_in_navigation" time="0.000" /><testcase classname="tests.qml.test_qml_bridges.TestMixComponents" name="test_mix_detail_route_in_pagestack" time="0.000" /><testcase classname="tests.qml.test_qml_bridges.TestMixComponents" name="test_qml_main_registers_mix_bridge" time="0.000" /><testcase classname="tests.qml.test_qml_bridges.TestMixComponents" name="test_mix_favorites_uses_fav_db" time="0.000"><skipped type="pytest.skip" message="Requiere SQL real: MixQueryService">/home/cristian/music_player/tests/qml/test_qml_bridges.py:847: Requiere SQL real: MixQueryService</skipped></testcase><testcase classname="tests.qml.test_qml_bridges.TestMixComponents" name="test_mix_recent_uses_last_played" time="0.000"><skipped type="pytest.skip" message="Requiere SQL real: MixQueryService">/home/cristian/music_player/tests/qml/test_qml_bridges.py:868: Requiere SQL real: MixQueryService</skipped></testcase><testcase classname="tests.qml.test_qml_bridges.TestMixComponents" name="test_mix_unplayed_excludes_played" time="0.000"><skipped type="pytest.skip" message="Requiere SQL real: MixQueryService">/home/cristian/music_player/tests/qml/test_qml_bridges.py:887: Requiere SQL real: MixQueryService</skipped></testcase><testcase classname="tests.qml.test_qml_bridges.TestMixComponents" name="test_mix_most_played_orders_by_play_count" time="0.000"><skipped type="pytest.skip" message="Requiere SQL real: MixQueryService">/home/cristian/music_player/tests/qml/test_qml_bridges.py:905: Requiere SQL real: MixQueryService</skipped></testcase><testcase classname="tests.qml.test_qml_bridges.TestMixComponents" name="test_mix_daily_fallback_not_first_25" time="0.073" /><testcase classname="tests.qml.test_qml_bridges.TestMixComponents" name="test_mix_ai_requires_enabled" time="0.000" /><testcase classname="tests.qml.test_qml_bridges.TestMixComponents" name="test_mix_daily_uses_smart_mix_service" time="0.001" /><testcase classname="tests.qml.test_qml_bridges.TestPlaybackComponents" name="test_playback_bridge_importable" time="0.000" /><testcase classname="tests.qml.test_qml_bridges.TestPlaybackComponents" name="test_playback_page_exists" time="0.000" /><testcase classname="tests.qml.test_qml_bridges.TestPlaybackComponents" name="test_playback_bridge_has_properties" time="0.000" /><testcase classname="tests.qml.test_qml_bridges.TestRadioComponents" name="test_radio_page_exists" time="0.000" /><testcase classname="tests.qml.test_qml_bridges.TestRadioComponents" name="test_radio_route_in_pagestack" time="0.000" /><testcase classname="tests.qml.test_qml_bridges.TestRadioComponents" name="test_radio_bridge_edit_station" time="0.001" /><testcase classname="tests.qml.test_qml_bridges.TestRadioComponents" name="test_radio_bridge_edit_station_no_mgr" time="0.000" /><testcase classname="tests.qml.test_qml_bridges.TestRadioComponents" name="test_radio_bridge_toggle_favorite" time="0.001" /><testcase classname="tests.qml.test_qml_bridges.TestRadioComponents" name="test_radio_bridge_toggle_favorite_no_mgr" time="0.000" /><testcase classname="tests.qml.test_qml_bridges.TestRadioComponents" name="test_radio_bridge_search" time="0.002" /><testcase classname="tests.qml.test_qml_bridges.TestRadioComponents" name="test_radio_bridge_search_no_match" time="0.001" /><testcase classname="tests.qml.test_qml_bridges.TestSettingsComponents" name="test_settings_page_exists" time="0.000" /><testcase classname="tests.qml.test_qml_bridges.TestSettingsComponents" name="test_settings_route_in_navigation" time="0.000" /><testcase classname="tests.qml.test_qml_bridges.TestSettingsComponents" name="test_settings_route_in_pagestack" time="0.000" /><testcase classname="tests.qml.test_qml_bridges.TestNowPlayingBar" name="test_nowplaying_bar_exists" time="0.000" /><testcase classname="tests.qml.test_qml_bridges.TestNowPlayingBar" name="test_nowplaying_cover_exists" time="0.000" /><testcase classname="tests.qml.test_qml_bridges.TestNowPlayingBar" name="test_nowplaying_info_exists" time="0.000" /><testcase classname="tests.qml.test_qml_bridges.TestNowPlayingBar" name="test_nowplaying_controls_exists" time="0.000" /><testcase classname="tests.qml.test_qml_bridges.TestNowPlayingBar" name="test_nowplaying_seekbar_exists" time="0.000" /><testcase classname="tests.qml.test_qml_bridges.TestNowPlayingBar" name="test_nowplaying_volume_exists" time="0.000" /><testcase classname="tests.qml.test_qml_bridges.TestNowPlayingBar" name="test_appshell_has_nowplaying" time="0.000" /><testcase classname="tests.qml.test_qml_bridges.TestNowPlayingBar" name="test_nowplaying_bridge_importable" time="0.000" /><testcase classname="tests.qml.test_qml_bridges.TestNowPlayingBar" name="test_nowplaying_bridge_mirrors_player_signals" time="0.001" /><testcase classname="tests.qml.test_qml_bridges.TestNowPlayingBar" name="test_nowplaying_bridge_reads_current_track_object" time="0.001" /><testcase classname="tests.qml.test_qml_bridges.TestNowPlayingBar" name="test_nowplaying_bridge_commands_call_player_service" time="0.001" /><testcase classname="tests.qml.test_qml_bridges.TestNowPlayingBar" name="test_playback_bridge_has_nowplaying_props" time="0.000" /><testcase classname="tests.qml.test_qml_bridges.TestNowPlayingBar" name="test_playback_bridge_advanced_slots" time="0.000" /><testcase classname="tests.qml.test_qml_bridges.TestNowPlayingBar" name="test_nowplaying_bar_uses_nowplaying_bridge_first" time="0.000" /><testcase classname="tests.qml.test_qml_bridges.TestNowPlayingBar" name="test_nowplaying_bar_no_emojis" time="0.656" /><testcase classname="tests.qml.test_qml_bridges.TestLibraryQueryService" name="test_query_service_sort_whitelist" time="0.000" /><testcase classname="tests.qml.test_qml_bridges.TestLibraryQueryService" name="test_query_service_empty_db" time="0.001" /><testcase classname="tests.qml.test_qml_bridges.TestLibraryQueryService" name="test_query_service_search_backend_detection" time="0.001" /><testcase classname="tests.qml.test_qml_bridges.TestLibraryQueryService" name="test_track_model_has_correct_signals" time="0.000" /><testcase classname="tests.qml.test_qml_bridges.TestTrackListModel" name="test_track_model_importable" time="0.000" /><testcase classname="tests.qml.test_qml_bridges.TestTrackListModel" name="test_track_model_basic" time="0.000" /><testcase classname="tests.qml.test_qml_bridges.TestTrackListModel" name="test_album_model_importable" time="0.000" /><testcase classname="tests.qml.test_qml_bridges.TestTrackListModel" name="test_album_model_basic" time="0.000" /><testcase classname="tests.qml.test_qml_bridges.TestQueueListModel" name="test_queue_model_importable" time="0.000" /><testcase classname="tests.qml.test_qml_bridges.TestQueueListModel" name="test_queue_model_counts_empty" time="0.000" /><testcase classname="tests.qml.test_qml_bridges.TestQueueListModel" name="test_queue_bridge_importable" time="0.000" /><testcase classname="tests.qml.test_qml_bridges.TestQueueListModel" name="test_queue_bridge_refresh" time="0.000" /><testcase classname="tests.qml.test_qml_bridges.TestHistoryListModel" name="test_history_model_importable" time="0.000" /><testcase classname="tests.qml.test_qml_bridges.TestHistoryListModel" name="test_history_model_basic" time="0.000" /><testcase classname="tests.qml.test_qml_bridges.TestHistoryListModel" name="test_history_bridge_importable" time="0.000" /><testcase classname="tests.qml.test_qml_bridges.TestHistoryListModel" name="test_history_bridge_refresh" time="0.000" /><testcase classname="tests.qml.test_qml_bridges.TestHistoryListModel" name="test_history_bridge_clear_no_db" time="0.000" /><testcase classname="tests.qml.test_qml_bridges.TestEqBridge" name="test_eq_importable" time="0.001" /><testcase classname="tests.qml.test_qml_bridges.TestEqBridge" name="test_eq_apply_preset_no_player" time="0.000" /><testcase classname="tests.qml.test_qml_bridges.TestEqBridge" name="test_eq_toggle_bypass_no_player" time="0.000" /><testcase classname="tests.qml.test_qml_bridges.TestSettingsBridge" name="test_settings_importable" time="0.000" /><testcase classname="tests.qml.test_qml_bridges.TestSettingsBridge" name="test_settings_output_profiles" time="0.000" /><testcase classname="tests.qml.test_qml_bridges.TestLibraryDoctorBridge" name="test_library_doctor_importable" time="0.000" /><testcase classname="tests.qml.test_qml_bridges.TestPlaylistsFullBridge" name="test_playlists_bridge_duplicate" time="0.001" /><testcase classname="tests.qml.test_qml_bridges.TestPlaylistsFullBridge" name="test_playlists_bridge_clear" time="0.001" /><testcase classname="tests.qml.test_qml_bridges.TestPlaylistsFullBridge" name="test_playlists_bridge_save_queue_no_player" time="0.000" /><testcase classname="tests.qml.test_qml_bridges.TestPlaylistsFullBridge" name="test_playlists_bridge_m3u_import_not_found" time="0.000" /><testcase classname="tests.qml.test_qml_bridges.TestDevicesComponents" name="test_devices_page_exists" time="0.000" /><testcase classname="tests.qml.test_qml_bridges.TestDevicesComponents" name="test_device_card_exists" time="0.000" /><testcase classname="tests.qml.test_qml_bridges.TestDevicesComponents" name="test_sync_status_panel_exists" time="0.000" /><testcase classname="tests.qml.test_qml_bridges.TestDevicesComponents" name="test_devices_bridge_importable" time="0.000" /><testcase classname="tests.qml.test_qml_bridges.TestDevicesComponents" name="test_devices_route_in_pagestack" time="0.000" /><testcase classname="tests.qml.test_qml_bridges.TestDevicesComponents" name="test_devices_start_server_no_sync" time="0.000" /><testcase classname="tests.qml.test_qml_bridges.TestDevicesComponents" name="te
[...]
ests.qml.test_wave9_vertical_end_to_end.TestWave9PagedModels" name="test_history_model_roles" time="0.000" /><testcase classname="tests.qml.test_wave9_vertical_end_to_end.TestWave9PagedModels" name="test_base_model_signals" time="0.000" /><testcase classname="tests.qml.test_wave9_vertical_end_to_end.TestWave9PagedModels" name="test_track_model_data_access" time="0.000" /><testcase classname="tests.qml.test_wave9_vertical_end_to_end.TestWave9PagedModels" name="test_album_model_data_access" time="0.000" /><testcase classname="tests.qml.test_wave9_vertical_end_to_end.TestWave9Bridges" name="test_library_bridge_default_state" time="0.001" /><testcase classname="tests.qml.test_wave9_vertical_end_to_end.TestWave9Bridges" name="test_library_bridge_setsort" time="0.001" /><testcase classname="tests.qml.test_wave9_vertical_end_to_end.TestWave9Bridges" name="test_playlists_bridge_default" time="0.000" /><testcase classname="tests.qml.test_wave9_vertical_end_to_end.TestWave9Bridges" name="test_queue_bridge_default" time="0.000" /><testcase classname="tests.qml.test_wave9_vertical_end_to_end.TestWave9Bridges" name="test_history_bridge_default" time="0.000" /><testcase classname="tests.qml.test_wave9_vertical_end_to_end.TestWave9Bridges" name="test_radio_bridge_default" time="0.000" /><testcase classname="tests.qml.test_wave9_vertical_end_to_end.TestWave9Bridges" name="test_lyrics_bridge_default" time="0.000" /><testcase classname="tests.qml.test_wave9_vertical_end_to_end.TestWave9Bridges" name="test_mix_bridge_default" time="0.000" /><testcase classname="tests.qml.test_wave9_vertical_end_to_end.TestWave9Bridges" name="test_smart_tagging_bridge_default" time="0.000" /><testcase classname="tests.qml.test_wave9_vertical_end_to_end.TestWave9Bridges" name="test_global_search_bridge_default" time="0.000" /><testcase classname="tests.qml.test_wave9_vertical_end_to_end.TestWave9Bridges" name="test_action_registry_default" time="0.000" /><testcase classname="tests.qml.test_wave9_vertical_end_to_end.TestWave9Bridges" name="test_job_bridge_default" time="0.000" /><testcase classname="tests.qml.test_wave9_vertical_end_to_end.TestWave9Bridges" name="test_metadata_bridge_default" time="0.000" /><testcase classname="tests.qml.test_wave9_vertical_end_to_end.TestWave9Bridges" name="test_home_bridge_default" time="0.000" /><testcase classname="tests.qml.test_wave9_vertical_end_to_end.TestWave9MetadataAdapter" name="test_load_tags" time="0.000" /><testcase classname="tests.qml.test_wave9_vertical_end_to_end.TestWave9MetadataAdapter" name="test_create_backup_nonexistent" time="0.000" /><testcase classname="tests.qml.test_wave9_vertical_end_to_end.TestWave9MetadataAdapter" name="test_backup_verify_rollback_cycle" time="0.001" /><testcase classname="tests.qml.test_wave9_vertical_end_to_end.TestWave9MetadataAdapter" name="test_error_catalog" time="0.000" /><testcase classname="tests.qml.test_wave9_vertical_end_to_end.TestWave9SmokeImport" name="test_qml_main_import" time="0.000" /><testcase classname="tests.qml.test_wave9_vertical_end_to_end.TestWave9SmokeImport" name="test_runtime_smoke_import" time="0.001" /><testcase classname="tests.qml.test_wave9_vertical_end_to_end.TestWave9SmokeImport" name="test_library_refresh_coordinator" time="0.000" /><testcase classname="tests.qml.test_wave9_vertical_end_to_end.TestWave10RealVerticalFlow" name="test_real_flow_track_refresh" time="0.006"><failure message="assert 0 == 1000&#10; +  where 0 = &lt;ui_qml.models.TrackListModel.TrackListModel(0x7fd990367050) at 0x7fd99fe04f00&gt;.totalCount">self = &lt;tests.qml.test_wave9_vertical_end_to_end.TestWave10RealVerticalFlow object at 0x7fd9a05a5f10&gt;
library_db = (&lt;sqlite3.Connection object at 0x7fd9a04318a0&gt;, PosixPath('/tmp/pytest-of-cristian/pytest-148/test_real_flow_track_refresh0/test_music.db'))

    def test_real_flow_track_refresh(self, library_db):
        from PySide6.QtCore import QCoreApplication
        QCoreApplication.instance() or QCoreApplication()
        conn, db_path = library_db
        total = self._populate(conn)
        db = self._make_db_mock(conn, db_path)
        from ui_qml_bridge.query_executor import QueryExecutor
        from ui_qml_bridge.library_query_service import LibraryQueryService
        from ui_qml.models.TrackListModel import TrackListModel
        qe = QueryExecutor()
        qs = LibraryQueryService(db, db_path=str(db_path))
        model = TrackListModel(query_service=qs, query_executor=qe)
        assert model.count == 0
        assert model.loading is False
        model.refresh()
        assert model.loading is False  # sync fallback
&gt;       assert model.totalCount == total
E       assert 0 == 1000
E        +  where 0 = &lt;ui_qml.models.TrackListModel.TrackListModel(0x7fd990367050) at 0x7fd99fe04f00&gt;.totalCount

tests/qml/test_wave9_vertical_end_to_end.py:493: AssertionError</failure></testcase><testcase classname="tests.qml.test_wave9_vertical_end_to_end.TestWave10RealVerticalFlow" name="test_real_flow_fetch_more" time="0.006"><failure message="assert 0 == 250&#10; +  where 0 = &lt;ui_qml.models.TrackListModel.TrackListModel(0x55bd7671a1d0) at 0x7fd99cddb740&gt;.count&#10; +  and   250 = &lt;ui_qml.models.TrackListModel.TrackListModel(0x55bd7671a1d0) at 0x7fd99cddb740&gt;._page_size">self = &lt;tests.qml.test_wave9_vertical_end_to_end.TestWave10RealVerticalFlow object at 0x7fd9a05a6e10&gt;
library_db = (&lt;sqlite3.Connection object at 0x7fd99fe37c40&gt;, PosixPath('/tmp/pytest-of-cristian/pytest-148/test_real_flow_fetch_more0/test_music.db'))

    def test_real_flow_fetch_more(self, library_db):
        from PySide6.QtCore import QCoreApplication
        QCoreApplication.instance() or QCoreApplication()
        conn, db_path = library_db
        self._populate(conn)
        db = self._make_db_mock(conn, db_path)
        from ui_qml_bridge.query_executor import QueryExecutor
        from ui_qml_bridge.library_query_service import LibraryQueryService
        from ui_qml.models.TrackListModel import TrackListModel
        qe = QueryExecutor()
        qs = LibraryQueryService(db, db_path=str(db_path))
        model = TrackListModel(query_service=qs, query_executor=qe)
        model.refresh()
        assert model.loading is False
&gt;       assert model.count == model._page_size
E       assert 0 == 250
E        +  where 0 = &lt;ui_qml.models.TrackListModel.TrackListModel(0x55bd7671a1d0) at 0x7fd99cddb740&gt;.count
E        +  and   250 = &lt;ui_qml.models.TrackListModel.TrackListModel(0x55bd7671a1d0) at 0x7fd99cddb740&gt;._page_size

tests/qml/test_wave9_vertical_end_to_end.py:512: AssertionError</failure></testcase><testcase classname="tests.qml.test_wave9_vertical_end_to_end.TestWave10RealVerticalFlow" name="test_real_flow_search" time="0.006"><failure message="assert 0 &gt; 0&#10; +  where 0 = &lt;ui_qml.models.TrackListModel.TrackListModel(0x55bd7646bcf0) at 0x7fd99f9e6980&gt;.totalCount">self = &lt;tests.qml.test_wave9_vertical_end_to_end.TestWave10RealVerticalFlow object at 0x7fd9a05a7190&gt;
library_db = (&lt;sqlite3.Connection object at 0x7fd99c37c7c0&gt;, PosixPath('/tmp/pytest-of-cristian/pytest-148/test_real_flow_search0/test_music.db'))

    def test_real_flow_search(self, library_db):
        from ui_qml_bridge.query_executor import QueryExecutor
        from ui_qml_bridge.library_query_service import LibraryQueryService
        from ui_qml.models.TrackListModel import TrackListModel
        conn, db_path = library_db
        self._populate(conn)
        db = self._make_db_mock(conn, db_path)
        qe = QueryExecutor()
        qs = LibraryQueryService(db, db_path=str(db_path))
        model = TrackListModel(query_service=qs, query_executor=qe)
        search_term = "Track_5"
        model.refresh(search=search_term)
        assert model.loading is False
&gt;       assert model.totalCount &gt; 0
E       assert 0 &gt; 0
E        +  where 0 = &lt;ui_qml.models.TrackListModel.TrackListModel(0x55bd7646bcf0) at 0x7fd99f9e6980&gt;.totalCount

tests/qml/test_wave9_vertical_end_to_end.py:532: AssertionError</failure></testcase><testcase classname="tests.qml.test_wave9_vertical_end_to_end.TestWave10RealVerticalFlow" name="test_real_flow_sort_desc" time="0.006"><failure message="assert 0 &gt; 1&#10; +  where 0 = &lt;ui_qml.models.TrackListModel.TrackListModel(0x7fd990367050) at 0x7fd99c3a9040&gt;.count">self = &lt;tests.qml.test_wave9_vertical_end_to_end.TestWave10RealVerticalFlow object at 0x7fd9a05a7550&gt;
library_db = (&lt;sqlite3.Connection object at 0x7fd99fe37b50&gt;, PosixPath('/tmp/pytest-of-cristian/pytest-148/test_real_flow_sort_desc0/test_music.db'))

    def test_real_flow_sort_desc(self, library_db):
        from ui_qml_bridge.query_executor import QueryExecutor
        from ui_qml_bridge.library_query_service import LibraryQueryService
        from ui_qml.models.TrackListModel import TrackListModel
        conn, db_path = library_db
        self._populate(conn)
        db = self._make_db_mock(conn, db_path)
        qe = QueryExecutor()
        qs = LibraryQueryService(db, db_path=str(db_path))
        model = TrackListModel(query_service=qs, query_executor=qe)
        model.refresh(sort="year", asc=False)
        assert model.loading is False
&gt;       assert model.count &gt; 1
E       assert 0 &gt; 1
E        +  where 0 = &lt;ui_qml.models.TrackListModel.TrackListModel(0x7fd990367050) at 0x7fd99c3a9040&gt;.count

tests/qml/test_wave9_vertical_end_to_end.py:550: AssertionError</failure></testcase><testcase classname="tests.qml.test_wave9_vertical_end_to_end.TestWave10RealVerticalFlow" name="test_real_flow_artist_filter" time="0.006"><failure message="assert 0 == 50&#10; +  where 0 = &lt;ui_qml.models.TrackListModel.TrackListModel(0x55bd7555c4d0) at 0x7fd99c38ef80&gt;.totalCount">self = &lt;tests.qml.test_wave9_vertical_end_to_end.TestWave10RealVerticalFlow object at 0x7fd9a05a78d0&gt;
library_db = (&lt;sqlite3.Connection object at 0x7fd99c37ca90&gt;, PosixPath('/tmp/pytest-of-cristian/pytest-148/test_real_flow_artist_filter0/test_music.db'))

    def test_real_flow_artist_filter(self, library_db):
        from ui_qml_bridge.query_executor import QueryExecutor
        from ui_qml_bridge.library_query_service import LibraryQueryService
        from ui_qml.models.TrackListModel import TrackListModel
        conn, db_path = library_db
        self._populate(conn)
        db = self._make_db_mock(conn, db_path)
        qe = QueryExecutor()
        qs = LibraryQueryService(db, db_path=str(db_path))
        model = TrackListModel(query_service=qs, query_executor=qe)
        model.refresh(artist="Artist_0")
        assert model.loading is False
&gt;       assert model.totalCount == 50
E       assert 0 == 50
E        +  where 0 = &lt;ui_qml.models.TrackListModel.TrackListModel(0x55bd7555c4d0) at 0x7fd99c38ef80&gt;.totalCount

tests/qml/test_wave9_vertical_end_to_end.py:567: AssertionError</failure></testcase><testcase classname="tests.qml.test_wave9_vertical_end_to_end.TestWave10RealVerticalFlow" name="test_real_flow_album_filter" time="0.006"><failure message="assert 0 == 25&#10; +  where 0 = &lt;ui_qml.models.TrackListModel.TrackListModel(0x55bd7655c860) at 0x7fd99c39c9c0&gt;.totalCount">self = &lt;tests.qml.test_wave9_vertical_end_to_end.TestWave10RealVerticalFlow object at 0x7fd9a05a7cd0&gt;
library_db = (&lt;sqlite3.Connection object at 0x7fd99c37d300&gt;, PosixPath('/tmp/pytest-of-cristian/pytest-148/test_real_flow_album_filter0/test_music.db'))

    def test_real_flow_album_filter(self, library_db):
        from ui_qml_bridge.query_executor import QueryExecutor
        from ui_qml_bridge.library_query_service import LibraryQueryService
        from ui_qml.models.TrackListModel import TrackListModel
        conn, db_path = library_db
        self._populate(conn)
        db = self._make_db_mock(conn, db_path)
        qe = QueryExecutor()
        qs = LibraryQueryService(db, db_path=str(db_path))
        model = TrackListModel(query_service=qs, query_executor=qe)
        model.refresh(album="Album_0_0")
        assert model.loading is False
&gt;       assert model.totalCount == 25
E       assert 0 == 25
E        +  where 0 = &lt;ui_qml.models.TrackListModel.TrackListModel(0x55bd7655c860) at 0x7fd99c39c9c0&gt;.totalCount

tests/qml/test_wave9_vertical_end_to_end.py:584: AssertionError</failure></testcase><testcase classname="tests.qml.test_wave9_vertical_end_to_end.TestWave10RealVerticalFlow" name="test_real_flow_format_filter" time="0.006"><failure message="assert 0 &gt; 0&#10; +  where 0 = &lt;ui_qml.models.TrackListModel.TrackListModel(0x55bd76563b00) at 0x7fd99c332c00&gt;.totalCount">self = &lt;tests.qml.test_wave9_vertical_end_to_end.TestWave10RealVerticalFlow object at 0x7fd9a05a8310&gt;
library_db = (&lt;sqlite3.Connection object at 0x7fd99c37d7b0&gt;, PosixPath('/tmp/pytest-of-cristian/pytest-148/test_real_flow_format_filter0/test_music.db'))

    def test_real_flow_format_filter(self, library_db):
        from ui_qml_bridge.query_executor import QueryExecutor
        from ui_qml_bridge.library_query_service import LibraryQueryService
        from ui_qml.models.TrackListModel import TrackListModel
        conn, db_path = library_db
        self._populate(conn)
        db = self._make_db_mock(conn, db_path)
        qe = QueryExecutor()
        qs = LibraryQueryService(db, db_path=str(db_path))
        model = TrackListModel(query_service=qs, query_executor=qe)
        model.refresh(fmt="flac")
        assert model.loading is False
&gt;       assert model.totalCount &gt; 0
E       assert 0 &gt; 0
E        +  where 0 = &lt;ui_qml.models.TrackListModel.TrackListModel(0x55bd76563b00) at 0x7fd99c332c00&gt;.totalCount

tests/qml/test_wave9_vertical_end_to_end.py:598: AssertionError</failure></testcase><testcase classname="tests.qml.test_wave9_vertical_end_to_end.TestWave10RealVerticalFlow" name="test_real_flow_album_model" time="0.006"><failure message="assert 20 == 40&#10; +  where 20 = &lt;ui_qml.models.AlbumListModel.AlbumListModel(0x55bd767e3db0) at 0x7fd99cdaf300&gt;.totalCount">self = &lt;tests.qml.test_wave9_vertical_end_to_end.TestWave10RealVerticalFlow object at 0x7fd9a05a8910&gt;
library_db = (&lt;sqlite3.Connection object at 0x7fd99c37dc60&gt;, PosixPath('/tmp/pytest-of-cristian/pytest-148/test_real_flow_album_model0/test_music.db'))

    def test_real_flow_album_model(self, library_db):
        from ui_qml_bridge.query_executor import QueryExecutor
        from ui_qml_bridge.library_query_service import LibraryQueryService
        from ui_qml.models.AlbumListModel import AlbumListModel
        conn, db_path = library_db
        self._populate(conn)
        db = self._make_db_mock(conn, db_path)
        qe = QueryExecutor()
        qs = LibraryQueryService(db, db_path=str(db_path))
        model = AlbumListModel(query_service=qs, query_executor=qe)
        model.refresh()
        assert model.loading is False
&gt;       assert model.totalCount == 40
E       assert 20 == 40
E        +  where 20 = &lt;ui_qml.models.AlbumListModel.AlbumListModel(0x55bd767e3db0) at 0x7fd99cdaf300&gt;.totalCount

tests/qml/test_wave9_vertical_end_to_end.py:615: AssertionError</failure></testcase><testcase classname="tests.qml.test_wave9_vertical_end_to_end.TestWave10RealVerticalFlow" name="test_real_flow_artist_model" time="0.006"><failure message="assert 10 == 20&#10; +  where 10 = &lt;ui_qml.models.ArtistListModel.ArtistListModel(0x55bd76843f30) at 0x7fd99f9a55c0&gt;.totalCount">self = &lt;tests.qml.test_wave9_vertical_end_to_end.TestWave10RealVerticalFlow object at 0x7fd9a05a8f10&gt;
library_db = (&lt;sqlite3.Connection object at 0x7fd99c37e110&gt;, PosixPath('/tmp/pytest-of-cristian/pytest-148/test_real_flow_artist_model0/test_music.db'))

    def test_real_flow_artist_model(self, library_db):
        from ui_qml_bridge.query_executor import QueryExecutor
        from ui_qml_bridge.library_query_service import LibraryQueryService
        from ui_qml.models.ArtistListModel import ArtistListModel
        conn, db_path = library_db
        self._populate(conn)
        db = self._make_db_mock(conn, db_path)
        qe = QueryExecutor()
        qs = LibraryQueryService(db, db_path=str(db_path))
        model = ArtistListModel(query_service=qs, query_executor=qe)
        model.refresh()
        assert model.loading is False
&gt;       assert model.totalCount == 20
E       assert 10 == 20
E        +  where 10 = &lt;ui_qml.models.ArtistListModel.ArtistListModel(0x55bd76843f30) at 0x7fd99f9a55c0&gt;.totalCount

tests/qml/test_wave9_vertical_end_to_end.py:630: AssertionError</failure></testcase><testcase classname="tests.qml.test_wave9_vertical_end_to_end.TestWave10RealVerticalFlow" name="test_real_flow_album_detail" time="0.005"><failure message="assert None is not None">self = &lt;tests.qml.test_wave9_vertical_end_to_end.TestWave10RealVerticalFlow object at 0x7fd9a05a94d0&gt;
library_db = (&lt;sqlite3.Connection object at 0x7fd99c37e5c0&gt;, PosixPath('/tmp/pytest-of-cristian/pytest-148/test_real_flow_album_detail0/test_music.db'))

    def test_real_flow_album_detail(self, library_db):
        from ui_qml_bridge.library_query_service import LibraryQueryService
        conn, db_path = library_db
        self._populate(conn)
        db = self._make_db_mock(conn, db_path)
        qs = LibraryQueryService(db, db_path=str(db_path))
        detail = qs.fetch_album_detail("key_0_0")
&gt;       assert detail is not None
E       assert None is not None

tests/qml/test_wave9_vertical_end_to_end.py:640: AssertionError</failure></testcase><testcase classname="tests.qml.test_wave9_vertical_end_to_end.TestWave10RealVerticalFlow" name="test_real_flow_album_play" time="0.006"><failure message="AssertionError: assert False is True&#10; +  where False = &lt;built-in method get of dict object at 0x7fd99cd57b40&gt;('ok')&#10; +    where &lt;built-in method get of dict object at 0x7fd99cd57b40&gt; = {'ok': False, 'error': 'NO_TRACKS'}.get">self = &lt;tests.qml.test_wave9_vertical_end_to_end.TestWave10RealVerticalFlow object at 0x7fd9a05a9ad0&gt;
library_db = (&lt;sqlite3.Connection object at 0x7fd99c37e200&gt;, PosixPath('/tmp/pytest-of-cristian/pytest-148/test_real_flow_album_play0/test_music.db'))

    def test_real_flow_album_play(self, library_db):
        from PySide6.QtCore import QCoreApplication
        QCoreApplication.instance() or QCoreApplication()
        conn, db_path = library_db
        self._populate(conn)
        db = self._make_db_mock(conn, db_path)
        from core.worker_manager import WorkerManager
        from ui_qml_bridge.query_executor import QueryExecutor
        from ui_qml_bridge.library_query_service import LibraryQueryService
        from ui_qml_bridge.library_bridge import LibraryBridge
        wm = WorkerManager()
        qe = QueryExecutor(worker_manager=wm)
        qs = LibraryQueryService(db, db_path=str(db_path))
    
        class FakePlayer:
            def __init__(s):
                s.enqueued = []
            def enqueue(s, paths, play_now=False):
                s.enqueued = list(paths)
    
        player = FakePlayer()
        bridge = LibraryBridge(db=db, playback_ctrl=player,
                               query_service=qs, query_executor=qe)
        result = bridge.playAlbum("key_0_0")
&gt;       assert result.get("ok") is True
E       AssertionError: assert False is True
E        +  where False = &lt;built-in method get of dict object at 0x7fd99cd57b40&gt;('ok')
E        +    where &lt;built-in method get of dict object at 0x7fd99cd57b40&gt; = {'ok': False, 'error': 'NO_TRACKS'}.get

tests/qml/test_wave9_vertical_end_to_end.py:670: AssertionError</failure></testcase><testcase classname="tests.qml.test_wave9_vertical_end_to_end.TestWave10RealVerticalFlow" name="test_real_flow_playlist_create_play" time="0.005" /><testcase classname="tests.qml.test_wave9_vertical_end_to_end.TestWave10RealVerticalFlow" name="test_real_flow_queue_history" time="0.006" /></testsuite></testsuites>