<?xml version="1.0" encoding="utf-8"?><testsuites name="pytest tests"><testsuite name="pytest" errors="12" failures="1" skipped="4" tests="378" time="2.241" timestamp="2026-07-14T05:34:30.350925-04:00" hostname="PC"><testcase classname="tests.qml.workflows.test_vertical_workflows.TestWorkflow1LibraryToPlayback" name="test_wf1_search_and_filter" time="0.025" /><testcase classname="tests.qml.workflows.test_vertical_workflows.TestWorkflow1LibraryToPlayback" name="test_wf1_play_track" time="0.003" /><testcase classname="tests.qml.workflows.test_vertical_workflows.TestWorkflow1LibraryToPlayback" name="test_wf1_enqueue_song" time="0.003" /><testcase classname="tests.qml.workflows.test_vertical_workflows.TestWorkflow1LibraryToPlayback" name="test_wf1_nowplaying_reflects" time="0.003" /><testcase classname="tests.qml.workflows.test_vertical_workflows.TestWorkflow1LibraryToPlayback" name="test_wf1_queue_management" time="0.003" /><testcase classname="tests.qml.workflows.test_vertical_workflows.TestWorkflow2AlbumToPlaylist" name="test_wf2_album_detail" time="0.002" /><testcase classname="tests.qml.workflows.test_vertical_workflows.TestWorkflow2AlbumToPlaylist" name="test_wf2_album_enqueue" time="0.002" /><testcase classname="tests.qml.workflows.test_vertical_workflows.TestWorkflow2AlbumToPlaylist" name="test_wf2_add_to_playlist" time="0.003" /><testcase classname="tests.qml.workflows.test_vertical_workflows.TestWorkflow2AlbumToPlaylist" name="test_wf2_playlist_refresh" time="0.002" /><testcase classname="tests.qml.workflows.test_vertical_workflows.TestWorkflow3ArtistMix" name="test_wf3_artist_detail" time="0.002" /><testcase classname="tests.qml.workflows.test_vertical_workflows.TestWorkflow3ArtistMix" name="test_wf3_artist_tracks" time="0.002" /><testcase classname="tests.qml.workflows.test_vertical_workflows.TestWorkflow3ArtistMix" name="test_wf3_mix_generation" time="0.002" /><testcase classname="tests.qml.workflows.test_vertical_workflows.TestWorkflow3ArtistMix" name="test_wf3_artist_play" time="0.002" /><testcase classname="tests.qml.workflows.test_vertical_workflows.TestWorkflow4AudioLab" name="test_wf4_audio_lab_modules" time="0.002" /><testcase classname="tests.qml.workflows.test_vertical_workflows.TestWorkflow4AudioLab" name="test_wf4_audio_lab_health" time="0.003" /><testcase classname="tests.qml.workflows.test_vertical_workflows.TestWorkflow4AudioLab" name="test_wf4_audio_lab_diagnostics" time="0.002" /><testcase classname="tests.qml.workflows.test_vertical_workflows.TestWorkflow4AudioLab" name="test_wf4_audio_lab_cancellation" time="0.002" /><testcase classname="tests.qml.workflows.test_vertical_workflows.TestWorkflow5Metadata" name="test_wf5_metadata_load" time="0.024" /><testcase classname="tests.qml.workflows.test_vertical_workflows.TestWorkflow5Metadata" name="test_wf5_metadata_edit_and_preview" time="0.003" /><testcase classname="tests.qml.workflows.test_vertical_workflows.TestWorkflow5Metadata" name="test_wf5_metadata_field_enumeration" time="0.002" /><testcase classname="tests.qml.workflows.test_vertical_workflows.TestWorkflow5Metadata" name="test_wf5_metadata_quality_summary" time="0.002" /><testcase classname="tests.qml.workflows.test_vertical_workflows.TestWorkflow6Doctor" name="test_wf6_doctor_scan_real_db" time="0.003" /><testcase classname="tests.qml.workflows.test_vertical_workflows.TestWorkflow6Doctor" name="test_wf6_doctor_issues_found" time="0.002" /><testcase classname="tests.qml.workflows.test_vertical_workflows.TestWorkflow6Doctor" name="test_wf6_doctor_select_and_repair" time="0.002" /><testcase classname="tests.qml.workflows.test_vertical_workflows.TestWorkflow6Doctor" name="test_wf6_doctor_healthy_count" time="0.003" /><testcase classname="tests.qml.workflows.test_vertical_workflows.TestWorkflow6Doctor" name="test_wf6_doctor_cancel" time="0.002" /><testcase classname="tests.qml.workflows.test_vertical_workflows.TestWorkflow7Search" name="test_wf7_search_returns_data" time="0.003" /><testcase classname="tests.qml.workflows.test_vertical_workflows.TestWorkflow7Search" name="test_wf7_search_supersede" time="0.002" /><testcase classname="tests.qml.workflows.test_vertical_workflows.TestWorkflow7Search" name="test_wf7_search_preserves_query" time="0.002" /><testcase classname="tests.qml.workflows.test_vertical_workflows.TestWorkflow7Search" name="test_wf7_search_empty" time="0.002" /><testcase classname="tests.qml.workflows.test_vertical_workflows.TestWorkflow8PlaylistCRUD" name="test_wf8_create_playlist" time="0.002" /><testcase classname="tests.qml.workflows.test_vertical_workflows.TestWorkflow8PlaylistCRUD" name="test_wf8_add_tracks_to_playlist" time="0.002" /><testcase classname="tests.qml.workflows.test_vertical_workflows.TestWorkflow8PlaylistCRUD" name="test_wf8_duplicate_playlist" time="0.003" /><testcase classname="tests.qml.workflows.test_vertical_workflows.TestWorkflow8PlaylistCRUD" name="test_wf8_playlist_refresh" time="0.002" /><testcase classname="tests.qml.workflows.test_vertical_workflows.TestWorkflow9Theme" name="test_wf9_theme_change_dark_mode" time="0.015" /><testcase classname="tests.qml.workflows.test_vertical_workflows.TestWorkflow9Theme" name="test_wf9_theme_accent_color" time="0.000" /><testcase classname="tests.qml.workflows.test_vertical_workflows.TestWorkflow9Theme" name="test_wf9_theme_density" time="0.005" /><testcase classname="tests.qml.workflows.test_vertical_workflows.TestWorkflow9Theme" name="test_wf9_theme_font_scale" time="0.004" /><testcase classname="tests.qml.workflows.test_vertical_workflows.TestWorkflow9Theme" name="test_wf9_theme_persistence" time="0.006" /><testcase classname="tests.qml.workflows.test_vertical_workflows.TestWorkflow10DeviceSync" name="test_wf10_server_start_stop" time="0.001" /><testcase classname="tests.qml.workflows.test_vertical_workflows.TestWorkflow10DeviceSync" name="test_wf10_device_state" time="0.000" /><testcase classname="tests.qml.workflows.test_vertical_workflows.TestWorkflow10DeviceSync" name="test_wf10_device_refresh" time="0.000" /><testcase classname="tests.qml.test_evidence_v5_baseline.TestShaConsistency" name="test_baseline_sha_matches_head" time="0.002" /><testcase classname="tests.qml.test_evidence_v5_baseline.TestShaConsistency" name="test_evidence_sha_matches_head" time="0.004" /><testcase classname="tests.qml.test_evidence_v5_baseline.TestShaConsistency" name="test_manifest_sha_matches_head" time="0.001" /><testcase classname="tests.qml.test_evidence_v5_baseline.TestWeights" name="test_dimension_weights_no_physical" time="0.000" /><testcase classname="tests.qml.test_evidence_v5_baseline.TestWeights" name="test_area_weights_sum_100" time="0.000" /><testcase classname="tests.qml.test_evidence_v5_baseline.TestWeights" name="test_no_physical_in_dimensions" time="0.000" /><testcase classname="tests.qml.test_evidence_v5_baseline.TestWeights" name="test_known_dimensions" time="0.000" /><testcase classname="tests.qml.test_evidence_v5_baseline.TestWeights" name="test_known_areas" time="0.000" /><testcase classname="tests.qml.test_evidence_v5_baseline.TestJunitParsing" name="test_junit_file_exists" time="0.000" /><testcase classname="tests.qml.test_evidence_v5_baseline.TestJunitParsing" name="test_junit_parses_tests" time="0.003" /><testcase classname="tests.qml.test_evidence_v5_baseline.TestJunitParsing" name="test_junit_has_testcases" time="0.002" /><testcase classname="tests.qml.test_evidence_v5_baseline.TestJunitParsing" name="test_junit_baseline_matches" time="0.002" /><testcase classname="tests.qml.test_evidence_v5_baseline.TestJunitParsing" name="test_junit_passed_failed_skipped" time="0.002" /><testcase classname="tests.qml.test_evidence_v5_baseline.TestModuleMarkers" name="test_evidence_has_marked_tests" time="0.002" /><testcase classname="tests.qml.test_evidence_v5_baseline.TestModuleMarkers" name="test_marked_tests_have_required_keys" time="0.002" /><testcase classname="tests.qml.test_evidence_v5_baseline.TestModuleMarkers" name="test_evidence_testcases_have_required_keys" time="0.002" /><testcase classname="tests.qml.test_evidence_v5_baseline.TestBaselineInfo" name="test_baseline_has_required_keys" time="0.000" /><testcase classname="tests.qml.test_evidence_v5_baseline.TestBaselineInfo" name="test_manifest_excludes_physical" time="0.000" /><testcase classname="tests.qml.test_qml_bridges" name="test_qml_main_exists" time="0.000" /><testcase classname="tests.qml.test_qml_bridges" name="test_michi_app_exists" time="0.000" /><testcase classname="tests.qml.test_qml_bridges" name="test_qmldir_exists" time="0.000" /><testcase classname="tests.qml.test_qml_bridges" name="test_theme_qmldir_exists" time="0.000" /><testcase classname="tests.qml.test_qml_bridges" name="test_theme_files" time="0.000" /><testcase classname="tests.qml.test_qml_bridges" name="test_materials_files" time="0.000" /><testcase classname="tests.qml.test_qml_bridges" name="test_components_files" time="0.000" /><testcase classname="tests.qml.test_qml_bridges" name="test_shell_files" time="0.000" /><testcase classname="tests.qml.test_qml_bridges" name="test_page_stack_contains_new_routes" time="0.000" /><testcase classname="tests.qml.test_qml_bridges" name="test_page_stack_references_exist" time="0.001" /><testcase classname="tests.qml.test_qml_bridges" name="test_qml_files_have_no_emoji_icons" time="0.037" /><testcase classname="tests.qml.test_qml_bridges" name="test_app_shell_titles_match_sidebar_routes" time="0.001" /><testcase classname="tests.qml.test_qml_bridges" name="test_sidebar_has_no_forbidden_routes" time="0.000" /><testcase classname="tests.qml.test_qml_bridges" name="test_sidebar_contains_radio_and_playlists" time="0.000" /><testcase classname="tests.qml.test_qml_bridges" name="test_sidebar_uses_michi_ai_label" time="0.000" /><testcase classname="tests.qml.test_qml_bridges" name="test_sidebar_contains_reproduccion_label" time="0.000" /><testcase classname="tests.qml.test_qml_bridges" name="test_sidebar_has_no_ajustes" time="0.000" /><testcase classname="tests.qml.test_qml_bridges" name="test_page_stack_has_explicit_radio_playlists" time="0.000" /><testcase classname="tests.qml.test_qml_bridges" name="test_sidebar_no_settings_ajustes" time="0.000" /><testcase classname="tests.qml.test_qml_bridges" name="test_sidebar_has_no_emoji_glyphs" time="0.001" /><testcase classname="tests.qml.test_qml_bridges" name="test_context_menu_has_no_emojis" time="0.000" /><testcase classname="tests.qml.test_qml_bridges" name="test_qml_main_importable" time="0.018" /><testcase classname="tests.qml.test_qml_bridges.TestAppBridge" name="test_instantiate" time="0.001" /><testcase classname="tests.qml.test_qml_bridges.TestAppBridge" name="test_quit_slot" time="0.001" /><testcase classname="tests.qml.test_qml_bridges.TestNavigationBridge" name="test_default_route" time="0.000" /><testcase classname="tests.qml.test_qml_bridges.TestNavigationBridge" name="test_navigate_changes_route" time="0.000" /><testcase classname="tests.qml.test_qml_bridges.TestNavigationBridge" name="test_same_route_no_change" time="0.000" /><testcase classname="tests.qml.test_qml_bridges.TestNavigationBridge" name="test_empty_route_falls_back" time="0.000" /><testcase classname="tests.qml.test_qml_bridges.TestNavigationBridge" name="test_invalid_route_falls_back" time="0.000" /><testcase classname="tests.qml.test_qml_bridges.TestNavigationBridge" name="test_navigate_slot" time="0.000" /><testcase classname="tests.qml.test_qml_bridges.TestNavigationBridge" name="test_navigate_radio_works" time="0.000" /><testcase classname="tests.qml.test_qml_bridges.TestNavigationBridge" name="test_navigate_playlists_works" time="0.000" /><testcase classname="tests.qml.test_qml_bridges.TestNavigationBridge" name="test_navigate_assistant_works" time="0.000" /><testcase classname="tests.qml.test_qml_bridges.TestNavigationBridge" name="test_navigate_settings_falls_to_placeholder" time="0.000" /><testcase classname="tests.qml.test_qml_bridges.TestNavigationBridge" name="test_navigate_michi_ai_falls_to_placeholder" time="0.000" /><testcase classname="tests.qml.test_qml_bridges.TestCommandBus" name="test_instantiate" time="0.000" /><testcase classname="tests.qml.test_qml_bridges.TestCommandBus" name="test_execute_does_not_crash" time="0.000" /><testcase classname="tests.qml.test_qml_bridges.TestThemeBridge" name="test_default_dark" time="0.000" /><testcase classname="tests.qml.test_qml_bridges.TestThemeBridge" name="test_set_light" time="0.011" /><testcase classname="tests.qml.test_qml_bridges.TestThemeBridge" name="test_set_dark" time="0.005" /><testcase classname="tests.qml.test_qml_bridges.TestHomeBridge" name="test_default_stats" time="0.000" /><testcase classname="tests.qml.test_qml_bridges.TestHomeBridge" name="test_set_library_stats" time="0.000" /><testcase classname="tests.qml.test_qml_bridges.TestHomeBridge" name="test_refresh_does_not_crash" time="0.000" /><testcase classname="tests.qml.test_qml_bridges.TestHomeBridge" name="test_set_library_stats_slot" time="0.000" /><testcase classname="tests.qml.test_qml_bridges.TestConnectionsBridge" name="test_default_state" time="0.000" /><testcase classname="tests.qml.test_qml_bridges.TestConnectionsBridge" name="test_scan_for_servers" time="0.000" /><testcase classname="tests.qml.test_qml_bridges.TestConnectionsBridge" name="test_add_manual_server" time="0.000" /><testcase classname="tests.qml.test_qml_bridges.TestConnectionsBridge" name="test_scan_slot" time="0.000" /><testcase classname="tests.qml.test_qml_bridges.TestConnectionsBridge" name="test_connect_manual_returns_dict" time="0.000" /><testcase classname="tests.qml.test_qml_bridges.TestConnectionsBridge" name="test_diagnose_returns_dict" time="0.000" /><testcase classname="tests.qml.test_qml_bridges.TestConnectionsBridge" name="test_disconnect_returns_dict" time="0.000" /><testcase classname="tests.qml.test_qml_bridges.TestConnectionsBridge" name="test_capabilities_list" time="0.000" /><testcase classname="tests.qml.test_qml_bridges.TestHomeAudioBridge" name="test_default_state" time="0.000" /><testcase classname="tests.qml.test_qml_bridges.TestHomeAudioBridge" name="test_configure_home_assistant_returns_dict" time="0.000" /><testcase classname="tests.qml.test_qml_bridges.TestHomeAudioBridge" name="test_open_diagnostics" time="0.000" /><testcase classname="tests.qml.test_qml_bridges.TestHomeAudioBridge" name="test_capabilities_no_controller" time="0.000" /><testcase classname="tests.qml.test_qml_bridges.TestSmartTaggingBridge" name="test_smart_tagging_importable" time="0.004" /><testcase classname="tests.qml.test_qml_bridges.TestSmartTaggingBridge" name="test_smart_tagging_scan_by_id_no_service" time="0.000" /><testcase classname="tests.qml.test_qml_bridges.TestSmartTaggingBridge" name="test_smart_tagging_apply_no_suggestions" time="0.000" /><testcase classname="tests.qml.test_qml_bridges.TestSmartTaggingBridge" name="test_refresh_returns_dict" time="0.000" /><testcase classname="tests.qml.test_qml_bridges.TestSmartTaggingBridge" name="test_discover_receivers_unsupported" time="0.000" /><testcase classname="tests.qml.test_qml_bridges.TestLibraryBridge" name="test_instantiate" time="0.001" /><testcase classname="tests.qml.test_qml_bridges.TestLibraryBridge" name="test_default_counts" time="0.000" /><testcase classname="tests.qml.test_qml_bridges.TestLibraryBridge" name="test_refresh_does_not_crash" time="0.001" /><testcase classname="tests.qml.test_qml_bridges.TestLibraryBridge" name="test_add_folder_empty_path" time="0.000" /><testcase classname="tests.qml.test_qml_bridges.TestLibraryBridge" name="test_add_folder_not_found" time="0.000" /><testcase classname="tests.qml.test_qml_bridges.TestLibraryBridge" name="test_add_folder_no_db" time="0.001" /><testcase classname="tests.qml.test_qml_bridges.TestLibraryBridge" name="test_add_media_empty" time="0.000" /><testcase classname="tests.qml.test_qml_bridges.TestLibraryBridge" name="test_add_media_not_found" time="0.000" /><testcase classname="tests.qml.test_qml_bridges.TestMichiAIBridge" name="test_instantiate" time="0.000" /><testcase classname="tests.qml.test_qml_bridges.TestMichiAIBridge" name="test_refresh_does_not_crash" time="0.000" /><testcase classname="tests.qml.test_qml_bridges.TestMichiAIBridge" name="test_send_message_returns_response" time="0.000" /><testcase classname="tests.qml.test_qml_bridges.TestMichiAIBridge" name="test_suggestions_after_refresh" time="0.000" /><testcase classname="tests.qml.test_qml_bridges.TestLibraryBridgeContract" name="test_importable_without_db" time="0.001" /><testcase classname="tests.qml.test_qml_bridges.TestLibraryBridgeContract" name="test_songs_property_returns_list" time="0.000" /><testcase classname="tests.qml.test_qml_bridges.TestLibraryBridgeContract" name="test_albums_property_returns_list" time="0.001" /><testcase classname="tests.qml.test_qml_bridges.TestLibraryBridgeContract" name="test_refresh_does_not_crash_without_db" time="0.001" /><testcase classname="tests.qml.test_qml_bridges.TestLibraryBridgeContract" name="test_play_song_delegates_to_player_service_with_metadata" time="0.001" /><testcase classname="tests.qml.test_qml_bridges.TestAlbumGrid" name="test_album_grid_qml_exists" time="0.000" /><testcase classname="tests.qml.test_qml_bridges.TestAlbumGrid" name="test_album_grid_uses_cover_bridge" time="0.000" /><testcase classname="tests.qml.test_qml_bridges.TestAlbumGrid" name="test_album_grid_no_emoji" time="0.075" /><testcase classname="tests.qml.test_qml_bridges.TestSongTable" name="test_song_table_qml_exists" time="0.000" /><testcase classname="tests.qml.test_qml_bridges.TestSongTable" name="test_song_table_structure" time="0.000" /><testcase classname="tests.qml.test_qml_bridges.TestCoverBridge" name="test_cover_bridge_importable" time="0.000" /><testcase classname="tests.qml.test_qml_bridges.TestCoverBridge" name="test_cover_bridge_has_paint" time="0.000" /><testcase classname="tests.qml.test_qml_bridges.TestCoverBridge" name="test_cover_bridge_cover_key_property" time="0.000" /><testcase classname="tests.qml.test_qml_bridges.TestCoverBridge" name="test_album_card_uses_cover_bridge" time="0.000" /><testcase classname="tests.qml.test_qml_bridges.TestCoverBridge" name="test_album_card_no_image_provider" time="0.000" /><testcase classname="tests.qml.test_qml_bridges.TestCoverBridge" name="test_album_card_no_parent_source" time="0.000" /><testcase classname="tests.qml.test_qml_bridges.TestCoverBridge" name="test_cover_bridge_no_bare_except_pass" time="0.000" /><testcase classname="tests.qml.test_qml_bridges.TestCoverBridge" name="test_cover_bridge_uses_qt_enums" time="0.000" /><testcase classname="tests.qml.test_qml_bridges.TestCoverBridge" name="test_cover_bridge_has_cache_limit" time="0.000" /><testcase classname="tests.qml.test_qml_bridges.TestCoverBridge" name="test_qml_main_registers_cover_bridge" time="0.000" /><testcase classname="tests.qml.test_qml_bridges.TestCoverBridge" name="test_cover_bridge_paint_no_db_load" time="0.000" /><testcase classname="tests.qml.test_qml_bridges.TestCoverBridge" name="test_cover_bridge_docstring_honest" time="0.000" /><testcase classname="tests.qml.test_qml_bridges.TestCoverBridge" name="test_no_broadcast_files_in_this_branch" time="0.003" /><testcase classname="tests.qml.test_qml_bridges.TestCoverBridge" name="test_sidebar_no_genres" time="0.000" /><testcase classname="tests.qml.test_qml_bridges.TestCoverBridge" name="test_navigation_bridge_rejects_genres" time="0.000" /><testcase classname="tests.qml.test_qml_bridges.TestCoverBridge" name="test_page_stack_no_genres" time="0.000" /><testcase classname="tests.qml.test_qml_bridges.TestCoverBridge" name="test_app_shell_no_genres_title" time="0.000" /><testcase classname="tests.qml.test_qml_bridges.TestMetadataBridge" name="test_metadata_bridge_exists" time="0.000" /><testcase classname="tests.qml.test_qml_bridges.TestMetadataBridge" name="test_metadata_bridge_properties" time="0.000" /><testcase classname="tests.qml.test_qml_bridges.TestMetadataBridge" name="test_metadata_bridge_load_empty_path" time="0.000" /><testcase classname="tests.qml.test_qml_bridges.TestMetadataBridge" name="test_metadata_bridge_clear" time="0.000" /><testcase classname="tests.qml.test_qml_bridges.TestMetadataBridge" name="test_metadata_bridge_load_not_found" time="0.000" /><testcase classname="tests.qml.test_qml_bridges.TestMetadataBridge" name="test_metadata_inspector_page_exists" time="0.000" /><testcase classname="tests.qml.test_qml_bridges.TestMetadataBridge" name="test_metadata_field_row_exists" time="0.000" /><testcase classname="tests.qml.test_qml_bridges.TestMetadataBridge" name="test_metadata_artwork_preview_exists" time="0.000" /><testcase classname="tests.qml.test_qml_bridges.TestMetadataBridge" name="test_navigation_bridge_accepts_metadata_inspector" time="0.000" /><testcase classname="tests.qml.test_qml_bridges.TestMetadataBridge" name="test_navigation_bridge_rejects_nowplaying" time="0.000" /><testcase classname="tests.qml.test_qml_bridges.TestMetadataBridge" name="test_no_nowplaying_page_in_qml_clean" time="0.000" /><testcase classname="tests.qml.test_qml_bridges.TestMetadataBridge" name="test_metadata_bridge_can_apply_false_without_selection" time="0.000" /><testcase classname="tests.qml.test_qml_bridges.TestMetadataBridge" name="test_metadata_bridge_can_apply_false_without_file" time="0.000" /><testcase classname="tests.qml.test_qml_bridges.TestMetadataBridge" name="test_metadata_bridge_save_changes_return_dict" time="0.000" /><testcase classname="tests.qml.test_qml_bridges.TestMetadataBridge" name="test_metadata_inspector_apply_button_disabled" time="0.000" /><testcase classname="tests.qml.test_qml_bridges.TestLibraryComponents" name="test_artist_card_exists" time="0.000" /><testcase classname="tests.qml.test_qml_bridges.TestLibraryComponents" name="test_artist_list_exists" time="0.000" /><testcase classname="tests.qml.test_qml_bridges.TestLibraryComponents" name="test_artist_detail_page_exists" time="0.000" /><testcase classname="tests.qml.test_qml_bridges.TestLibraryComponents" name="test_album_detail_page_exists" time="0.000" /><testcase classname="tests.qml.test_qml_bridges.TestLibraryComponents" name="test_folder_browser_exists" time="0.000" /><testcase classname="tests.qml.test_qml_bridges.TestLibraryComponents" name="test_library_page_has_artists_tab" time="0.000" /><testcase classname="tests.qml.test_qml_bridges.TestLibraryComponents" name="test_library_page_has_folders_tab" time="0.000" /><testcase classname="tests.qml.test_qml_bridges.TestLibraryComponents" name="test_library_bridge_has_artists_property" time="0.001" /><testcase classname="tests.qml.test_qml_bridges.TestLibraryComponents" name="test_library_bridge_has_folders_property" time="0.001" /><testcase classname="tests.qml.test_qml_bridges.TestLibraryComponents" name="test_library_bridge_has_filter_methods" time="0.000" /><testcase classname="tests.qml.test_qml_bridges.TestLibraryComponents" name="test_folder_browser_no_emojis" time="0.000" /><testcase classname="tests.qml.test_qml_bridges.TestLibraryComponents" name="test_album_grid_has_album_clicked_signal" time="0.000" /><testcase classname="tests.qml.test_qml_bridges.TestMixComponents" name="test_mix_bridge_importable" time="0.000" /><testcase classname="tests.qml.test_qml_bridges.TestMixComponents" name="test_mix_bridge_has_categories" time="0.000" /><testcase classname="tests.qml.test_qml_bridges.TestMixComponents" name="test_mix_bridge_load_mix" time="0.000" /><testcase classname="tests.qml.test_qml_bridges.TestMixComponents" name="test_mix_hub_page_exists" time="0.000" /><testcase classname="tests.qml.test_qml_bridges.TestMixComponents" name="test_mix_detail_page_exists" time="0.000" /><testcase classname="tests.qml.test_qml_bridges.TestMixComponents" name="test_mix_detail_route_in_navigation" time="0.000" /><testcase classname="tests.qml.test_qml_bridges.TestMixComponents" name="test_mix_detail_route_in_pagestack" time="0.000" /><testcase classname="tests.qml.test_qml_bridges.TestMixComponents" name="test_qml_main_registers_mix_bridge" time="0.000" /><testcase classname="tests.qml.test_qml_bridges.TestMixComponents" name="test_mix_favorites_uses_fav_db" time="0.000"><skipped type="pytest.skip" message="Requiere SQL real: MixQueryService">/home/cristian/music_player/tests/qml/test_qml_bridges.py:847: Requiere SQL real: MixQueryService</skipped></testcase><testcase classname="tests.qml.test_qml_bridges.TestMixComponents" name="test_mix_recent_uses_last_played" time="0.000"><skipped type="pytest.skip" message="Requiere SQL real: MixQueryService">/home/cristian/music_player/tests/qml/test_qml_bridges.py:868: Requiere SQL real: MixQueryService</skipped></testcase><testcase classname="tests.qml.test_qml_bridges.TestMixComponents" name="test_mix_unplayed_excludes_played" time="0.001"><skipped type="pytest.skip" message="Requiere SQL real: MixQueryService">/home/cristian/music_player/tests/qml/test_qml_bridges.py:887: Requiere SQL real: MixQueryService</skipped></testcase><testcase classname="tests.qml.test_qml_bridges.TestMixComponents" name="test_mix_most_played_orders_by_play_count" time="0.000"><skipped type="pytest.skip" message="Requiere SQL real: MixQueryService">/home/cristian/music_player/tests/qml/test_qml_bridges.py:905: Requiere SQL real: MixQueryService</skipped></testcase><testcase classname="tests.qml.test_qml_bridges.TestMixComponents" name="test_mix_daily_fallback_not_first_25" time="0.018" /><testcase classname="tests.qml.test_qml_bridges.TestMixComponents" name="test_mix_ai_requires_enabled" time="0.000" /><testcase classname="tests.qml.test_qml_bridges.TestMixComponents" name="test_mix_daily_uses_smart_mix_service" time="0.001" /><testcase classname="tests.qml.test_qml_bridges.TestPlaybackComponents" name="test_playback_bridge_importable" time="0.001" /><testcase classname="tests.qml.test_qml_bridges.TestPlaybackComponents" name="test_playback_page_exists" time="0.000" /><testcase classname="tests.qml.test_qml_bridges.TestPlaybackComponents" name="test_playback_bridge_has_properties" time="0.000" /><testcase classname="tests.qml.test_qml_bridges.TestRadioComponents" name="test_radio_page_exists" time="0.000" /><testcase classname="tests.qml.test_qml_bridges.TestRadioComponents" name="test_radio_route_in_pagestack" time="0.000" /><testcase classname="tests.qml.test_qml_bridges.TestRadioComponents" name="test_radio_bridge_edit_station" time="0.001" /><testcase classname="tests.qml.test_qml_bridges.TestRadioComponents" name="test_radio_bridge_edit_station_no_mgr" time="0.000" /><testcase classname="tests.qml.test_qml_bridges.TestRadioComponents" name="test_radio_bridge_toggle_favorite" time="0.001" /><testcase classname="tests.qml.test_qml_bridges.TestRadioComponents" name="test_radio_bridge_toggle_favorite_no_mgr" time="0.000" /><testcase classname="tests.qml.test_qml_bridges.TestRadioComponents" name="test_radio_bridge_search" time="0.002" /><testcase classname="tests.qml.test_qml_bridges.TestRadioComponents" name="test_radio_bridge_search_no_match" time="0.001" /><testcase classname="tests.qml.test_qml_bridges.TestSettingsComponents" name="test_settings_page_exists" time="0.000" /><testcase classname="tests.qml.test_qml_bridges.TestSettingsComponents" name="test_settings_route_in_navigation" time="0.000" /><testcase classname="tests.qml.test_qml_bridges.TestSettingsComponents" name="test_settings_route_in_pagestack" time="0.000" /><testcase classname="tests.qml.test_qml_bridges.TestNowPlayingBar" name="test_nowplaying_bar_exists" time="0.000" /><testcase classname="tests.qml.test_qml_bridges.TestNowPlayingBar" name="test_nowplaying_cover_exists" time="0.000" /><testcase classname="tests.qml.test_qml_bridges.TestNowPlayingBar" name="test_nowplaying_info_exists" time="0.000" /><testcase classname="tests.qml.test_qml_bridges.TestNowPlayingBar" name="test_nowplaying_controls_exists" time="0.000" /><testcase classname="tests.qml.test_qml_bridges.TestNowPlayingBar" name="test_nowplaying_seekbar_exists" time="0.000" /><testcase classname="tests.qml.test_qml_bridges.TestNowPlayingBar" name="test_nowplaying_volume_exists" time="0.000" /><testcase classname="tests.qml.test_qml_bridges.TestNowPlayingBar" name="test_appshell_has_nowplaying" time="0.000" /><testcase classname="tests.qml.test_qml_bridges.TestNowPlayingBar" name="test_nowplaying_bridge_importable" time="0.000" /><testcase classname="tests.qml.test_qml_bridges.TestNowPlayingBar" name="test_nowplaying_bridge_mirrors_player_signals" time="0.001" /><testcase classname="tests.qml.test_qml_bridges.TestNowPlayingBar" name="test_nowplaying_bridge_reads_current_track_object" time="0.001" /><testcase classname="tests.qml.test_qml_bridges.TestNowPlayingBar" name="test_nowplaying_bridge_commands_call_player_service" time="0.001" /><testcase classname="tests.qml.test_qml_bridges.TestNowPlayingBar" name="test_playback_bridge_has_nowplaying_props" time="0.000" /><testcase classname="tests.qml.test_qml_bridges.TestNowPlayingBar" name="test_playback_bridge_advanced_slots" time="0.000" /><testcase classname="tests.qml.test_qml_bridges.TestNowPlayingBar" name="test_nowplaying_bar_uses_nowplaying_bridge_first" time="0.000" /><testcase classname="tests.qml.test_qml_bridges.TestNowPlayingBar" name="test_nowplaying_bar_no_emojis" time="0.650" /><testcase classname="tests.qml.test_qml_bridges.TestLibraryQueryService" name="test_query_service_sort_whitelist" time="0.000" /><testcase classname="tests.qml.test_qml_bridges.TestLibraryQueryService" name="test_query_service_empty_db" time="0.002" /><testcase classname="tests.qml.test_qml_bridges.TestLibraryQueryService" name="test_query_service_search_backend_detection" time="0.001" /><testcase classname="tests.qml.test_qml_bridges.TestLibraryQueryService" name="test_track_model_has_correct_signals" time="0.000" /><testcase classname="tests.qml.test_qml_bridges.TestTrackListModel" name="test_track_model_importable" time="0.000" /><testcase classname="tests.qml.test_qml_bridges.TestTrackListModel" name="test_track_model_basic" time="0.000" /><testcase classname="tests.qml.test_qml_bridges.TestTrackListModel" name="test_album_model_importable" time="0.000" /><testcase classname="tests.qml.test_qml_bridges.TestTrackListModel" name="test_album_model_basic" time="0.000" /><testcase classname="tests.qml.test_qml_bridges.TestQueueListModel" name="test_queue_model_importable" time="0.000" /><testcase classname="tests.qml.test_qml_bridges.TestQueueListModel" name="test_queue_model_counts_empty" time="0.000" /><testcase classname="tests.qml.test_qml_bridges.TestQueueListModel" name="test_queue_bridge_importable" time="0.000" /><testcase classname="tests.qml.test_qml_bridges.TestQueueListModel" name="test_queue_bridge_refresh" time="0.000" /><testcase classname="tests.qml.test_qml_bridges.TestHistoryListModel" name="test_history_model_importable" time="0.001" /><testcase classname="tests.qml.test_qml_bridges.TestHistoryListModel" name="test_history_model_basic" time="0.000" /><testcase classname="tests.qml.test_qml_bridges.TestHistoryListModel" name="test_history_bridge_importable" time="0.001" /><testcase classname="tests.qml.test_qml_bridges.TestHistoryListModel" name="test_history_bridge_refresh" time="0.000" /><testcase classname="tests.qml.test_qml_bridges.TestHistoryListModel" name="test_history_bridge_clear_no_db" time="0.000" /><testcase classname="tests.qml.test_qml_bridges.TestEqBridge" name="test_eq_importable" time="0.001" /><testcase classname="tests.qml.test_qml_bridges.TestEqBridge" name="test_eq_apply_preset_no_player" time="0.000" /><testcase classname="tests.qml.test_qml_bridges.TestEqBridge" name="test_eq_toggle_bypass_no_player" time="0.000" /><testcase classname="tests.qml.test_qml_bridges.TestSettingsBridge" name="test_settings_importable" time="0.000" /><testcase classname="tests.qml.test_qml_bridges.TestSettingsBridge" name="test_settings_output_profiles" time="0.001" /><testcase classname="tests.qml.test_qml_bridges.TestLibraryDoctorBridge" name="test_library_doctor_importable" time="0.000" /><testcase classname="tests.qml.test_qml_bridges.TestPlaylistsFullBridge" name="test_playlists_bridge_duplicate" time="0.001" /><testcase classname="tests.qml.test_qml_bridges.TestPlaylistsFullBridge" name="test_playlists_bridge_clear" time="0.001" /><testcase classname="tests.qml.test_qml_bridges.TestPlaylistsFullBridge" name="test_playlists_bridge_save_queue_no_player" time="0.000" /><testcase classname="tests.qml.test_qml_bridges.TestPlaylistsFullBridge" name="test_playlists_bridge_m3u_import_not_found" time="0.000" /><testcase classname="tests.qml.test_qml_bridges.TestDevicesComponents" name="test_devices_page_exists" time="0.000" /><testcase classname="tests.qml.test_qml_bridges.TestDevicesComponents" name="test_device_card_exists" time="0.000" /><testcase classname="tests.qml.test_qml_bridges.TestDevicesComponents" name="test_sync_status_panel_exists" time="0.000" /><testcase classname="tests.qml.test_qml_bridges.TestDevicesComponents" name="test_devices_bridge_importable" time="0.000" /><testcase classname="tests.qml.test_qml_bridges.TestDevicesComponents" name="test_devices_route_in_pagestack" time="0.000" /><testcase classname="tests.qml.test_qml_bridges.TestDevicesComponents" name="test_devices_start_server_no_sync" time="0.000" /><testcase classname="tests.qml.test_qml_bridges.TestDevicesComponents" name="test_devices_stop_server_no_sync" time="0.000" /><testcase classname="tests.qml.test_qml_bridges.TestDevicesComponents" name="test_devices_refresh_no_sync" time="0.000" /><testcase classname="tests.qml.test_qml_bridges.TestPlaylistsComponents" name="test_playlists_page_real_exists" time="0.000" /><testcase classname="tests.qml.test_qml_bridges.TestPlaylistsComponents" name="test_playlist_card_exists" time="0.000" /><testcase classname="tests.qml.test_qml_bridges.TestPlaylistsComponents" name="test_playlist_detail_page_exists" time="0.000" /><testcase classname="tests.qml.test_qml_bridges.TestPlaylistsComponents" name="test_playlists_bridge_importable" time="0.000" /><testcase classname="tests.qml.test_qml_bridges.TestPlaylistsComponents" name="test_playlists_route_in_pagestack" time="0.000" /><testcase classname="tests.qml.test_qml_bridges.TestPlaylistsComponents" name="test_playlist_detail_route_in_pagestack" time="0.000" /><testcase classname="tests.qml.test_qml_bridges.TestContextMenu" name="test_song_context_menu_exists" time="0.000" /><testcase classname="tests.qml.test_qml_bridges.TestRadioBridgeIntegration" name="test_radio_bridge_importable" time="0.000" /><testcase classname="tests.qml.test_qml_bridges.TestRadioBridgeIntegration" name="test_radio_bridge_refresh" time="0.000" /><testcase classname="tests.qml.test_qml_bridges.TestRadioBridgeIntegration" name="test_radio_bridge_has_slots" time="0.000" /><testcase classname="tests.qml.test_qml_bridges.TestAudioLabIntegration" name="test_audio_lab_bridge_importable" time="0.000" /><testcase classname="tests.qml.test_qml_bridges.TestAudioLabIntegration" name="test_audio_lab_bridge_modules" time="0.000" /><testcase classname="tests.qml.test_qml_bridges.TestAudioLabIntegration" name="test_audio_lab_bridge_refresh" time="0.000" /><testcase classname="tests.qml.test_qml_bridges.TestDiscLabBridge" name="test_disc_lab_importable" time="0.001" /><testcase classname="tests.qml.test_qml_bridges.TestDiscLabBridge" name="test_disc_lab_unavailable_no_service" time="0.000" /><testcase classname="tests.qml.test_qml_bridges.TestDiscLabBridge" name="test_disc_lab_scan_no_disc" time="0.001" /><testcase classname="tests.qml.test_qml_bridges.TestDiscLabBridge" name="test_disc_lab_scan_with_tracks" time="0.001" /><testcase classname="tests.qml.test_qml_bridges.TestDiscLabBridge" name="test_disc_lab_eject" time="0.000" /><testcase classname="tests.qml.test_qml_bridges.TestSettingsBridgeIntegration" name="test_settings_bridge_importable" time="0.000" /><testcase classname="tests.qml.test_qml_bridges.TestSettingsBridgeIntegration" name="test_settings_bridge_sections" time="0.000" /><testcase classname="tests.qml.test_qml_bridges.TestConnectionsV2Bridge" name="test_connections_bridge_refresh" time="0.000" /><testcase classname="tests.qml.test_qml_bridges.TestConnectionsV2Bridge" name="test_connections_bridge_scan" time="0.000" /><testcase classname="tests.qml.test_qml_bridges.TestConnectionsV2Bridge" name="test_connections_bridge_no_demo_without_controller" time="0.000" /><testcase classname="tests.qml.test_qml_bridges.TestLyricsBridge" name="test_lyrics_idle_on_create" time="0.001" /><testcase classname="tests.qml.test_qml_bridges.TestLyricsBridge" name="test_lyrics_parse_lrc" time="0.000" /><testcase classname="tests.qml.test_qml_bridges.TestLyricsBridge" name="test_lyrics_parse_lrc_no_timestamp" time="0.000" /><testcase classname="tests.qml.test_qml_bridges.TestLyricsBridge" name="test_lyrics_cache_hit" time="0.000" /><testcase classname="tests.qml.test_qml_bridges.TestLyricsBridge" name="test_lyrics_cancel_search" time="0.000" /><testcase classname="tests.qml.test_qml_bridges.TestLyricsBridge" name="test_lyrics_clear_cache_for_track" time="0.000" /><testcase classname="tests.qml.test_qml_bridges.TestLyricsBridge" name="test_lyrics_search_manual_empty" time="0.000" /><testcase classname="tests.qml.test_qml_bridges.TestLyricsBridge" name="test_lyrics_search_current_track_no_np" time="0.000" /><testcase classname="tests.qml.test_qml_bridges.TestLyricsBridge" name="test_lyrics_get_active_line" time="0.000" /><testcase classname="tests.qml.test_qml_bridges.TestLyricsBridge" name="test_lyrics_get_active_line_empty" time="0.000" /><testcase classname="tests.qml.test_qml_bridges.TestLyricsBridge" name="test_lyrics_on_track_changed_noop_same_track" time="0.001" /><testcase classname="tests.qml.test_qml_bridges.TestHomeAudioV2Bridge" name="test_home_audio_bridge_refresh" time="0.000" /><testcase classname="tests.qml.test_qml_bridges.TestHomeAudioV2Bridge" name="test_home_audio_bridge_devices" time="0.000" /><testcase classname="tests.qml.test_qml_bridges.TestHomeAudioV2Bridge" name="test_home_audio_capabilities_no_controller" time="0.000" /><testcase classname="tests.qml.test_qml_bridges.TestHomeAudioV2Bridge" name="test_home_audio_configure_unsupported_without_ha" time="0.000" /><testcase classname="tests.qml.test_qml_bridges.TestHomeAudioV2Bridge" name="test_home_audio_discover_receivers_unsupported" time="0.000" /><testcase classname="tests.qml.test_qml_bridges.TestHomeAudioV2Bridge" name="test_home_audio_set_zone_volume_unsupported" time="0.000" /><testcase classname="tests.qml.test_qml_bridges.TestHomeAudioV2Bridge" name="test_home_audio_test_ha_unsupported" time="0.000" /><testcase classname="tests.qml.test_qml_bridges.TestHomeAudioV2Bridge" name="test_home_audio_assign_stream_unsupported" time="0.000" /><testcase classname="tests.qml.test_qml_bridges.TestHomeAudioV2Bridge" name="test_home_audio_bridge_with_ha_adapter" time="0.001" /><testcase classname="tests.qml.test_qml_bridges.TestHomeAudioV2Bridge" name="test_home_audio_bridge_with_snapcast_adapter" time="0.001" /><testcase classname="tests.qml.test_qml_bridges.TestHomeAudioV2Bridge" name="test_home_audio_bridge_configure_with_ha_adapter" time="0.001" /><testcase classname="tests.qml.test_qml_bridges.TestHomeAudioV2Bridge" name="test_home_audio_bridge_volume_with_snapcast" time="0.001" /><testcase classname="tests.qml.test_qml_bridges.TestActionRegistry" name="test_action_registry_importable" time="0.001" /><testcase classname="tests.qml.test_qml_bridges.TestActionRegistry" name="test_action_registry_contains_navigation" time="0.000" /><testcase classname="tests.qml.test_qml_bridges.TestActionRegistry" name="test_action_registry_execute_no_handler" time="0.000" /><testcase classname="tests.qml.test_qml_bridges.TestActionRegistry" name="test_action_registry_execute_not_found" time="0.000" /><testcase classname="tests.qml.test_qml_bridges.TestActionRegistry" name="test_action_registry_register" time="0.000" /><testcase classname="tests.qml.test_qml_bridges.TestGlobalSearchBridge" name="test_global_search_importable" time="0.000" /><testcase classname="tests.qml.test_qml_bridges.TestGlobalSearchBridge" name="test_global_search_empty_query" time="0.000" /><testcase classname="tests.qml.test_qml_bridges.TestGlobalSearchBridge" name="test_global_search_no_db_returns_empty" time="0.000" /><testcase classname="tests.qml.test_qml_bridges.TestJobBridge" name="test_job_bridge_importable" time="0.001" /><testcase classname="tests.qml.test_qml_bridges.TestJobBridge" name="test_job_bridge_unknown_job" time="0.000" /><testcase classname="tests.qml.test_qml_bridges.TestJobBridge" name="test_job_bridge_run_scan" time="0.001" /><testcase classname="tests.qml.test_qml_bridges.TestJobBridge" name="test_job_bridge_cancel" time="0.000" /><testcase classname="tests.qml.test_qml_bridges.TestJobBridge" name="test_job_bridge_cancel_not_found" time="0.000" /><testcase classname="tests.qml.test_qml_bridges.TestJobBridge" name="test_job_bridge_clear_completed" time="0.000" /><testcase classname="tests.qml.test_qml_bridges.TestLibrarySourcesBridge" name="test_library_sources_service_importable" time="0.001" /><testcase classname="tests.qml.test_qml_bridges.TestLibrarySourcesBridge" name="test_library_sources_service_add_remove" time="0.001" /><testcase classname="tests.qml.test_qml_bridges.TestLibrarySourcesBridge" name="test_library_sources_service_add_nonexistent" time="0.001" /><testcase classname="tests.qml.test_qml_bridges.TestLibrarySourcesBridge" name="test_library_sources_service_duplicate" time="0.001" /><testcase classname="tests.qml.test_qml_bridges.TestLibrarySourcesBridge" name="test_library_sources_bridge_importable" time="0.001" /><testcase classname="tests.qml.test_qml_bridges.TestLibrarySourcesBridge" name="test_library_sources_bridge_add_source" time="0.001" /><testcase classname="tests.qml.test_qml_bridges.TestLibrarySourcesBridge" name="test_library_sources_bridge_remove_missing" time="0.000" /><testcase classname="tests.qml.test_qml_bridges.TestLibrarySourcesBridge" name="test_library_sources_bridge_refresh" time="0.000" /><testcase classname="tests.qml.test_qml_bridges.TestRadioBridgeWithService" name="test_radio_bridge_with_manager" time="0.001" /><testcase classname="tests.qml.test_qml_bridges.TestMixBridgeWithService" name="test_mix_bridge_with_db" time="0.001" /><testcase classname="tests.qml.test_queue_persistence" name="test_queue_state_path_not_temp" time="0.000" /><testcase classname="tests.qml.test_queue_persistence" name="test_save_state" time="0.001" /><testcase classname="tests.qml.test_queue_persistence" name="test_save_state_includes_timestamp" time="0.001" /><testcase classname="tests.qml.test_queue_persistence" name="test_load_state_no_saved_state" time="0.000" /><testcase classname="tests.qml.test_queue_persistence" name="test_save_and_load_roundtrip" time="0.002" /><testcase classname="tests.qml.test_queue_persistence" name="test_save_empty_queue" time="0.002" /><testcase classname="tests.qml.test_queue_persistence" name="test_no_player_service" time="0.000" /><testcase classname="tests.qml.test_queue_persistence" name="test_save_state_persists_to_config_dir" time="0.034" /><testcase classname="tests.qml.test_queue_persistence" name="test_save_state_shuffle_repeat" time="0.001" /><testcase classname="tests.qml.test_queue_persistence" name="test_load_resolves_ids_to_tracks" time="0.002" /><testcase classname="tests.qml.test_hybrid_audit_execution" name="test_audit_returns_all_categories" time="0.324" /><testcase classname="tests.qml.test_hybrid_audit_execution" name="test_no_unsafe_hybrid_sql_in_non_repo_bridges" time="0.011"><failure message="AssertionError: SQL in non-repository bridges: {'ui_qml_bridge/diagnostics_repository.py'}&#10;assert 1 == 0&#10; +  where 1 = len({'ui_qml_bridge/diagnostics_repository.py'})">def test_no_unsafe_hybrid_sql_in_non_repo_bridges():
        items = _find_sql_in_bridges()
        bridge_files = {i["file"] for i in items}
        acceptable = {"ui_qml_bridge/library_doctor_bridge.py",
                      "ui_qml_bridge/library_query_service.py",
                      "ui_qml_bridge/diagnostics_bridge.py",
                      "ui_qml_bridge/history_bridge.py",
                      "ui_qml_bridge/global_search_bridge.py",
                      "ui_qml_bridge/library_bridge.py"}
        unacceptable = bridge_files - acceptable
&gt;       assert len(unacceptable) == 0, f"SQL in non-repository bridges: {unacceptable}"
E       AssertionError: SQL in non-repository bridges: {'ui_qml_bridge/diagnostics_repository.py'}
E       assert 1 == 0
E        +  where 1 = len({'ui_qml_bridge/diagnostics_repository.py'})

tests/qml/test_hybrid_audit_execution.py:38: AssertionError</failure></testcase><testcase classname="tests.qml.test_hybrid_audit_execution" name="test_no_ui_imports_in_bridges_except_service_loader" time="0.000" /><testcase classname="tests.qml.test_hybrid_audit_execution" name="test_no_qwidget_or_dialog_refs_in_bridges" time="0.009" /><testcase classname="tests.qml.test_hybrid_audit_execution" name="test_audit_detects_sql_in_bridges" time="0.011" /><testcase classname="tests.qml.test_hybrid_audit_execution" name="test_audit_detects_migration_pending" time="0.000" /><testcase classname="tests.qml.test_hybrid_audit_execution" name="test_audit_detects_duplicated_logic" time="0.000" /><testcase classname="tests.qml.test_hybrid_audit_execution" name="test_audit_detects_removable" time="0.000" /><testcase classname="tests.qml.test_hybrid_audit_execution" name="test_audit_report_generates_json" time="0.321" /><testcase classname="tests.qml.test_bridge_registration_complete" name="test_all_factory_bridges_have_context_binding" time="0.017" /><testcase classname="tests.qml.test_bridge_registration_complete" name="test_all_context_bindings_have_factory_bridge" time="0.003" /><testcase classname="tests.qml.test_bridge_registration_complete" name="test_context_bindings_match_factory_bridges" time="0.002" /><testcase classname="tests.qml.test_canonical_routes.TestNoDuplicateRoutes" name="test_no_duplicate_canonical_routes" time="0.000"><error message="failed on setup with &quot;ImportError: cannot import name 'ALIASES' from 'ui_qml_bridge.route_registry' (/home/cristian/music_player/ui_qml_bridge/route_registry.py)&quot;">@pytest.fixture
    def routes():
&gt;       from ui_qml_bridge.route_registry import ROUTES, ALIASES
E       ImportError: cannot import name 'ALIASES' from 'ui_qml_bridge.route_registry' (/home/cristian/music_player/ui_qml_bridge/route_registry.py)

tests/qml/test_canonical_routes.py:11: ImportError</error></testcase><testcase classname="tests.qml.test_canonical_routes.TestNoDuplicateRoutes" name="test_no_duplicate_titles" time="0.000"><error message="failed on setup with &quot;ImportError: cannot import name 'ALIASES' from 'ui_qml_bridge.route_registry' (/home/cristian/music_player/ui_qml_bridge/route_registry.py)&quot;">@pytest.fixture
    def routes():
&gt;       from ui_qml_bridge.route_registry import ROUTES, ALIASES
E       ImportError: cannot import name 'ALIASES' from 'ui_qml_bridge.route_registry' (/home/cristian/music_player/ui_qml_bridge/route_registry.py)

tests/qml/test_canonical_routes.py:11: ImportError</error></testcase><testcase classname="tests.qml.test_canonical_routes.TestNoDuplicateRoutes" name="test_all_canonical_routes_have_qml_files" time="0.000"><error message="failed on setup with &quot;ImportError: cannot import name 'ALIASES' from 'ui_qml_bridge.route_registry' (/home/cristian/music_player/ui_qml_bridge/route_registry.py)&quot;">@pytest.fixture
    def routes():
&gt;       from ui_qml_bridge.route_registry import ROUTES, ALIASES
E       ImportError: cannot import name 'ALIASES' from 'ui_qml_bridge.route_registry' (/home/cristian/music_player/ui_qml_bridge/route_registry.py)

tests/qml/test_canonical_routes.py:11: ImportError</error></testcase><testcase classname="tests.qml.test_canonical_routes.TestNoDuplicateRoutes" name="test_aliases_point_to_valid_canonical_routes" time="0.000"><error message="failed on setup with &quot;ImportError: cannot import name 'ALIASES' from 'ui_qml_bridge.route_registry' (/home/cristian/music_player/ui_qml_bridge/route_registry.py)&quot;">@pytest.fixture
    def routes():
&gt;       from ui_qml_bridge.route_registry import ROUTES, ALIASES
E       ImportError: cannot import name 'ALIASES' from 'ui_qml_bridge.route_registry' (/home/cristian/music_player/ui_qml_bridge/route_registry.py)

tests/qml/test_canonical_routes.py:11: ImportError</error></testcase><testcase classname="tests.qml.test_canonical_routes.TestNoDuplicateRoutes" name="test_no_alias_self_reference" time="0.000"><error message="failed on setup with &quot;ImportError: cannot import name 'ALIASES' from 'ui_qml_bridge.route_registry' (/home/cristian/music_player/ui_qml_bridge/route_registry.py)&quot;">@pytest.fixture
    def routes():
&gt;       from ui_qml_bridge.route_registry import ROUTES, ALIASES
E       ImportError: cannot import name 'ALIASES' from 'ui_qml_bridge.route_registry' (/home/cristian/music_player/ui_qml_bridge/route_registry.py)

tests/qml/test_canonical_routes.py:11: ImportError</error></testcase><testcase classname="tests.qml.test_canonical_routes.TestNoDuplicateRoutes" name="test_all_aliases_have_deprecated_flag" time="0.000"><error message="failed on setup with &quot;ImportError: cannot import name 'ALIASES' from 'ui_qml_bridge.route_registry' (/home/cristian/music_player/ui_qml_bridge/route_registry.py)&quot;">@pytest.fixture
    def routes():
&gt;       from ui_qml_bridge.route_registry import ROUTES, ALIASES
E       ImportError: cannot import name 'ALIASES' from 'ui_qml_bridge.route_registry' (/home/cristian/music_player/ui_qml_bridge/route_registry.py)

tests/qml/test_canonical_routes.py:11: ImportError</error></testcase><testcase classname="tests.qml.test_canonical_routes.TestNoDuplicateRoutes" name="test_all_old_slash_routes_have_aliases" time="0.000"><error message="failed on setup with &quot;ImportError: cannot import name 'ALIASES' from 'ui_qml_bridge.route_registry' (/home/cristian/music_player/ui_qml_bridge/route_registry.py)&quot;">@pytest.fixture
    def routes():
&gt;       from ui_qml_bridge.route_registry import ROUTES, ALIASES
E       ImportError: cannot import name 'ALIASES' from 'ui_qml_bridge.route_registry' (/home/cristian/music_player/ui_qml_bridge/route_registry.py)

tests/qml/test_canonical_routes.py:11: ImportError</error></testcase><testcase classname="tests.qml.test_canonical_routes.TestRouteParamsValidation" name="test_required_params_defined" time="0.000"><error message="failed on setup with &quot;ImportError: cannot import name 'ALIASES' from 'ui_qml_bridge.route_registry' (/home/cristian/music_player/ui_qml_bridge/route_registry.py)&quot;">@pytest.fixture
    def routes():
&gt;       from ui_qml_bridge.route_registry import ROUTES, ALIASES
E       ImportError: cannot import name 'ALIASES' from 'ui_qml_bridge.route_registry' (/home/cristian/music_player/ui_qml_bridge/route_registry.py)

tests/qml/test_canonical_routes.py:11: ImportError</error></testcase><testcase classname="tests.qml.test_canonical_routes.TestRouteParamsValidation" name="test_routes_with_params_have_detail_category" time="0.000"><error message="failed on setup with &quot;ImportError: cannot import name 'ALIASES' from 'ui_qml_bridge.route_registry' (/home/cristian/music_player/ui_qml_bridge/route_registry.py)&quot;">@pytest.fixture
    def routes():
&gt;       from ui_qml_bridge.route_registry import ROUTES, ALIASES
E       ImportError: cannot import name 'ALIASES' from 'ui_qml_bridge.route_registry' (/home/cristian/music_player/ui_qml_bridge/route_registry.py)

tests/qml/test_canonical_routes.py:11: ImportError</error></testcase><testcase classname="tests.qml.test_canonical_routes.TestRouteParamsValidation" name="test_detail_routes_have_required_params" time="0.000"><error message="failed on setup with &quot;ImportError: cannot import name 'ALIASES' from 'ui_qml_bridge.route_registry' (/home/cristian/music_player/ui_qml_bridge/route_registry.py)&quot;">@pytest.fixture
    def routes():
&gt;       from ui_qml_bridge.route_registry import ROUTES, ALIASES
E       ImportError: cannot import name 'ALIASES' from 'ui_qml_bridge.route_registry' (/home/cristian/music_player/ui_qml_bridge/route_registry.py)

tests/qml/test_canonical_routes.py:11: ImportError</error></testcase><testcase classname="tests.qml.test_canonical_routes.TestNoStatusField" name="test_valid_status_values" time="0.000"><error message="failed on setup with &quot;ImportError: cannot import name 'ALIASES' from 'ui_qml_bridge.route_registry' (/home/cristian/music_player/ui_qml_bridge/route_registry.py)&quot;">@pytest.fixture
    def routes():
&gt;       from ui_qml_bridge.route_registry import ROUTES, ALIASES
E       ImportError: cannot import name 'ALIASES' from 'ui_qml_bridge.route_registry' (/home/cristian/music_player/ui_qml_bridge/route_registry.py)

tests/qml/test_canonical_routes.py:11: ImportError</error></testcase><testcase classname="tests.qml.test_canonical_routes.TestNavigationBridge" name="test_navigation_bridge_resolves_aliases" time="0.000"><error message="failed on setup with &quot;ImportError: cannot import name 'ALIASES' from 'ui_qml_bridge.route_registry' (/home/cristian/music_player/ui_qml_bridge/route_registry.py)&quot;">@pytest.fixture
    def routes():
&gt;       from ui_qml_bridge.route_registry import ROUTES, ALIASES
E       ImportError: cannot import name 'ALIASES' from 'ui_qml_bridge.route_registry' (/home/cristian/music_player/ui_qml_bridge/route_registry.py)

tests/qml/test_canonical_routes.py:11: ImportError</error></testcase><testcase classname="tests.qml.test_canonical_routes.TestNavigationBridge" name="test_navigation_bridge_unknown_route_goes_to_placeholder" time="0.000" /><testcase classname="tests.qml.test_canonical_routes.TestNavigationBridge" name="test_navigation_bridge_empty_route_goes_to_home" time="0.000" /><testcase classname="tests.qml.test_dependency_graph_public_api" name="test_global_search_uses_public_query_executor_property" time="0.000" /><testcase classname="tests.qml.test_dependency_graph_public_api" name="test_diagnostics_uses_public_query_executor_property" time="0.000" /><testcase classname="tests.qml.test_dependency_graph_public_api" name="test_job_bridge_has_attach_library_coordinator" time="0.000" /><testcase classname="tests.qml.test_dependency_graph_public_api" name="test_assert_wiring_no_private_attr" time="0.002" /><testcase classname="tests.qml.test_dependency_graph_public_api" name="test_mix_bridge_receives_query_service" time="0.001" /><testcase classname="tests.qml.test_dependency_graph_public_api" name="test_playlists_bridge_receives_playlist_service" time="0.001" /></testsuite></testsuites>